<html>
<head>
<title>TestNG:  NB Air</title>
<link href="../testng.css" rel="stylesheet" type="text/css" />
<link href="../my-testng.css" rel="stylesheet" type="text/css" />

<style type="text/css">
.log { display: none;} 
.stack-trace { display: none;} 
</style>
<script type="text/javascript">
<!--
function flip(e) {
  current = e.style.display;
  if (current == 'block') {
    e.style.display = 'none';
    return 0;
  }
  else {
    e.style.display = 'block';
    return 1;
  }
}

function toggleBox(szDivId, elem, msg1, msg2)
{
  var res = -1;  if (document.getElementById) {
    res = flip(document.getElementById(szDivId));
  }
  else if (document.all) {
    // this is the way old msie versions work
    res = flip(document.all[szDivId]);
  }
  if(elem) {
    if(res == 0) elem.innerHTML = msg1; else elem.innerHTML = msg2;
  }

}

function toggleAllBoxes() {
  if (document.getElementsByTagName) {
    d = document.getElementsByTagName('div');
    for (i = 0; i < d.length; i++) {
      if (d[i].className == 'log') {
        flip(d[i]);
      }
    }
  }
}

// -->
</script>

</head>
<body>
<h2 align='center'>NB Air</h2><table border='1' align="center">
<tr>
<td>Tests passed/Failed/Skipped:</td><td>0/1/1</td>
</tr><tr>
<td>Started on:</td><td>Wed Mar 13 16:45:27 IST 2019</td>
</tr>
<tr><td>Total time:</td><td>640 seconds (640792 ms)</td>
</tr><tr>
<td>Included groups:</td><td></td>
</tr><tr>
<td>Excluded groups:</td><td></td>
</tr>
</table><p/>
<small><i>(Hover the method name to see the test class name)</i></small><p/>
<table width='100%' border='1' class='invocation-failed'>
<tr><td colspan='4' align='center'><b>FAILED TESTS</b></td></tr>
<tr><td><b>Test method</b></td>
<td width="30%"><b>Exception</b></td>
<td width="10%"><b>Time (seconds)</b></td>
<td><b>Instance</b></td>
</tr>
<tr>
<td title='testScriptsPayments.AirDom_OW_GDS_NB_Retry_CCBooking.airDom_OW_GDS_NB_Retry_CCBooking_153()'><b>airDom_OW_GDS_NB_Retry_CCBooking_153</b><br>Test class: testScriptsPayments.AirDom_OW_GDS_NB_Retry_CCBooking<br>Parameters: [Ljava.lang.String;@70507a2e, [Ljava.lang.String;@7d2a8cb7, Flights, OneWay, , , , 1, 0, 0, credit card, false<br/>
<a href="#Output-1636573409" onClick='toggleBox("Output-1636573409", this, "Show output", "Hide output");'>Show output</a>

<a href="#Output-1636573409" onClick="toggleAllBoxes();">Show all outputs</a>
<div class='log' id="Output-1636573409">
Search URL is : https://www.cleartrip.com/flights/results?from=BOM&to=DEL&depart_date=10/04/2019&adults=1&childs=0&infants=0&class=Economy&airline=&carrier=&intl=n&sd=1552475802645<br/>
<p>Element not visible after waitng for10seconds.</p><br/>
<p>Element not visible after waitng for10seconds.</p><br/>
<p>Insurance is not selected.</p><br/>
<p>Review itinerary loaded</p><br/>
<p>Adding traveller Details</p><br/>
<p>Traveller details Step reached</p><br/>
<p>Pax entry for LCC Flight Combination</p><br/>
<p>NB Tab present</p><br/>
<p>Net Banking Site Reached</p><br/>
<p>Successfully arrived on Payment retry page from NB</p><br/>
<p>Payment method not found</p><br/>
Flight full error popped up. Re starting book process. Attempt number: 1<br/>
Search URL is : https://www.cleartrip.com/flights/results?from=DEL&to=BOM&depart_date=10/08/2019&adults=1&childs=0&infants=0&class=Economy&airline=&carrier=&intl=n&sd=1552476034130<br/>
<p>Element not visible after waitng for10seconds.</p><br/>
<p>Element not visible after waitng for10seconds.</p><br/>
<p>Insurance is not selected.</p><br/>
<p>Review itinerary loaded</p><br/>
<p>Adding traveller Details</p><br/>
<p>Traveller details Step reached</p><br/>
<p>Pax entry for LCC Flight Combination</p><br/>
<p>NB Tab present</p><br/>
<p>Net Banking Site Reached</p><br/>
<p>Successfully arrived on Payment retry page from NB</p><br/>
<p>Payment method not found</p><br/>
Flight full error popped up. Re starting book process. Attempt number: 2<br/>
Search URL is : https://www.cleartrip.com/<br/>
<p>Element not visible after waitng for60seconds.</p><br/>
<p>Error! Search not happening. Stuck at getting flight details!</p><br/>
No results found for this search. Making another attempt with different sectors.<br/>
</div>
</td>
<td><div><pre>java.lang.AssertionError: Booking failed after 3 attempts
	at testScriptsPayments.AirDom_OW_GDS_NB_Retry_CCBooking.airDom_OW_GDS_NB_Retry_CCBooking_153(AirDom_OW_GDS_NB_Retry_CCBooking.java:128)
	at java.util.concurrent.FutureTask.run(Unknown Source)
	at java.util.concurrent.ThreadPoolExecutor.runWorker(Unknown Source)
	at java.util.concurrent.ThreadPoolExecutor$Worker.run(Unknown Source)
	at java.lang.Thread.run(Unknown Source)
... Removed 18 stack frames</pre></div><a href='#' onClick='toggleBox("stack-trace1636573409", this, "Click to show all stack frames", "Click to hide stack frames")'>Click to show all stack frames</a>
<div class='stack-trace' id='stack-trace1636573409'><pre>java.lang.AssertionError: Booking failed after 3 attempts
	at org.testng.AssertJUnit.fail(AssertJUnit.java:59)
	at org.testng.AssertJUnit.assertTrue(AssertJUnit.java:24)
	at testScriptsPayments.AirDom_OW_GDS_NB_Retry_CCBooking.airDom_OW_GDS_NB_Retry_CCBooking_153(AirDom_OW_GDS_NB_Retry_CCBooking.java:128)
	at sun.reflect.NativeMethodAccessorImpl.invoke0(Native Method)
	at sun.reflect.NativeMethodAccessorImpl.invoke(Unknown Source)
	at sun.reflect.DelegatingMethodAccessorImpl.invoke(Unknown Source)
	at java.lang.reflect.Method.invoke(Unknown Source)
	at org.testng.internal.MethodInvocationHelper.invokeMethod(MethodInvocationHelper.java:104)
	at org.testng.internal.Invoker.invokeMethod(Invoker.java:645)
	at org.testng.internal.Invoker.retryFailed(Invoker.java:998)
	at org.testng.internal.Invoker.invokeTestMethods(Invoker.java:1200)
	at org.testng.internal.TestMethodWorker.invokeTestMethods(TestMethodWorker.java:129)
	at org.testng.internal.TestMethodWorker.run(TestMethodWorker.java:112)
	at org.testng.TestRunner.privateRun(TestRunner.java:756)
	at org.testng.TestRunner.run(TestRunner.java:610)
	at org.testng.SuiteRunner.runTest(SuiteRunner.java:387)
	at org.testng.SuiteRunner.access$000(SuiteRunner.java:39)
	at org.testng.SuiteRunner$SuiteWorker.run(SuiteRunner.java:421)
	at org.testng.internal.thread.ThreadUtil$2.call(ThreadUtil.java:64)
	at java.util.concurrent.FutureTask.run(Unknown Source)
	at java.util.concurrent.ThreadPoolExecutor.runWorker(Unknown Source)
	at java.util.concurrent.ThreadPoolExecutor$Worker.run(Unknown Source)
	at java.lang.Thread.run(Unknown Source)
</pre></div></td>
<td>576</td>
<td>testScriptsPayments.AirDom_OW_GDS_NB_Retry_CCBooking@49070868</td></tr>
</table><p>
<table width='100%' border='1' class='invocation-skipped'>
<tr><td colspan='4' align='center'><b>SKIPPED TESTS</b></td></tr>
<tr><td><b>Test method</b></td>
<td width="30%"><b>Exception</b></td>
<td width="10%"><b>Time (seconds)</b></td>
<td><b>Instance</b></td>
</tr>
<tr>
<td title='testScriptsPayments.AirDom_OW_GDS_NB_Retry_CCBooking.airDom_OW_GDS_NB_Retry_CCBooking_153()'><b>airDom_OW_GDS_NB_Retry_CCBooking_153</b><br>Test class: testScriptsPayments.AirDom_OW_GDS_NB_Retry_CCBooking<br>Parameters: [Ljava.lang.String;@4586b59c, [Ljava.lang.String;@66d2e82, Flights, OneWay, , , , 1, 0, 0, credit card, false</td>
<td><div><pre>org.openqa.selenium.TimeoutException: Expected condition failed: waiting for element to be clickable: By.xpath: //body/ul/li/a (tried for 10 second(s) with 500 MILLISECONDS interval)
Build info: version: &apos;3.4.0&apos;, revision: &apos;unknown&apos;, time: &apos;unknown&apos;
System info: host: &apos;SYSADM-PC&apos;, ip: &apos;169.254.10.145&apos;, os.name: &apos;Windows 7&apos;, os.arch: &apos;amd64&apos;, os.version: &apos;6.1&apos;, java.version: &apos;1.8.0_191&apos;
Driver info: org.openqa.selenium.chrome.ChromeDriver
Capabilities [{applicationCacheEnabled=false, rotatable=false, mobileEmulationEnabled=false, networkConnectionEnabled=false, chrome={chromedriverVersion=2.35.528161 (5b82f2d2aae0ca24b877009200ced9065a772e73), userDataDir=C:\Users\VARALA~1\AppData\Local\Temp\scoped_dir6284_15746}, takesHeapSnapshot=true, pageLoadStrategy=normal, databaseEnabled=false, handlesAlerts=true, hasTouchScreen=false, version=72.0.3626.121, platform=XP, browserConnectionEnabled=false, nativeEvents=true, acceptSslCerts=false, acceptInsecureCerts=false, locationContextEnabled=true, webStorageEnabled=true, browserName=chrome, takesScreenshot=true, javascriptEnabled=true, cssSelectorsEnabled=true, setWindowRect=true, unexpectedAlertBehaviour=}]
Session ID: 0005654ecb6b3b670c621de4cbcb9e7c
	at org.openqa.selenium.support.ui.WebDriverWait.timeoutException(WebDriverWait.java:80)
	at org.openqa.selenium.support.ui.FluentWait.until(FluentWait.java:232)
	at commonServices.WrapperMethod.safeAutocomplete(WrapperMethod.java:1658)
	at domainServices.AirCommonMethod.airCom_HomepageSearch_Oneway(AirCommonMethod.java:1938)
	at testScriptsPayments.AirDom_OW_GDS_NB_Retry_CCBooking.airDom_OW_GDS_NB_Retry_CCBooking_153(AirDom_OW_GDS_NB_Retry_CCBooking.java:65)
	at java.util.concurrent.FutureTask.run(Unknown Source)
	at java.util.concurrent.ThreadPoolExecutor.runWorker(Unknown Source)
	at java.util.concurrent.ThreadPoolExecutor$Worker.run(Unknown Source)
	at java.lang.Thread.run(Unknown Source)
... Removed 16 stack frames</pre></div><a href='#' onClick='toggleBox("stack-trace781061070", this, "Click to show all stack frames", "Click to hide stack frames")'>Click to show all stack frames</a>
<div class='stack-trace' id='stack-trace781061070'><pre>org.openqa.selenium.TimeoutException: Expected condition failed: waiting for element to be clickable: By.xpath: //body/ul/li/a (tried for 10 second(s) with 500 MILLISECONDS interval)
Build info: version: &apos;3.4.0&apos;, revision: &apos;unknown&apos;, time: &apos;unknown&apos;
System info: host: &apos;SYSADM-PC&apos;, ip: &apos;169.254.10.145&apos;, os.name: &apos;Windows 7&apos;, os.arch: &apos;amd64&apos;, os.version: &apos;6.1&apos;, java.version: &apos;1.8.0_191&apos;
Driver info: org.openqa.selenium.chrome.ChromeDriver
Capabilities [{applicationCacheEnabled=false, rotatable=false, mobileEmulationEnabled=false, networkConnectionEnabled=false, chrome={chromedriverVersion=2.35.528161 (5b82f2d2aae0ca24b877009200ced9065a772e73), userDataDir=C:\Users\VARALA~1\AppData\Local\Temp\scoped_dir6284_15746}, takesHeapSnapshot=true, pageLoadStrategy=normal, databaseEnabled=false, handlesAlerts=true, hasTouchScreen=false, version=72.0.3626.121, platform=XP, browserConnectionEnabled=false, nativeEvents=true, acceptSslCerts=false, acceptInsecureCerts=false, locationContextEnabled=true, webStorageEnabled=true, browserName=chrome, takesScreenshot=true, javascriptEnabled=true, cssSelectorsEnabled=true, setWindowRect=true, unexpectedAlertBehaviour=}]
Session ID: 0005654ecb6b3b670c621de4cbcb9e7c
	at org.openqa.selenium.support.ui.WebDriverWait.timeoutException(WebDriverWait.java:80)
	at org.openqa.selenium.support.ui.FluentWait.until(FluentWait.java:232)
	at commonServices.WrapperMethod.safeAutocomplete(WrapperMethod.java:1658)
	at domainServices.AirCommonMethod.airCom_HomepageSearch_Oneway(AirCommonMethod.java:1938)
	at testScriptsPayments.AirDom_OW_GDS_NB_Retry_CCBooking.airDom_OW_GDS_NB_Retry_CCBooking_153(AirDom_OW_GDS_NB_Retry_CCBooking.java:65)
	at sun.reflect.NativeMethodAccessorImpl.invoke0(Native Method)
	at sun.reflect.NativeMethodAccessorImpl.invoke(Unknown Source)
	at sun.reflect.DelegatingMethodAccessorImpl.invoke(Unknown Source)
	at java.lang.reflect.Method.invoke(Unknown Source)
	at org.testng.internal.MethodInvocationHelper.invokeMethod(MethodInvocationHelper.java:104)
	at org.testng.internal.Invoker.invokeMethod(Invoker.java:645)
	at org.testng.internal.Invoker.invokeTestMethod(Invoker.java:851)
	at org.testng.internal.Invoker.invokeTestMethods(Invoker.java:1177)
	at org.testng.internal.TestMethodWorker.invokeTestMethods(TestMethodWorker.java:129)
	at org.testng.internal.TestMethodWorker.run(TestMethodWorker.java:112)
	at org.testng.TestRunner.privateRun(TestRunner.java:756)
	at org.testng.TestRunner.run(TestRunner.java:610)
	at org.testng.SuiteRunner.runTest(SuiteRunner.java:387)
	at org.testng.SuiteRunner.access$000(SuiteRunner.java:39)
	at org.testng.SuiteRunner$SuiteWorker.run(SuiteRunner.java:421)
	at org.testng.internal.thread.ThreadUtil$2.call(ThreadUtil.java:64)
	at java.util.concurrent.FutureTask.run(Unknown Source)
	at java.util.concurrent.ThreadPoolExecutor.runWorker(Unknown Source)
	at java.util.concurrent.ThreadPoolExecutor$Worker.run(Unknown Source)
	at java.lang.Thread.run(Unknown Source)
</pre></div></td>
<td>51</td>
<td>testScriptsPayments.AirDom_OW_GDS_NB_Retry_CCBooking@49070868</td></tr>
</table><p>
</body>
</html>