<html>
<head>
<title>TestNG:  Payment 3rd Party Wallets</title>
<link href="../testng.css" rel="stylesheet" type="text/css" />
<link href="../my-testng.css" rel="stylesheet" type="text/css" />

<style type="text/css">
.log { display: none;} 
.stack-trace { display: none;} 
</style>
<script type="text/javascript">
<!--
function flip(e) {
  current = e.style.display;
  if (current == 'block') {
    e.style.display = 'none';
    return 0;
  }
  else {
    e.style.display = 'block';
    return 1;
  }
}

function toggleBox(szDivId, elem, msg1, msg2)
{
  var res = -1;  if (document.getElementById) {
    res = flip(document.getElementById(szDivId));
  }
  else if (document.all) {
    // this is the way old msie versions work
    res = flip(document.all[szDivId]);
  }
  if(elem) {
    if(res == 0) elem.innerHTML = msg1; else elem.innerHTML = msg2;
  }

}

function toggleAllBoxes() {
  if (document.getElementsByTagName) {
    d = document.getElementsByTagName('div');
    for (i = 0; i < d.length; i++) {
      if (d[i].className == 'log') {
        flip(d[i]);
      }
    }
  }
}

// -->
</script>

</head>
<body>
<h2 align='center'>Payment 3rd Party Wallets</h2><table border='1' align="center">
<tr>
<td>Tests passed/Failed/Skipped:</td><td>4/3/4</td>
</tr><tr>
<td>Started on:</td><td>Wed Mar 13 16:45:27 IST 2019</td>
</tr>
<tr><td>Total time:</td><td>444 seconds (444065 ms)</td>
</tr><tr>
<td>Included groups:</td><td></td>
</tr><tr>
<td>Excluded groups:</td><td></td>
</tr>
</table><p/>
<small><i>(Hover the method name to see the test class name)</i></small><p/>
<table width='100%' border='1' class='invocation-failed'>
<tr><td colspan='4' align='center'><b>FAILED TESTS</b></td></tr>
<tr><td><b>Test method</b></td>
<td width="30%"><b>Exception</b></td>
<td width="10%"><b>Time (seconds)</b></td>
<td><b>Instance</b></td>
</tr>
<tr>
<td title='testScriptsIndiaHotels.HotelCom_Payment_Wallet_JioMoney.HotelComJioMoney()'><b>HotelComJioMoney</b><br>Test class: testScriptsIndiaHotels.HotelCom_Payment_Wallet_JioMoney<br/>
<a href="#Output-1277383514" onClick='toggleBox("Output-1277383514", this, "Show output", "Hide output");'>Show output</a>

<a href="#Output-1277383514" onClick="toggleAllBoxes();">Show all outputs</a>
<div class='log' id="Output-1277383514">
<p>https://www.cleartrip.com/hotels/details/2629192?c=020519|030519&r=2,0-5</p><br/>
<p>Itinerary Page has not loaded :( :( :( :( :( :( :(</p><br/>
<p>https://www.cleartrip.com/hotels/details/2629192?c=020519|030519&r=2,0-5</p><br/>
Hotel Book Step1 / Itinerary Page is not displayed<br/>
Itinerary page / button not dispalyed<br/>
</div>
</td>
<td><div><pre>java.lang.AssertionError: expected [true] but found [false]
	at domainServices.IndiaHotels.hotelCom_ItineraryPage(IndiaHotels.java:2535)
	at testScriptsIndiaHotels.HotelCom_Payment_Wallet_JioMoney.HotelComJioMoney(HotelCom_Payment_Wallet_JioMoney.java:22)
	at java.util.concurrent.ThreadPoolExecutor.runWorker(Unknown Source)
	at java.util.concurrent.ThreadPoolExecutor$Worker.run(Unknown Source)
	at java.lang.Thread.run(Unknown Source)
... Removed 14 stack frames</pre></div><a href='#' onClick='toggleBox("stack-trace1277383514", this, "Click to show all stack frames", "Click to hide stack frames")'>Click to show all stack frames</a>
<div class='stack-trace' id='stack-trace1277383514'><pre>java.lang.AssertionError: expected [true] but found [false]
	at org.testng.Assert.fail(Assert.java:94)
	at org.testng.Assert.failNotEquals(Assert.java:513)
	at org.testng.Assert.assertTrue(Assert.java:42)
	at org.testng.Assert.assertTrue(Assert.java:52)
	at domainServices.IndiaHotels.hotelCom_ItineraryPage(IndiaHotels.java:2535)
	at testScriptsIndiaHotels.HotelCom_Payment_Wallet_JioMoney.HotelComJioMoney(HotelCom_Payment_Wallet_JioMoney.java:22)
	at sun.reflect.NativeMethodAccessorImpl.invoke0(Native Method)
	at sun.reflect.NativeMethodAccessorImpl.invoke(Unknown Source)
	at sun.reflect.DelegatingMethodAccessorImpl.invoke(Unknown Source)
	at java.lang.reflect.Method.invoke(Unknown Source)
	at org.testng.internal.MethodInvocationHelper.invokeMethod(MethodInvocationHelper.java:104)
	at org.testng.internal.Invoker.invokeMethod(Invoker.java:645)
	at org.testng.internal.Invoker.retryFailed(Invoker.java:998)
	at org.testng.internal.Invoker.invokeTestMethods(Invoker.java:1200)
	at org.testng.internal.TestMethodWorker.invokeTestMethods(TestMethodWorker.java:129)
	at org.testng.internal.TestMethodWorker.run(TestMethodWorker.java:112)
	at java.util.concurrent.ThreadPoolExecutor.runWorker(Unknown Source)
	at java.util.concurrent.ThreadPoolExecutor$Worker.run(Unknown Source)
	at java.lang.Thread.run(Unknown Source)
</pre></div></td>
<td>73</td>
<td>testScriptsIndiaHotels.HotelCom_Payment_Wallet_JioMoney@1442d7b5</td></tr>
<tr>
<td title='testScriptsIndiaHotels.HotelCom_Payment_Wallet_PayTM.HotelComPayTM__517()'><b>HotelComPayTM__517</b><br>Test class: testScriptsIndiaHotels.HotelCom_Payment_Wallet_PayTM<br>Parameters: New Delhi, 14, 15, 1, 1, 2, 3, 2, 0, 0, 0, 0, , PAYTM, Hotel PayTM TripID : , Your booking is done<br/>
<a href="#Output-1934387199" onClick='toggleBox("Output-1934387199", this, "Show output", "Hide output");'>Show output</a>

<a href="#Output-1934387199" onClick="toggleAllBoxes();">Show all outputs</a>
<div class='log' id="Output-1934387199">
<p>https://www.cleartrip.com/hotels/details/2629192?c=020519|030519&r=2,0-5</p><br/>
<p>https://www.cleartrip.com/hotels/itinerary/75ba57eb6f-1ce4-4fcc-b213-f593bbf5cc4b/review</p><br/>
SignIN @ BookStep2 with Cleartrip Account<br/>
Payment Type is : PayTM<br/>
PayTM Page is not displayed<br/>
</div>
</td>
<td><div><pre>java.lang.AssertionError: expected [true] but found [false]
	at domainServices.IndiaHotels.hotelCom_PaymentPage(IndiaHotels.java:3433)
	at testScriptsIndiaHotels.HotelCom_Payment_Wallet_PayTM.HotelComPayTM__517(HotelCom_Payment_Wallet_PayTM.java:28)
	at java.util.concurrent.ThreadPoolExecutor.runWorker(Unknown Source)
	at java.util.concurrent.ThreadPoolExecutor$Worker.run(Unknown Source)
	at java.lang.Thread.run(Unknown Source)
... Removed 14 stack frames</pre></div><a href='#' onClick='toggleBox("stack-trace1934387199", this, "Click to show all stack frames", "Click to hide stack frames")'>Click to show all stack frames</a>
<div class='stack-trace' id='stack-trace1934387199'><pre>java.lang.AssertionError: expected [true] but found [false]
	at org.testng.Assert.fail(Assert.java:94)
	at org.testng.Assert.failNotEquals(Assert.java:513)
	at org.testng.Assert.assertTrue(Assert.java:42)
	at org.testng.Assert.assertTrue(Assert.java:52)
	at domainServices.IndiaHotels.hotelCom_PaymentPage(IndiaHotels.java:3433)
	at testScriptsIndiaHotels.HotelCom_Payment_Wallet_PayTM.HotelComPayTM__517(HotelCom_Payment_Wallet_PayTM.java:28)
	at sun.reflect.NativeMethodAccessorImpl.invoke0(Native Method)
	at sun.reflect.NativeMethodAccessorImpl.invoke(Unknown Source)
	at sun.reflect.DelegatingMethodAccessorImpl.invoke(Unknown Source)
	at java.lang.reflect.Method.invoke(Unknown Source)
	at org.testng.internal.MethodInvocationHelper.invokeMethod(MethodInvocationHelper.java:104)
	at org.testng.internal.Invoker.invokeMethod(Invoker.java:645)
	at org.testng.internal.Invoker.retryFailed(Invoker.java:998)
	at org.testng.internal.Invoker.invokeTestMethods(Invoker.java:1200)
	at org.testng.internal.TestMethodWorker.invokeTestMethods(TestMethodWorker.java:129)
	at org.testng.internal.TestMethodWorker.run(TestMethodWorker.java:112)
	at java.util.concurrent.ThreadPoolExecutor.runWorker(Unknown Source)
	at java.util.concurrent.ThreadPoolExecutor$Worker.run(Unknown Source)
	at java.lang.Thread.run(Unknown Source)
</pre></div></td>
<td>80</td>
<td>testScriptsIndiaHotels.HotelCom_Payment_Wallet_PayTM@76a4d6c</td></tr>
<tr>
<td title='testScriptsIndiaHotels.HotelCom_Payment_Wallet_PayU.HotelComPayU()'><b>HotelComPayU</b><br>Test class: testScriptsIndiaHotels.HotelCom_Payment_Wallet_PayU<br/>
<a href="#Output-654984655" onClick='toggleBox("Output-654984655", this, "Show output", "Hide output");'>Show output</a>

<a href="#Output-654984655" onClick="toggleAllBoxes();">Show all outputs</a>
<div class='log' id="Output-654984655">
<p>https://www.cleartrip.com/hotels/details/379078?c=020519|030519&r=2,0-5</p><br/>
<p>https://www.cleartrip.com/hotels/itinerary/75599131cc-e26d-431e-bdf7-8fd8fbe5ab2c/review</p><br/>
SignIN @ BookStep2 with Cleartrip Account<br/>
Payment Type is : PayU<br/>
<p>Login Button PayU is not displayed in the page</p><br/>
</div>
</td>
<td><div><pre>java.lang.AssertionError: Failure!
	at commonServices.WrapperMethod.elementPresent_log(WrapperMethod.java:965)
	at domainServices.IndiaHotels.hotelCom_PaymentPage(IndiaHotels.java:3379)
	at testScriptsIndiaHotels.HotelCom_Payment_Wallet_PayU.HotelComPayU(HotelCom_Payment_Wallet_PayU.java:26)
	at java.util.concurrent.ThreadPoolExecutor.runWorker(Unknown Source)
	at java.util.concurrent.ThreadPoolExecutor$Worker.run(Unknown Source)
	at java.lang.Thread.run(Unknown Source)
... Removed 12 stack frames</pre></div><a href='#' onClick='toggleBox("stack-trace654984655", this, "Click to show all stack frames", "Click to hide stack frames")'>Click to show all stack frames</a>
<div class='stack-trace' id='stack-trace654984655'><pre>java.lang.AssertionError: Failure!
	at org.testng.AssertJUnit.fail(AssertJUnit.java:59)
	at org.testng.AssertJUnit.assertTrue(AssertJUnit.java:24)
	at commonServices.WrapperMethod.elementPresent_log(WrapperMethod.java:965)
	at domainServices.IndiaHotels.hotelCom_PaymentPage(IndiaHotels.java:3379)
	at testScriptsIndiaHotels.HotelCom_Payment_Wallet_PayU.HotelComPayU(HotelCom_Payment_Wallet_PayU.java:26)
	at sun.reflect.NativeMethodAccessorImpl.invoke0(Native Method)
	at sun.reflect.NativeMethodAccessorImpl.invoke(Unknown Source)
	at sun.reflect.DelegatingMethodAccessorImpl.invoke(Unknown Source)
	at java.lang.reflect.Method.invoke(Unknown Source)
	at org.testng.internal.MethodInvocationHelper.invokeMethod(MethodInvocationHelper.java:104)
	at org.testng.internal.Invoker.invokeMethod(Invoker.java:645)
	at org.testng.internal.Invoker.retryFailed(Invoker.java:998)
	at org.testng.internal.Invoker.invokeTestMethods(Invoker.java:1200)
	at org.testng.internal.TestMethodWorker.invokeTestMethods(TestMethodWorker.java:129)
	at org.testng.internal.TestMethodWorker.run(TestMethodWorker.java:112)
	at java.util.concurrent.ThreadPoolExecutor.runWorker(Unknown Source)
	at java.util.concurrent.ThreadPoolExecutor$Worker.run(Unknown Source)
	at java.lang.Thread.run(Unknown Source)
</pre></div></td>
<td>84</td>
<td>testScriptsIndiaHotels.HotelCom_Payment_Wallet_PayU@517cd4b</td></tr>
</table><p>
<table width='100%' border='1' class='invocation-passed'>
<tr><td colspan='4' align='center'><b>PASSED TESTS</b></td></tr>
<tr><td><b>Test method</b></td>
<td width="30%"><b>Exception</b></td>
<td width="10%"><b>Time (seconds)</b></td>
<td><b>Instance</b></td>
</tr>
<tr>
<td title='testScriptsIndiaHotels.HotelCom_Payment_Wallet_AmazonPay.HotelComAmazonPay()'><b>HotelComAmazonPay</b><br>Test class: testScriptsIndiaHotels.HotelCom_Payment_Wallet_AmazonPay<br/>
<a href="#Output-1002624530" onClick='toggleBox("Output-1002624530", this, "Show output", "Hide output");'>Show output</a>

<a href="#Output-1002624530" onClick="toggleAllBoxes();">Show all outputs</a>
<div class='log' id="Output-1002624530">
<p>https://www.cleartrip.com/hotels/details/318344?c=020519|030519&r=2,0-5</p><br/>
<p>https://www.cleartrip.com/hotels/itinerary/757a90eb5a-5b71-4e0d-8e6b-8775200e4c0f/review</p><br/>
SignIN @ BookStep2 with Cleartrip Account<br/>
Payment Type is : AmazonPay<br/>
</div>
</td>
<td></td>
<td>68</td>
<td>testScriptsIndiaHotels.HotelCom_Payment_Wallet_AmazonPay@32464a14</td></tr>
<tr>
<td title='testScriptsIndiaHotels.HotelCom_Payment_Wallet_FreeCharge.HotelComFreeCharge()'><b>HotelComFreeCharge</b><br>Test class: testScriptsIndiaHotels.HotelCom_Payment_Wallet_FreeCharge<br/>
<a href="#Output-1041625645" onClick='toggleBox("Output-1041625645", this, "Show output", "Hide output");'>Show output</a>

<a href="#Output-1041625645" onClick="toggleAllBoxes();">Show all outputs</a>
<div class='log' id="Output-1041625645">
<p>https://www.cleartrip.com/hotels/details/379078?c=020519|030519&r=2,0-5</p><br/>
<p>https://www.cleartrip.com/hotels/itinerary/7555fbded7-5988-43c2-8bf0-4f0fbbf8e30a/review</p><br/>
SignIN @ BookStep2 with Cleartrip Account<br/>
Payment Type is : FreeCharge<br/>
</div>
</td>
<td></td>
<td>151</td>
<td>testScriptsIndiaHotels.HotelCom_Payment_Wallet_FreeCharge@4e4aea35</td></tr>
<tr>
<td title='testScriptsIndiaHotels.HotelCom_Payment_Wallet_Mobikwik.HotelComMobiKwik()'><b>HotelComMobiKwik</b><br>Test class: testScriptsIndiaHotels.HotelCom_Payment_Wallet_Mobikwik<br/>
<a href="#Output-1951416130" onClick='toggleBox("Output-1951416130", this, "Show output", "Hide output");'>Show output</a>

<a href="#Output-1951416130" onClick="toggleAllBoxes();">Show all outputs</a>
<div class='log' id="Output-1951416130">
<p>https://www.cleartrip.com/hotels/details/2629192?c=020519|030519&r=2,0-5</p><br/>
<p>https://www.cleartrip.com/hotels/itinerary/750df90ca7-5784-4a83-9673-c7d0456a4391/review</p><br/>
SignIN @ BookStep2 with Cleartrip Account<br/>
Payment Type is : Mobikwik<br/>
</div>
</td>
<td></td>
<td>57</td>
<td>testScriptsIndiaHotels.HotelCom_Payment_Wallet_Mobikwik@1efee8e7</td></tr>
<tr>
<td title='testScriptsIndiaHotels.HotelCom_Payment_Wallet_OlaMoney.HotelComMobiKwik()'><b>HotelComMobiKwik</b><br>Test class: testScriptsIndiaHotels.HotelCom_Payment_Wallet_OlaMoney<br/>
<a href="#Output-921381235" onClick='toggleBox("Output-921381235", this, "Show output", "Hide output");'>Show output</a>

<a href="#Output-921381235" onClick="toggleAllBoxes();">Show all outputs</a>
<div class='log' id="Output-921381235">
<p>https://www.cleartrip.com/hotels/details/318344?c=020519|030519&r=2,0-5</p><br/>
<p>https://www.cleartrip.com/hotels/itinerary/75d11bc478-3ee4-428a-8f92-2a13d711e6c0/review</p><br/>
SignIN @ BookStep2 with Cleartrip Account<br/>
Payment Type is : Ola_Money<br/>
</div>
</td>
<td></td>
<td>43</td>
<td>testScriptsIndiaHotels.HotelCom_Payment_Wallet_OlaMoney@1ee807c6</td></tr>
</table><p>
<table width='100%' border='1' class='invocation-skipped'>
<tr><td colspan='4' align='center'><b>SKIPPED TESTS</b></td></tr>
<tr><td><b>Test method</b></td>
<td width="30%"><b>Exception</b></td>
<td width="10%"><b>Time (seconds)</b></td>
<td><b>Instance</b></td>
</tr>
<tr>
<td title='testScriptsIndiaHotels.HotelCom_Payment_Wallet_JioMoney.HotelComJioMoney()'><b>HotelComJioMoney</b><br>Test class: testScriptsIndiaHotels.HotelCom_Payment_Wallet_JioMoney<br/>
<a href="#Output-1958583870" onClick='toggleBox("Output-1958583870", this, "Show output", "Hide output");'>Show output</a>

<a href="#Output-1958583870" onClick="toggleAllBoxes();">Show all outputs</a>
<div class='log' id="Output-1958583870">
<p>https://www.cleartrip.com/hotels/details/2629192?c=020519|030519&r=2,0-5</p><br/>
<p>https://www.cleartrip.com/hotels/itinerary/75c58d8ebf-33ca-432b-a2d7-1334855411c4/review</p><br/>
SignIN @ BookStep2 with Cleartrip Account<br/>
Payment Type is : jio_money<br/>
</div>
</td>
<td><div><pre>org.openqa.selenium.TimeoutException: Expected condition failed: waiting for visibility of element located by By.id: okButton (tried for 20 second(s) with 500 MILLISECONDS interval)
Build info: version: &apos;3.4.0&apos;, revision: &apos;unknown&apos;, time: &apos;unknown&apos;
System info: host: &apos;SYSADM-PC&apos;, ip: &apos;169.254.10.145&apos;, os.name: &apos;Windows 7&apos;, os.arch: &apos;amd64&apos;, os.version: &apos;6.1&apos;, java.version: &apos;1.8.0_191&apos;
Driver info: org.openqa.selenium.chrome.ChromeDriver
Capabilities [{applicationCacheEnabled=false, rotatable=false, mobileEmulationEnabled=false, networkConnectionEnabled=false, chrome={chromedriverVersion=2.35.528161 (5b82f2d2aae0ca24b877009200ced9065a772e73), userDataDir=C:\Users\VARALA~1\AppData\Local\Temp\scoped_dir10692_19246}, takesHeapSnapshot=true, pageLoadStrategy=normal, databaseEnabled=false, handlesAlerts=true, hasTouchScreen=false, version=72.0.3626.121, platform=XP, browserConnectionEnabled=false, nativeEvents=true, acceptSslCerts=false, acceptInsecureCerts=false, locationContextEnabled=true, webStorageEnabled=true, browserName=chrome, takesScreenshot=true, javascriptEnabled=true, cssSelectorsEnabled=true, setWindowRect=true, unexpectedAlertBehaviour=}]
Session ID: 765af86a46a1f48e04fa0e559b5dd5bf
	at org.openqa.selenium.support.ui.WebDriverWait.timeoutException(WebDriverWait.java:80)
	at org.openqa.selenium.support.ui.FluentWait.until(FluentWait.java:232)
	at commonServices.WrapperMethod.safeClick(WrapperMethod.java:1159)
	at domainServices.IndiaHotels.hotelCom_PaymentPage(IndiaHotels.java:3546)
	at testScriptsIndiaHotels.HotelCom_Payment_Wallet_JioMoney.HotelComJioMoney(HotelCom_Payment_Wallet_JioMoney.java:25)
	at java.util.concurrent.ThreadPoolExecutor.runWorker(Unknown Source)
	at java.util.concurrent.ThreadPoolExecutor$Worker.run(Unknown Source)
	at java.lang.Thread.run(Unknown Source)
... Removed 10 stack frames</pre></div><a href='#' onClick='toggleBox("stack-trace1958583870", this, "Click to show all stack frames", "Click to hide stack frames")'>Click to show all stack frames</a>
<div class='stack-trace' id='stack-trace1958583870'><pre>org.openqa.selenium.TimeoutException: Expected condition failed: waiting for visibility of element located by By.id: okButton (tried for 20 second(s) with 500 MILLISECONDS interval)
Build info: version: &apos;3.4.0&apos;, revision: &apos;unknown&apos;, time: &apos;unknown&apos;
System info: host: &apos;SYSADM-PC&apos;, ip: &apos;169.254.10.145&apos;, os.name: &apos;Windows 7&apos;, os.arch: &apos;amd64&apos;, os.version: &apos;6.1&apos;, java.version: &apos;1.8.0_191&apos;
Driver info: org.openqa.selenium.chrome.ChromeDriver
Capabilities [{applicationCacheEnabled=false, rotatable=false, mobileEmulationEnabled=false, networkConnectionEnabled=false, chrome={chromedriverVersion=2.35.528161 (5b82f2d2aae0ca24b877009200ced9065a772e73), userDataDir=C:\Users\VARALA~1\AppData\Local\Temp\scoped_dir10692_19246}, takesHeapSnapshot=true, pageLoadStrategy=normal, databaseEnabled=false, handlesAlerts=true, hasTouchScreen=false, version=72.0.3626.121, platform=XP, browserConnectionEnabled=false, nativeEvents=true, acceptSslCerts=false, acceptInsecureCerts=false, locationContextEnabled=true, webStorageEnabled=true, browserName=chrome, takesScreenshot=true, javascriptEnabled=true, cssSelectorsEnabled=true, setWindowRect=true, unexpectedAlertBehaviour=}]
Session ID: 765af86a46a1f48e04fa0e559b5dd5bf
	at org.openqa.selenium.support.ui.WebDriverWait.timeoutException(WebDriverWait.java:80)
	at org.openqa.selenium.support.ui.FluentWait.until(FluentWait.java:232)
	at commonServices.WrapperMethod.safeClick(WrapperMethod.java:1159)
	at domainServices.IndiaHotels.hotelCom_PaymentPage(IndiaHotels.java:3546)
	at testScriptsIndiaHotels.HotelCom_Payment_Wallet_JioMoney.HotelComJioMoney(HotelCom_Payment_Wallet_JioMoney.java:25)
	at sun.reflect.NativeMethodAccessorImpl.invoke0(Native Method)
	at sun.reflect.NativeMethodAccessorImpl.invoke(Unknown Source)
	at sun.reflect.DelegatingMethodAccessorImpl.invoke(Unknown Source)
	at java.lang.reflect.Method.invoke(Unknown Source)
	at org.testng.internal.MethodInvocationHelper.invokeMethod(MethodInvocationHelper.java:104)
	at org.testng.internal.Invoker.invokeMethod(Invoker.java:645)
	at org.testng.internal.Invoker.invokeTestMethod(Invoker.java:851)
	at org.testng.internal.Invoker.invokeTestMethods(Invoker.java:1177)
	at org.testng.internal.TestMethodWorker.invokeTestMethods(TestMethodWorker.java:129)
	at org.testng.internal.TestMethodWorker.run(TestMethodWorker.java:112)
	at java.util.concurrent.ThreadPoolExecutor.runWorker(Unknown Source)
	at java.util.concurrent.ThreadPoolExecutor$Worker.run(Unknown Source)
	at java.lang.Thread.run(Unknown Source)
</pre></div></td>
<td>191</td>
<td>testScriptsIndiaHotels.HotelCom_Payment_Wallet_JioMoney@1442d7b5</td></tr>
<tr>
<td title='testScriptsIndiaHotels.HotelCom_Payment_Wallet_OlaMoney.HotelComMobiKwik()'><b>HotelComMobiKwik</b><br>Test class: testScriptsIndiaHotels.HotelCom_Payment_Wallet_OlaMoney<br/>
<a href="#Output-865653736" onClick='toggleBox("Output-865653736", this, "Show output", "Hide output");'>Show output</a>

<a href="#Output-865653736" onClick="toggleAllBoxes();">Show all outputs</a>
<div class='log' id="Output-865653736">
<p>https://www.cleartrip.com/hotels/details/379078?c=020519|030519&r=2,0-5</p><br/>
<p>Itinerary Page has not loaded :( :( :( :( :( :( :(</p><br/>
<p>https://www.cleartrip.com/hotels/itinerary/75081b4b2c-82d7-4c51-8dd2-5c43667484ce/error</p><br/>
Hotel Book Step1 / Itinerary Page is not displayed<br/>
Itinerary page / button not dispalyed<br/>
</div>
</td>
<td><div><pre>java.lang.AssertionError: expected [true] but found [false]
	at domainServices.IndiaHotels.hotelCom_ItineraryPage(IndiaHotels.java:2535)
	at testScriptsIndiaHotels.HotelCom_Payment_Wallet_OlaMoney.HotelComMobiKwik(HotelCom_Payment_Wallet_OlaMoney.java:22)
	at java.util.concurrent.ThreadPoolExecutor.runWorker(Unknown Source)
	at java.util.concurrent.ThreadPoolExecutor$Worker.run(Unknown Source)
	at java.lang.Thread.run(Unknown Source)
... Removed 14 stack frames</pre></div><a href='#' onClick='toggleBox("stack-trace865653736", this, "Click to show all stack frames", "Click to hide stack frames")'>Click to show all stack frames</a>
<div class='stack-trace' id='stack-trace865653736'><pre>java.lang.AssertionError: expected [true] but found [false]
	at org.testng.Assert.fail(Assert.java:94)
	at org.testng.Assert.failNotEquals(Assert.java:513)
	at org.testng.Assert.assertTrue(Assert.java:42)
	at org.testng.Assert.assertTrue(Assert.java:52)
	at domainServices.IndiaHotels.hotelCom_ItineraryPage(IndiaHotels.java:2535)
	at testScriptsIndiaHotels.HotelCom_Payment_Wallet_OlaMoney.HotelComMobiKwik(HotelCom_Payment_Wallet_OlaMoney.java:22)
	at sun.reflect.NativeMethodAccessorImpl.invoke0(Native Method)
	at sun.reflect.NativeMethodAccessorImpl.invoke(Unknown Source)
	at sun.reflect.DelegatingMethodAccessorImpl.invoke(Unknown Source)
	at java.lang.reflect.Method.invoke(Unknown Source)
	at org.testng.internal.MethodInvocationHelper.invokeMethod(MethodInvocationHelper.java:104)
	at org.testng.internal.Invoker.invokeMethod(Invoker.java:645)
	at org.testng.internal.Invoker.invokeTestMethod(Invoker.java:851)
	at org.testng.internal.Invoker.invokeTestMethods(Invoker.java:1177)
	at org.testng.internal.TestMethodWorker.invokeTestMethods(TestMethodWorker.java:129)
	at org.testng.internal.TestMethodWorker.run(TestMethodWorker.java:112)
	at java.util.concurrent.ThreadPoolExecutor.runWorker(Unknown Source)
	at java.util.concurrent.ThreadPoolExecutor$Worker.run(Unknown Source)
	at java.lang.Thread.run(Unknown Source)
</pre></div></td>
<td>67</td>
<td>testScriptsIndiaHotels.HotelCom_Payment_Wallet_OlaMoney@1ee807c6</td></tr>
<tr>
<td title='testScriptsIndiaHotels.HotelCom_Payment_Wallet_PayTM.HotelComPayTM__517()'><b>HotelComPayTM__517</b><br>Test class: testScriptsIndiaHotels.HotelCom_Payment_Wallet_PayTM<br>Parameters: New Delhi, 14, 15, 1, 1, 2, 3, 2, 0, 0, 0, 0, , PAYTM, Hotel PayTM TripID : , Your booking is done<br/>
<a href="#Output-1140514912" onClick='toggleBox("Output-1140514912", this, "Show output", "Hide output");'>Show output</a>

<a href="#Output-1140514912" onClick="toggleAllBoxes();">Show all outputs</a>
<div class='log' id="Output-1140514912">
<p>https://www.cleartrip.com/hotels/details/318344?c=020519|030519&r=2,0-5</p><br/>
<p>https://www.cleartrip.com/hotels/itinerary/75296df059-e4b9-40e9-b39d-4ca38fdcba57/review</p><br/>
SignIN @ BookStep2 with Cleartrip Account<br/>
Payment Type is : PayTM<br/>
PayTM Page is not displayed<br/>
</div>
</td>
<td><div><pre>java.lang.AssertionError: expected [true] but found [false]
	at domainServices.IndiaHotels.hotelCom_PaymentPage(IndiaHotels.java:3433)
	at testScriptsIndiaHotels.HotelCom_Payment_Wallet_PayTM.HotelComPayTM__517(HotelCom_Payment_Wallet_PayTM.java:28)
	at java.util.concurrent.ThreadPoolExecutor.runWorker(Unknown Source)
	at java.util.concurrent.ThreadPoolExecutor$Worker.run(Unknown Source)
	at java.lang.Thread.run(Unknown Source)
... Removed 14 stack frames</pre></div><a href='#' onClick='toggleBox("stack-trace1140514912", this, "Click to show all stack frames", "Click to hide stack frames")'>Click to show all stack frames</a>
<div class='stack-trace' id='stack-trace1140514912'><pre>java.lang.AssertionError: expected [true] but found [false]
	at org.testng.Assert.fail(Assert.java:94)
	at org.testng.Assert.failNotEquals(Assert.java:513)
	at org.testng.Assert.assertTrue(Assert.java:42)
	at org.testng.Assert.assertTrue(Assert.java:52)
	at domainServices.IndiaHotels.hotelCom_PaymentPage(IndiaHotels.java:3433)
	at testScriptsIndiaHotels.HotelCom_Payment_Wallet_PayTM.HotelComPayTM__517(HotelCom_Payment_Wallet_PayTM.java:28)
	at sun.reflect.NativeMethodAccessorImpl.invoke0(Native Method)
	at sun.reflect.NativeMethodAccessorImpl.invoke(Unknown Source)
	at sun.reflect.DelegatingMethodAccessorImpl.invoke(Unknown Source)
	at java.lang.reflect.Method.invoke(Unknown Source)
	at org.testng.internal.MethodInvocationHelper.invokeMethod(MethodInvocationHelper.java:104)
	at org.testng.internal.Invoker.invokeMethod(Invoker.java:645)
	at org.testng.internal.Invoker.invokeTestMethod(Invoker.java:851)
	at org.testng.internal.Invoker.invokeTestMethods(Invoker.java:1177)
	at org.testng.internal.TestMethodWorker.invokeTestMethods(TestMethodWorker.java:129)
	at org.testng.internal.TestMethodWorker.run(TestMethodWorker.java:112)
	at java.util.concurrent.ThreadPoolExecutor.runWorker(Unknown Source)
	at java.util.concurrent.ThreadPoolExecutor$Worker.run(Unknown Source)
	at java.lang.Thread.run(Unknown Source)
</pre></div></td>
<td>76</td>
<td>testScriptsIndiaHotels.HotelCom_Payment_Wallet_PayTM@76a4d6c</td></tr>
<tr>
<td title='testScriptsIndiaHotels.HotelCom_Payment_Wallet_PayU.HotelComPayU()'><b>HotelComPayU</b><br>Test class: testScriptsIndiaHotels.HotelCom_Payment_Wallet_PayU<br/>
<a href="#Output-1869838860" onClick='toggleBox("Output-1869838860", this, "Show output", "Hide output");'>Show output</a>

<a href="#Output-1869838860" onClick="toggleAllBoxes();">Show all outputs</a>
<div class='log' id="Output-1869838860">
<p>https://www.cleartrip.com/hotels/details/2629192?c=020519|030519&r=2,0-5</p><br/>
<p>https://www.cleartrip.com/hotels/itinerary/750d041b93-5ba2-4205-8ea2-0bdc68086dc4/review</p><br/>
SignIN @ BookStep2 with Cleartrip Account<br/>
Payment Type is : PayU<br/>
<p>Login Button PayU is not displayed in the page</p><br/>
</div>
</td>
<td><div><pre>java.lang.AssertionError: Failure!
	at commonServices.WrapperMethod.elementPresent_log(WrapperMethod.java:965)
	at domainServices.IndiaHotels.hotelCom_PaymentPage(IndiaHotels.java:3379)
	at testScriptsIndiaHotels.HotelCom_Payment_Wallet_PayU.HotelComPayU(HotelCom_Payment_Wallet_PayU.java:26)
	at java.util.concurrent.ThreadPoolExecutor.runWorker(Unknown Source)
	at java.util.concurrent.ThreadPoolExecutor$Worker.run(Unknown Source)
	at java.lang.Thread.run(Unknown Source)
... Removed 12 stack frames</pre></div><a href='#' onClick='toggleBox("stack-trace1869838860", this, "Click to show all stack frames", "Click to hide stack frames")'>Click to show all stack frames</a>
<div class='stack-trace' id='stack-trace1869838860'><pre>java.lang.AssertionError: Failure!
	at org.testng.AssertJUnit.fail(AssertJUnit.java:59)
	at org.testng.AssertJUnit.assertTrue(AssertJUnit.java:24)
	at commonServices.WrapperMethod.elementPresent_log(WrapperMethod.java:965)
	at domainServices.IndiaHotels.hotelCom_PaymentPage(IndiaHotels.java:3379)
	at testScriptsIndiaHotels.HotelCom_Payment_Wallet_PayU.HotelComPayU(HotelCom_Payment_Wallet_PayU.java:26)
	at sun.reflect.NativeMethodAccessorImpl.invoke0(Native Method)
	at sun.reflect.NativeMethodAccessorImpl.invoke(Unknown Source)
	at sun.reflect.DelegatingMethodAccessorImpl.invoke(Unknown Source)
	at java.lang.reflect.Method.invoke(Unknown Source)
	at org.testng.internal.MethodInvocationHelper.invokeMethod(MethodInvocationHelper.java:104)
	at org.testng.internal.Invoker.invokeMethod(Invoker.java:645)
	at org.testng.internal.Invoker.invokeTestMethod(Invoker.java:851)
	at org.testng.internal.Invoker.invokeTestMethods(Invoker.java:1177)
	at org.testng.internal.TestMethodWorker.invokeTestMethods(TestMethodWorker.java:129)
	at org.testng.internal.TestMethodWorker.run(TestMethodWorker.java:112)
	at java.util.concurrent.ThreadPoolExecutor.runWorker(Unknown Source)
	at java.util.concurrent.ThreadPoolExecutor$Worker.run(Unknown Source)
	at java.lang.Thread.run(Unknown Source)
</pre></div></td>
<td>92</td>
<td>testScriptsIndiaHotels.HotelCom_Payment_Wallet_PayU@517cd4b</td></tr>
</table><p>
</body>
</html>