<html>
<head>
<title>TestNG:  PWA Validation and Captcha</title>
<link href="../testng.css" rel="stylesheet" type="text/css" />
<link href="../my-testng.css" rel="stylesheet" type="text/css" />

<style type="text/css">
.log { display: none;} 
.stack-trace { display: none;} 
</style>
<script type="text/javascript">
<!--
function flip(e) {
  current = e.style.display;
  if (current == 'block') {
    e.style.display = 'none';
    return 0;
  }
  else {
    e.style.display = 'block';
    return 1;
  }
}

function toggleBox(szDivId, elem, msg1, msg2)
{
  var res = -1;  if (document.getElementById) {
    res = flip(document.getElementById(szDivId));
  }
  else if (document.all) {
    // this is the way old msie versions work
    res = flip(document.all[szDivId]);
  }
  if(elem) {
    if(res == 0) elem.innerHTML = msg1; else elem.innerHTML = msg2;
  }

}

function toggleAllBoxes() {
  if (document.getElementsByTagName) {
    d = document.getElementsByTagName('div');
    for (i = 0; i < d.length; i++) {
      if (d[i].className == 'log') {
        flip(d[i]);
      }
    }
  }
}

// -->
</script>

</head>
<body>
<h2 align='center'>PWA Validation and Captcha</h2><table border='1' align="center">
<tr>
<td>Tests passed/Failed/Skipped:</td><td>3/1/1</td>
</tr><tr>
<td>Started on:</td><td>Fri Sep 11 18:45:53 IST 2020</td>
</tr>
<tr><td>Total time:</td><td>201 seconds (201664 ms)</td>
</tr><tr>
<td>Included groups:</td><td></td>
</tr><tr>
<td>Excluded groups:</td><td></td>
</tr>
</table><p/>
<small><i>(Hover the method name to see the test class name)</i></small><p/>
<table width='100%' border='1' class='invocation-failed'>
<tr><td colspan='4' align='center'><b>FAILED TESTS</b></td></tr>
<tr><td><b>Test method</b></td>
<td width="30%"><b>Exception</b></td>
<td width="10%"><b>Time (seconds)</b></td>
<td><b>Instance</b></td>
</tr>
<tr>
<td title='paymentsUI_Air.PWA_Captcha.PWA_Captcha_Validation()'><b>PWA_Captcha_Validation</b><br>Test class: paymentsUI_Air.PWA_Captcha<br/>
<a href="#Output-1478963459" onClick='toggleBox("Output-1478963459", this, "Show output", "Hide output");'>Show output</a>

<a href="#Output-1478963459" onClick="toggleAllBoxes();">Show all outputs</a>
<div class='log' id="Output-1478963459">
Payment URL : https://qa2.cleartrip.com/pay/air/UVlQdkZCQhBHMDIwMlE=?lang=en<br/>
TripID : Q2020710646552<br/>
<p>Please validate captcha: text is not Present</p><br/>
</div>
</td>
<td><div><pre>java.lang.AssertionError
	at org.junit.Assert.fail(Assert.java:92)
	at org.junit.Assert.assertTrue(Assert.java:43)
	at org.junit.Assert.assertTrue(Assert.java:54)
	at common.WrapperMethod.textPresent_Log(WrapperMethod.java:553)
	at paymentsUI_Air.PWA_Captcha.PWA_Captcha_Validation(PWA_Captcha.java:36)
	at java.util.concurrent.FutureTask.run(Unknown Source)
	at java.util.concurrent.ThreadPoolExecutor.runWorker(Unknown Source)
	at java.util.concurrent.ThreadPoolExecutor$Worker.run(Unknown Source)
	at java.lang.Thread.run(Unknown Source)
... Removed 16 stack frames</pre></div><a href='#' onClick='toggleBox("stack-trace1478963459", this, "Click to show all stack frames", "Click to hide stack frames")'>Click to show all stack frames</a>
<div class='stack-trace' id='stack-trace1478963459'><pre>java.lang.AssertionError
	at org.junit.Assert.fail(Assert.java:92)
	at org.junit.Assert.assertTrue(Assert.java:43)
	at org.junit.Assert.assertTrue(Assert.java:54)
	at common.WrapperMethod.textPresent_Log(WrapperMethod.java:553)
	at paymentsUI_Air.PWA_Captcha.PWA_Captcha_Validation(PWA_Captcha.java:36)
	at sun.reflect.NativeMethodAccessorImpl.invoke0(Native Method)
	at sun.reflect.NativeMethodAccessorImpl.invoke(Unknown Source)
	at sun.reflect.DelegatingMethodAccessorImpl.invoke(Unknown Source)
	at java.lang.reflect.Method.invoke(Unknown Source)
	at org.testng.internal.MethodInvocationHelper.invokeMethod(MethodInvocationHelper.java:124)
	at org.testng.internal.Invoker.invokeMethod(Invoker.java:583)
	at org.testng.internal.Invoker.retryFailed(Invoker.java:839)
	at org.testng.internal.Invoker.invokeTestMethods(Invoker.java:1010)
	at org.testng.internal.TestMethodWorker.invokeTestMethods(TestMethodWorker.java:125)
	at org.testng.internal.TestMethodWorker.run(TestMethodWorker.java:109)
	at org.testng.TestRunner.privateRun(TestRunner.java:648)
	at org.testng.TestRunner.run(TestRunner.java:505)
	at org.testng.SuiteRunner.runTest(SuiteRunner.java:455)
	at org.testng.SuiteRunner.access$000(SuiteRunner.java:40)
	at org.testng.SuiteRunner$SuiteWorker.run(SuiteRunner.java:489)
	at org.testng.internal.thread.ThreadUtil$1.call(ThreadUtil.java:52)
	at java.util.concurrent.FutureTask.run(Unknown Source)
	at java.util.concurrent.ThreadPoolExecutor.runWorker(Unknown Source)
	at java.util.concurrent.ThreadPoolExecutor$Worker.run(Unknown Source)
	at java.lang.Thread.run(Unknown Source)
</pre></div></td>
<td>48</td>
<td>paymentsUI_Air.PWA_Captcha@41fbdac4</td></tr>
</table><p>
<table width='100%' border='1' class='invocation-passed'>
<tr><td colspan='4' align='center'><b>PASSED TESTS</b></td></tr>
<tr><td><b>Test method</b></td>
<td width="30%"><b>Exception</b></td>
<td width="10%"><b>Time (seconds)</b></td>
<td><b>Instance</b></td>
</tr>
<tr>
<td title='paymentsUI_Air.PWA_Validation.PWA_Validate_ItineraryValidation()'><b>PWA_Validate_ItineraryValidation</b><br>Test class: paymentsUI_Air.PWA_Validation<br/>
<a href="#Output-1546502844" onClick='toggleBox("Output-1546502844", this, "Show output", "Hide output");'>Show output</a>

<a href="#Output-1546502844" onClick="toggleAllBoxes();">Show all outputs</a>
<div class='log' id="Output-1546502844">
<p>Flight Logo is displayed in page</p><br/>
</div>
</td>
<td></td>
<td>9</td>
<td>paymentsUI_Air.PWA_Validation@647e447</td></tr>
<tr>
<td title='paymentsUI_Air.PWA_Validation.PWA_Validate_PriceValidation()'><b>PWA_Validate_PriceValidation</b><br>Test class: paymentsUI_Air.PWA_Validation<br/>
<a href="#Output-194864634" onClick='toggleBox("Output-194864634", this, "Show output", "Hide output");'>Show output</a>

<a href="#Output-194864634" onClick="toggleAllBoxes();">Show all outputs</a>
<div class='log' id="Output-194864634">
Payment URL : https://qa2.cleartrip.com/pay/air/VVxWeEZCQhBGMDIwMlE=?lang=en<br/>
TripID : Q2020610648306<br/>
</div>
</td>
<td></td>
<td>12</td>
<td>paymentsUI_Air.PWA_Validation@647e447</td></tr>
<tr>
<td title='paymentsUI_Air.PWA_Validation.PWA_Validate_pay_error()'><b>PWA_Validate_pay_error</b><br>Test class: paymentsUI_Air.PWA_Validation<br/>
<a href="#Output-1815656212" onClick='toggleBox("Output-1815656212", this, "Show output", "Hide output");'>Show output</a>

<a href="#Output-1815656212" onClick="toggleAllBoxes();">Show all outputs</a>
<div class='log' id="Output-1815656212">
Payment URL : https://qa2.cleartrip.com/pay/air/VFRRd0ZCQhhGMDIwMlE=?lang=en<br/>
TripID : Q2020690647487<br/>
<p>error Popup is displayed in page</p><br/>
<p>error text is displayed in page</p><br/>
<p>error Popup is displayed in page</p><br/>
<p>error text is displayed in page</p><br/>
<p>error Popup is displayed in page</p><br/>
<p>error text is displayed in page</p><br/>
<p>error Popup is displayed in page</p><br/>
<p>error text is displayed in page</p><br/>
<p>error Popup is displayed in page</p><br/>
<p>error text is displayed in page</p><br/>
</div>
</td>
<td></td>
<td>62</td>
<td>paymentsUI_Air.PWA_Validation@647e447</td></tr>
</table><p>
<table width='100%' border='1' class='invocation-skipped'>
<tr><td colspan='4' align='center'><b>SKIPPED TESTS</b></td></tr>
<tr><td><b>Test method</b></td>
<td width="30%"><b>Exception</b></td>
<td width="10%"><b>Time (seconds)</b></td>
<td><b>Instance</b></td>
</tr>
<tr>
<td title='paymentsUI_Air.PWA_Captcha.PWA_Captcha_Validation()'><b>PWA_Captcha_Validation</b><br>Test class: paymentsUI_Air.PWA_Captcha<br/>
<a href="#Output-260249684" onClick='toggleBox("Output-260249684", this, "Show output", "Hide output");'>Show output</a>

<a href="#Output-260249684" onClick="toggleAllBoxes();">Show all outputs</a>
<div class='log' id="Output-260249684">
Payment URL : https://qa2.cleartrip.com/pay/air/UV1QdUZCQhFJMDIwMlE=?lang=en<br/>
TripID : Q2020900645512<br/>
<p>Please validate captcha: text is not Present</p><br/>
</div>
</td>
<td><div><pre>java.lang.AssertionError
	at org.junit.Assert.fail(Assert.java:92)
	at org.junit.Assert.assertTrue(Assert.java:43)
	at org.junit.Assert.assertTrue(Assert.java:54)
	at common.WrapperMethod.textPresent_Log(WrapperMethod.java:553)
	at paymentsUI_Air.PWA_Captcha.PWA_Captcha_Validation(PWA_Captcha.java:36)
	at java.util.concurrent.FutureTask.run(Unknown Source)
	at java.util.concurrent.ThreadPoolExecutor.runWorker(Unknown Source)
	at java.util.concurrent.ThreadPoolExecutor$Worker.run(Unknown Source)
	at java.lang.Thread.run(Unknown Source)
... Removed 16 stack frames</pre></div><a href='#' onClick='toggleBox("stack-trace260249684", this, "Click to show all stack frames", "Click to hide stack frames")'>Click to show all stack frames</a>
<div class='stack-trace' id='stack-trace260249684'><pre>java.lang.AssertionError
	at org.junit.Assert.fail(Assert.java:92)
	at org.junit.Assert.assertTrue(Assert.java:43)
	at org.junit.Assert.assertTrue(Assert.java:54)
	at common.WrapperMethod.textPresent_Log(WrapperMethod.java:553)
	at paymentsUI_Air.PWA_Captcha.PWA_Captcha_Validation(PWA_Captcha.java:36)
	at sun.reflect.NativeMethodAccessorImpl.invoke0(Native Method)
	at sun.reflect.NativeMethodAccessorImpl.invoke(Unknown Source)
	at sun.reflect.DelegatingMethodAccessorImpl.invoke(Unknown Source)
	at java.lang.reflect.Method.invoke(Unknown Source)
	at org.testng.internal.MethodInvocationHelper.invokeMethod(MethodInvocationHelper.java:124)
	at org.testng.internal.Invoker.invokeMethod(Invoker.java:583)
	at org.testng.internal.Invoker.invokeTestMethod(Invoker.java:719)
	at org.testng.internal.Invoker.invokeTestMethods(Invoker.java:989)
	at org.testng.internal.TestMethodWorker.invokeTestMethods(TestMethodWorker.java:125)
	at org.testng.internal.TestMethodWorker.run(TestMethodWorker.java:109)
	at org.testng.TestRunner.privateRun(TestRunner.java:648)
	at org.testng.TestRunner.run(TestRunner.java:505)
	at org.testng.SuiteRunner.runTest(SuiteRunner.java:455)
	at org.testng.SuiteRunner.access$000(SuiteRunner.java:40)
	at org.testng.SuiteRunner$SuiteWorker.run(SuiteRunner.java:489)
	at org.testng.internal.thread.ThreadUtil$1.call(ThreadUtil.java:52)
	at java.util.concurrent.FutureTask.run(Unknown Source)
	at java.util.concurrent.ThreadPoolExecutor.runWorker(Unknown Source)
	at java.util.concurrent.ThreadPoolExecutor$Worker.run(Unknown Source)
	at java.lang.Thread.run(Unknown Source)
</pre></div></td>
<td>51</td>
<td>paymentsUI_Air.PWA_Captcha@41fbdac4</td></tr>
</table><p>
</body>
</html>