<?xml version="1.0" encoding="UTF-8"?>
<!-- Generated by org.testng.reporters.JUnitXMLReporter -->
<testsuite hostname="IT3786-kirankumar" ignored="0" name="PWA Validation and Captcha" tests="5" failures="1" timestamp="11 Sep 2020 13:19:15 GMT" time="201.664" errors="0">
  <testcase name="PWA_Captcha_Validation" time="51.04" classname="paymentsUI_Air.PWA_Captcha">
    <skipped/>
  </testcase> <!-- PWA_Captcha_Validation -->
  <testcase name="PWA_Captcha_Validation" time="48.87" classname="paymentsUI_Air.PWA_Captcha">
    <failure type="java.lang.AssertionError">
      <![CDATA[java.lang.AssertionError
at org.junit.Assert.fail(Assert.java:92)
at org.junit.Assert.assertTrue(Assert.java:43)
at org.junit.Assert.assertTrue(Assert.java:54)
at common.WrapperMethod.textPresent_Log(WrapperMethod.java:553)
at paymentsUI_Air.PWA_Captcha.PWA_Captcha_Validation(PWA_Captcha.java:36)
at java.util.concurrent.FutureTask.run(Unknown Source)
at java.util.concurrent.ThreadPoolExecutor.runWorker(Unknown Source)
at java.util.concurrent.ThreadPoolExecutor$Worker.run(Unknown Source)
at java.lang.Thread.run(Unknown Source)
... Removed 16 stack frames]]>
    </failure>
  </testcase> <!-- PWA_Captcha_Validation -->
  <testcase name="PWA_Validate_pay_error" time="62.818" classname="paymentsUI_Air.PWA_Validation"/>
  <testcase name="PWA_Validate_PriceValidation" time="12.925" classname="paymentsUI_Air.PWA_Validation"/>
  <testcase name="PWA_Validate_ItineraryValidation" time="9.07" classname="paymentsUI_Air.PWA_Validation"/>
</testsuite> <!-- PWA Validation and Captcha -->
