<html>
<head>
<title>TestNG:  HeaderElements</title>
<link href="../testng.css" rel="stylesheet" type="text/css" />
<link href="../my-testng.css" rel="stylesheet" type="text/css" />

<style type="text/css">
.log { display: none;} 
.stack-trace { display: none;} 
</style>
<script type="text/javascript">
<!--
function flip(e) {
  current = e.style.display;
  if (current == 'block') {
    e.style.display = 'none';
    return 0;
  }
  else {
    e.style.display = 'block';
    return 1;
  }
}

function toggleBox(szDivId, elem, msg1, msg2)
{
  var res = -1;  if (document.getElementById) {
    res = flip(document.getElementById(szDivId));
  }
  else if (document.all) {
    // this is the way old msie versions work
    res = flip(document.all[szDivId]);
  }
  if(elem) {
    if(res == 0) elem.innerHTML = msg1; else elem.innerHTML = msg2;
  }

}

function toggleAllBoxes() {
  if (document.getElementsByTagName) {
    d = document.getElementsByTagName('div');
    for (i = 0; i < d.length; i++) {
      if (d[i].className == 'log') {
        flip(d[i]);
      }
    }
  }
}

// -->
</script>

</head>
<body>
<h2 align='center'>HeaderElements</h2><table border='1' align="center">
<tr>
<td>Tests passed/Failed/Skipped:</td><td>3/0/2</td>
</tr><tr>
<td>Started on:</td><td>Tue Oct 08 09:54:57 IST 2019</td>
</tr>
<tr><td>Total time:</td><td>232 seconds (232634 ms)</td>
</tr><tr>
<td>Included groups:</td><td></td>
</tr><tr>
<td>Excluded groups:</td><td></td>
</tr>
</table><p/>
<small><i>(Hover the method name to see the test class name)</i></small><p/>
<table width='100%' border='1' class='invocation-passed'>
<tr><td colspan='4' align='center'><b>PASSED TESTS</b></td></tr>
<tr><td><b>Test method</b></td>
<td width="30%"><b>Exception</b></td>
<td width="10%"><b>Time (seconds)</b></td>
<td><b>Instance</b></td>
</tr>
<tr>
<td title='testScriptsAccounts.HeaderElements.accountHeaderElements()'><b>accountHeaderElements</b><br>Test class: testScriptsAccounts.HeaderElements<br/>
<a href="#Output-1794576035" onClick='toggleBox("Output-1794576035", this, "Show output", "Hide output");'>Show output</a>

<a href="#Output-1794576035" onClick="toggleAllBoxes();">Show all outputs</a>
<div class='log' id="Output-1794576035">
<p>Signin not shown is displayed in page</p><br/>
<p>Upcoming is displayed in page</p><br/>
<p>+ Add a new traveller is displayed in page</p><br/>
<p>Edit Profile is displayed in page</p><br/>
<p>Change username is displayed in page</p><br/>
</div>
</td>
<td></td>
<td>38</td>
<td>testScriptsAccounts.HeaderElements@6a396c1e</td></tr>
<tr>
<td title='testScriptsAccounts.HeaderElements_SignIN_Unsigned.accountHeaderSignin()'><b>accountHeaderSignin</b><br>Test class: testScriptsAccounts.HeaderElements_SignIN_Unsigned<br/>
<a href="#Output-1809223461" onClick='toggleBox("Output-1809223461", this, "Show output", "Hide output");'>Show output</a>

<a href="#Output-1809223461" onClick="toggleAllBoxes();">Show all outputs</a>
<div class='log' id="Output-1809223461">
<p>Signin not shown is displayed in page</p><br/>
<p> Manage trips  is displayed in page</p><br/>
<p>Mytrips Button Homepage  is displayed in page</p><br/>
<p> Trips  is displayed in page</p><br/>
<p>Shortlists  is displayed in page</p><br/>
<p>Travellers  is displayed in page</p><br/>
<p>Wallet  is displayed in page</p><br/>
<p>Expressway  is displayed in page</p><br/>
<p>Profile  is displayed in page</p><br/>
<p>Settings  is displayed in page</p><br/>
<p>global_signout  is displayed in page</p><br/>
<p>Cancellations is displayed in page</p><br/>
<p>Change flight is displayed in page</p><br/>
<p>Check PNR Status is displayed in page</p><br/>
<p>Print hotel voucher is displayed in page</p><br/>
<p>Print ticket is displayed in page</p><br/>
</div>
</td>
<td></td>
<td>20</td>
<td>testScriptsAccounts.HeaderElements_SignIN_Unsigned@6c3f5566</td></tr>
<tr>
<td title='testScriptsAccounts.HeaderElements_SignIN_Unsigned.accountHeaderUnsigned1()'><b>accountHeaderUnsigned1</b><br>Test class: testScriptsAccounts.HeaderElements_SignIN_Unsigned<br/>
<a href="#Output-1845437484" onClick='toggleBox("Output-1845437484", this, "Show output", "Hide output");'>Show output</a>

<a href="#Output-1845437484" onClick="toggleAllBoxes();">Show all outputs</a>
<div class='log' id="Output-1845437484">
<p> SignIn  is displayed in page</p><br/>
<p>Register link  is displayed in page</p><br/>
<p>Cancellations is displayed in page</p><br/>
<p>Change flight is displayed in page</p><br/>
<p>Check PNR Status is displayed in page</p><br/>
<p>Print hotel voucher is displayed in page</p><br/>
<p>Print ticket is displayed in page</p><br/>
<p> is displayed in page</p><br/>
<p> SignIn  is displayed in page</p><br/>
<p>  is displayed in page</p><br/>
<p>Change Flight  is displayed in page</p><br/>
<p>  is displayed in page</p><br/>
<p>Check PNR Status is displayed in page</p><br/>
<p>  is displayed in page</p><br/>
<p>Print hotel voucher  is displayed in page</p><br/>
<p>  is displayed in page</p><br/>
</div>
</td>
<td></td>
<td>36</td>
<td>testScriptsAccounts.HeaderElements_SignIN_Unsigned@6c3f5566</td></tr>
</table><p>
<table width='100%' border='1' class='invocation-skipped'>
<tr><td colspan='4' align='center'><b>SKIPPED TESTS</b></td></tr>
<tr><td><b>Test method</b></td>
<td width="30%"><b>Exception</b></td>
<td width="10%"><b>Time (seconds)</b></td>
<td><b>Instance</b></td>
</tr>
<tr>
<td title='testScriptsAccounts.HeaderElements_SignIN_Unsigned.accountHeaderSignin()'><b>accountHeaderSignin</b><br>Test class: testScriptsAccounts.HeaderElements_SignIN_Unsigned<br/>
<a href="#Output-332216502" onClick='toggleBox("Output-332216502", this, "Show output", "Hide output");'>Show output</a>

<a href="#Output-332216502" onClick="toggleAllBoxes();">Show all outputs</a>
<div class='log' id="Output-332216502">
<p>Signin not shown is displayed in page</p><br/>
</div>
</td>
<td><div><pre>org.openqa.selenium.TimeoutException: Expected condition failed: waiting for visibility of element located by By.id: SignIn (tried for 20 second(s) with 500 MILLISECONDS interval)
Build info: version: &apos;3.4.0&apos;, revision: &apos;unknown&apos;, time: &apos;unknown&apos;
System info: host: &apos;SYSADM-PC&apos;, ip: &apos;192.168.44.86&apos;, os.name: &apos;Windows 7&apos;, os.arch: &apos;amd64&apos;, os.version: &apos;6.1&apos;, java.version: &apos;1.8.0_191&apos;
Driver info: org.openqa.selenium.remote.RemoteWebDriver
Capabilities [{mobileEmulationEnabled=false, hasTouchScreen=true, platform=XP, acceptSslCerts=false, acceptInsecureCerts=false, webStorageEnabled=true, browserName=chrome, takesScreenshot=true, javascriptEnabled=true, setWindowRect=true, unexpectedAlertBehaviour=, applicationCacheEnabled=false, rotatable=false, networkConnectionEnabled=true, chrome={chromedriverVersion=2.35.528161 (5b82f2d2aae0ca24b877009200ced9065a772e73), userDataDir=C:\Users\VARALA~1\AppData\Local\Temp\scoped_dir10976_23502}, takesHeapSnapshot=true, pageLoadStrategy=normal, unhandledPromptBehavior=, databaseEnabled=false, handlesAlerts=true, version=77.0.3865.90, browserConnectionEnabled=false, nativeEvents=true, webdriver.remote.sessionid=57e9c4a4-153c-402d-a45d-71a85690efde, locationContextEnabled=true, cssSelectorsEnabled=true}]
Session ID: 57e9c4a4-153c-402d-a45d-71a85690efde
	at org.openqa.selenium.support.ui.WebDriverWait.timeoutException(WebDriverWait.java:80)
	at org.openqa.selenium.support.ui.FluentWait.until(FluentWait.java:232)
	at commonServices.WrapperMethod.safeClick(WrapperMethod.java:1162)
	at domainServices.Accounts.Accounts_HomepageSignIn(Accounts.java:39)
	at testScriptsAccounts.HeaderElements_SignIN_Unsigned.accountHeaderSignin(HeaderElements_SignIN_Unsigned.java:29)
	at java.util.concurrent.ThreadPoolExecutor.runWorker(Unknown Source)
	at java.util.concurrent.ThreadPoolExecutor$Worker.run(Unknown Source)
	at java.lang.Thread.run(Unknown Source)
... Removed 10 stack frames</pre></div><a href='#' onClick='toggleBox("stack-trace332216502", this, "Click to show all stack frames", "Click to hide stack frames")'>Click to show all stack frames</a>
<div class='stack-trace' id='stack-trace332216502'><pre>org.openqa.selenium.TimeoutException: Expected condition failed: waiting for visibility of element located by By.id: SignIn (tried for 20 second(s) with 500 MILLISECONDS interval)
Build info: version: &apos;3.4.0&apos;, revision: &apos;unknown&apos;, time: &apos;unknown&apos;
System info: host: &apos;SYSADM-PC&apos;, ip: &apos;192.168.44.86&apos;, os.name: &apos;Windows 7&apos;, os.arch: &apos;amd64&apos;, os.version: &apos;6.1&apos;, java.version: &apos;1.8.0_191&apos;
Driver info: org.openqa.selenium.remote.RemoteWebDriver
Capabilities [{mobileEmulationEnabled=false, hasTouchScreen=true, platform=XP, acceptSslCerts=false, acceptInsecureCerts=false, webStorageEnabled=true, browserName=chrome, takesScreenshot=true, javascriptEnabled=true, setWindowRect=true, unexpectedAlertBehaviour=, applicationCacheEnabled=false, rotatable=false, networkConnectionEnabled=true, chrome={chromedriverVersion=2.35.528161 (5b82f2d2aae0ca24b877009200ced9065a772e73), userDataDir=C:\Users\VARALA~1\AppData\Local\Temp\scoped_dir10976_23502}, takesHeapSnapshot=true, pageLoadStrategy=normal, unhandledPromptBehavior=, databaseEnabled=false, handlesAlerts=true, version=77.0.3865.90, browserConnectionEnabled=false, nativeEvents=true, webdriver.remote.sessionid=57e9c4a4-153c-402d-a45d-71a85690efde, locationContextEnabled=true, cssSelectorsEnabled=true}]
Session ID: 57e9c4a4-153c-402d-a45d-71a85690efde
	at org.openqa.selenium.support.ui.WebDriverWait.timeoutException(WebDriverWait.java:80)
	at org.openqa.selenium.support.ui.FluentWait.until(FluentWait.java:232)
	at commonServices.WrapperMethod.safeClick(WrapperMethod.java:1162)
	at domainServices.Accounts.Accounts_HomepageSignIn(Accounts.java:39)
	at testScriptsAccounts.HeaderElements_SignIN_Unsigned.accountHeaderSignin(HeaderElements_SignIN_Unsigned.java:29)
	at sun.reflect.NativeMethodAccessorImpl.invoke0(Native Method)
	at sun.reflect.NativeMethodAccessorImpl.invoke(Unknown Source)
	at sun.reflect.DelegatingMethodAccessorImpl.invoke(Unknown Source)
	at java.lang.reflect.Method.invoke(Unknown Source)
	at org.testng.internal.MethodInvocationHelper.invokeMethod(MethodInvocationHelper.java:104)
	at org.testng.internal.Invoker.invokeMethod(Invoker.java:645)
	at org.testng.internal.Invoker.invokeTestMethod(Invoker.java:851)
	at org.testng.internal.Invoker.invokeTestMethods(Invoker.java:1177)
	at org.testng.internal.TestMethodWorker.invokeTestMethods(TestMethodWorker.java:129)
	at org.testng.internal.TestMethodWorker.run(TestMethodWorker.java:112)
	at java.util.concurrent.ThreadPoolExecutor.runWorker(Unknown Source)
	at java.util.concurrent.ThreadPoolExecutor$Worker.run(Unknown Source)
	at java.lang.Thread.run(Unknown Source)
</pre></div></td>
<td>71</td>
<td>testScriptsAccounts.HeaderElements_SignIN_Unsigned@6c3f5566</td></tr>
<tr>
<td title='testScriptsAccounts.HeaderElements_SignIN_Unsigned.accountHeaderUnsigned1()'><b>accountHeaderUnsigned1</b><br>Test class: testScriptsAccounts.HeaderElements_SignIN_Unsigned<br/>
<a href="#Output-70441165" onClick='toggleBox("Output-70441165", this, "Show output", "Hide output");'>Show output</a>

<a href="#Output-70441165" onClick="toggleAllBoxes();">Show all outputs</a>
<div class='log' id="Output-70441165">
<p> SignIn  is displayed in page</p><br/>
<p>Register link  is displayed in page</p><br/>
<p>Cancellations is displayed in page</p><br/>
<p>Change flight is displayed in page</p><br/>
<p>Check PNR Status is displayed in page</p><br/>
<p>Print hotel voucher is displayed in page</p><br/>
<p>Print ticket is displayed in page</p><br/>
</div>
</td>
<td><div><pre>org.openqa.selenium.NoSuchFrameException: No frame element found by name or id modal_window
Build info: version: &apos;3.4.0&apos;, revision: &apos;unknown&apos;, time: &apos;unknown&apos;
System info: host: &apos;SYSADM-PC&apos;, ip: &apos;192.168.44.86&apos;, os.name: &apos;Windows 7&apos;, os.arch: &apos;amd64&apos;, os.version: &apos;6.1&apos;, java.version: &apos;1.8.0_191&apos;
Driver info: driver.version: unknown
	at org.openqa.selenium.remote.RemoteWebDriver$RemoteTargetLocator.frame(RemoteWebDriver.java:973)
	at testScriptsAccounts.HeaderElements_SignIN_Unsigned.accountHeaderUnsigned1(HeaderElements_SignIN_Unsigned.java:76)
	at java.util.concurrent.ThreadPoolExecutor.runWorker(Unknown Source)
	at java.util.concurrent.ThreadPoolExecutor$Worker.run(Unknown Source)
	at java.lang.Thread.run(Unknown Source)
... Removed 10 stack frames</pre></div><a href='#' onClick='toggleBox("stack-trace70441165", this, "Click to show all stack frames", "Click to hide stack frames")'>Click to show all stack frames</a>
<div class='stack-trace' id='stack-trace70441165'><pre>org.openqa.selenium.NoSuchFrameException: No frame element found by name or id modal_window
Build info: version: &apos;3.4.0&apos;, revision: &apos;unknown&apos;, time: &apos;unknown&apos;
System info: host: &apos;SYSADM-PC&apos;, ip: &apos;192.168.44.86&apos;, os.name: &apos;Windows 7&apos;, os.arch: &apos;amd64&apos;, os.version: &apos;6.1&apos;, java.version: &apos;1.8.0_191&apos;
Driver info: driver.version: unknown
	at org.openqa.selenium.remote.RemoteWebDriver$RemoteTargetLocator.frame(RemoteWebDriver.java:973)
	at testScriptsAccounts.HeaderElements_SignIN_Unsigned.accountHeaderUnsigned1(HeaderElements_SignIN_Unsigned.java:76)
	at sun.reflect.NativeMethodAccessorImpl.invoke0(Native Method)
	at sun.reflect.NativeMethodAccessorImpl.invoke(Unknown Source)
	at sun.reflect.DelegatingMethodAccessorImpl.invoke(Unknown Source)
	at java.lang.reflect.Method.invoke(Unknown Source)
	at org.testng.internal.MethodInvocationHelper.invokeMethod(MethodInvocationHelper.java:104)
	at org.testng.internal.Invoker.invokeMethod(Invoker.java:645)
	at org.testng.internal.Invoker.invokeTestMethod(Invoker.java:851)
	at org.testng.internal.Invoker.invokeTestMethods(Invoker.java:1177)
	at org.testng.internal.TestMethodWorker.invokeTestMethods(TestMethodWorker.java:129)
	at org.testng.internal.TestMethodWorker.run(TestMethodWorker.java:112)
	at java.util.concurrent.ThreadPoolExecutor.runWorker(Unknown Source)
	at java.util.concurrent.ThreadPoolExecutor$Worker.run(Unknown Source)
	at java.lang.Thread.run(Unknown Source)
</pre></div></td>
<td>20</td>
<td>testScriptsAccounts.HeaderElements_SignIN_Unsigned@6c3f5566</td></tr>
</table><p>
</body>
</html>