<html>
<head>
<title>TestNG:  Tatkal</title>
<link href="../testng.css" rel="stylesheet" type="text/css" />
<link href="../my-testng.css" rel="stylesheet" type="text/css" />

<style type="text/css">
.log { display: none;} 
.stack-trace { display: none;} 
</style>
<script type="text/javascript">
<!--
function flip(e) {
  current = e.style.display;
  if (current == 'block') {
    e.style.display = 'none';
    return 0;
  }
  else {
    e.style.display = 'block';
    return 1;
  }
}

function toggleBox(szDivId, elem, msg1, msg2)
{
  var res = -1;  if (document.getElementById) {
    res = flip(document.getElementById(szDivId));
  }
  else if (document.all) {
    // this is the way old msie versions work
    res = flip(document.all[szDivId]);
  }
  if(elem) {
    if(res == 0) elem.innerHTML = msg1; else elem.innerHTML = msg2;
  }

}

function toggleAllBoxes() {
  if (document.getElementsByTagName) {
    d = document.getElementsByTagName('div');
    for (i = 0; i < d.length; i++) {
      if (d[i].className == 'log') {
        flip(d[i]);
      }
    }
  }
}

// -->
</script>

</head>
<body>
<h2 align='center'>Tatkal</h2><table border='1' align="center">
<tr>
<td>Tests passed/Failed/Skipped:</td><td>0/1/1</td>
</tr><tr>
<td>Started on:</td><td>Tue Apr 02 09:53:27 IST 2019</td>
</tr>
<tr><td>Total time:</td><td>251 seconds (251010 ms)</td>
</tr><tr>
<td>Included groups:</td><td></td>
</tr><tr>
<td>Excluded groups:</td><td></td>
</tr>
</table><p/>
<small><i>(Hover the method name to see the test class name)</i></small><p/>
<table width='100%' border='1' class='invocation-failed'>
<tr><td colspan='4' align='center'><b>FAILED TESTS</b></td></tr>
<tr><td><b>Test method</b></td>
<td width="30%"><b>Exception</b></td>
<td width="10%"><b>Time (seconds)</b></td>
<td><b>Instance</b></td>
</tr>
<tr>
<td title='testScriptsTrains.Tatkal.B2cTrainsTatkal()'><b>B2cTrainsTatkal</b><br>Test class: testScriptsTrains.Tatkal<br>Parameters: SBC, MAS, Sleeper (SL), 02, Tatkal, Same, Kaveri Express, 1, 0, 0, 0, CREDIT CARD, B2C Trains HomePage SignIn General Booking with Adult=1, Your Booking is confirmed, Cancel<br/>
<a href="#Output-382705448" onClick='toggleBox("Output-382705448", this, "Show output", "Hide output");'>Show output</a>

<a href="#Output-382705448" onClick="toggleAllBoxes();">Show all outputs</a>
<div class='log' id="Output-382705448">
Train Searched for SBC to : MAS for Date : 02<br/>
<p>https://qa2.cleartrip.com/trains/results?from_station=SBC&to_station=MAS&class=SL&date=2-4-2019&adults=1&children=0&male_seniors=0&female_seniors=0</p><br/>
8<br/>
Kaveri Express<br/>
Selected train Kaveri Express is matching with Kaveri Express<br/>
Proceeding from bookstep 1<br/>
https://qa2.cleartrip.com/trains/itinerary/7d62a180372d0137f29a7a163e9fe348/info<br/>
</div>
</td>
<td><div><pre>org.openqa.selenium.NoSuchFrameException: No frame element found by name or id modal_window
Build info: version: &apos;3.4.0&apos;, revision: &apos;unknown&apos;, time: &apos;unknown&apos;
System info: host: &apos;SYSADM-PC&apos;, ip: &apos;192.168.43.94&apos;, os.name: &apos;Windows 7&apos;, os.arch: &apos;amd64&apos;, os.version: &apos;6.1&apos;, java.version: &apos;1.8.0_191&apos;
Driver info: driver.version: unknown
	at org.openqa.selenium.remote.RemoteWebDriver$RemoteTargetLocator.frame(RemoteWebDriver.java:973)
	at domainServices.Trains.B2CTrains_paymentIntersitialPagewithforgotpasswordflow(Trains.java:2626)
	at testScriptsTrains.Tatkal.B2cTrainsTatkal(Tatkal.java:57)
	at java.util.concurrent.FutureTask.run(Unknown Source)
	at java.util.concurrent.ThreadPoolExecutor.runWorker(Unknown Source)
	at java.util.concurrent.ThreadPoolExecutor$Worker.run(Unknown Source)
	at java.lang.Thread.run(Unknown Source)
... Removed 16 stack frames</pre></div><a href='#' onClick='toggleBox("stack-trace382705448", this, "Click to show all stack frames", "Click to hide stack frames")'>Click to show all stack frames</a>
<div class='stack-trace' id='stack-trace382705448'><pre>org.openqa.selenium.NoSuchFrameException: No frame element found by name or id modal_window
Build info: version: &apos;3.4.0&apos;, revision: &apos;unknown&apos;, time: &apos;unknown&apos;
System info: host: &apos;SYSADM-PC&apos;, ip: &apos;192.168.43.94&apos;, os.name: &apos;Windows 7&apos;, os.arch: &apos;amd64&apos;, os.version: &apos;6.1&apos;, java.version: &apos;1.8.0_191&apos;
Driver info: driver.version: unknown
	at org.openqa.selenium.remote.RemoteWebDriver$RemoteTargetLocator.frame(RemoteWebDriver.java:973)
	at domainServices.Trains.B2CTrains_paymentIntersitialPagewithforgotpasswordflow(Trains.java:2626)
	at testScriptsTrains.Tatkal.B2cTrainsTatkal(Tatkal.java:57)
	at sun.reflect.NativeMethodAccessorImpl.invoke0(Native Method)
	at sun.reflect.NativeMethodAccessorImpl.invoke(Unknown Source)
	at sun.reflect.DelegatingMethodAccessorImpl.invoke(Unknown Source)
	at java.lang.reflect.Method.invoke(Unknown Source)
	at org.testng.internal.MethodInvocationHelper.invokeMethod(MethodInvocationHelper.java:104)
	at org.testng.internal.Invoker.invokeMethod(Invoker.java:645)
	at org.testng.internal.Invoker.retryFailed(Invoker.java:998)
	at org.testng.internal.Invoker.invokeTestMethods(Invoker.java:1200)
	at org.testng.internal.TestMethodWorker.invokeTestMethods(TestMethodWorker.java:129)
	at org.testng.internal.TestMethodWorker.run(TestMethodWorker.java:112)
	at org.testng.TestRunner.privateRun(TestRunner.java:756)
	at org.testng.TestRunner.run(TestRunner.java:610)
	at org.testng.SuiteRunner.runTest(SuiteRunner.java:387)
	at org.testng.SuiteRunner.access$000(SuiteRunner.java:39)
	at org.testng.SuiteRunner$SuiteWorker.run(SuiteRunner.java:421)
	at org.testng.internal.thread.ThreadUtil$2.call(ThreadUtil.java:64)
	at java.util.concurrent.FutureTask.run(Unknown Source)
	at java.util.concurrent.ThreadPoolExecutor.runWorker(Unknown Source)
	at java.util.concurrent.ThreadPoolExecutor$Worker.run(Unknown Source)
	at java.lang.Thread.run(Unknown Source)
</pre></div></td>
<td>108</td>
<td>testScriptsTrains.Tatkal@1c72da34</td></tr>
</table><p>
<table width='100%' border='1' class='invocation-skipped'>
<tr><td colspan='4' align='center'><b>SKIPPED TESTS</b></td></tr>
<tr><td><b>Test method</b></td>
<td width="30%"><b>Exception</b></td>
<td width="10%"><b>Time (seconds)</b></td>
<td><b>Instance</b></td>
</tr>
<tr>
<td title='testScriptsTrains.Tatkal.B2cTrainsTatkal()'><b>B2cTrainsTatkal</b><br>Test class: testScriptsTrains.Tatkal<br>Parameters: SBC, MAS, Sleeper (SL), 02, Tatkal, Same, Kaveri Express, 1, 0, 0, 0, CREDIT CARD, B2C Trains HomePage SignIn General Booking with Adult=1, Your Booking is confirmed, Cancel<br/>
<a href="#Output-808718345" onClick='toggleBox("Output-808718345", this, "Show output", "Hide output");'>Show output</a>

<a href="#Output-808718345" onClick="toggleAllBoxes();">Show all outputs</a>
<div class='log' id="Output-808718345">
Train Searched for SBC to : MAS for Date : 02<br/>
<p>https://qa2.cleartrip.com/trains/results?from_station=SBC&to_station=MAS&class=SL&date=2-4-2019&adults=1&children=0&male_seniors=0&female_seniors=0</p><br/>
8<br/>
Kaveri Express<br/>
Selected train Kaveri Express is matching with Kaveri Express<br/>
Proceeding from bookstep 1<br/>
https://qa2.cleartrip.com/trains/itinerary/3d025240372d0137f2997a163e9fe348/info<br/>
</div>
</td>
<td><div><pre>org.openqa.selenium.NoSuchFrameException: No frame element found by name or id modal_window
Build info: version: &apos;3.4.0&apos;, revision: &apos;unknown&apos;, time: &apos;unknown&apos;
System info: host: &apos;SYSADM-PC&apos;, ip: &apos;192.168.43.94&apos;, os.name: &apos;Windows 7&apos;, os.arch: &apos;amd64&apos;, os.version: &apos;6.1&apos;, java.version: &apos;1.8.0_191&apos;
Driver info: driver.version: unknown
	at org.openqa.selenium.remote.RemoteWebDriver$RemoteTargetLocator.frame(RemoteWebDriver.java:973)
	at domainServices.Trains.B2CTrains_paymentIntersitialPagewithforgotpasswordflow(Trains.java:2626)
	at testScriptsTrains.Tatkal.B2cTrainsTatkal(Tatkal.java:57)
	at java.util.concurrent.FutureTask.run(Unknown Source)
	at java.util.concurrent.ThreadPoolExecutor.runWorker(Unknown Source)
	at java.util.concurrent.ThreadPoolExecutor$Worker.run(Unknown Source)
	at java.lang.Thread.run(Unknown Source)
... Removed 16 stack frames</pre></div><a href='#' onClick='toggleBox("stack-trace808718345", this, "Click to show all stack frames", "Click to hide stack frames")'>Click to show all stack frames</a>
<div class='stack-trace' id='stack-trace808718345'><pre>org.openqa.selenium.NoSuchFrameException: No frame element found by name or id modal_window
Build info: version: &apos;3.4.0&apos;, revision: &apos;unknown&apos;, time: &apos;unknown&apos;
System info: host: &apos;SYSADM-PC&apos;, ip: &apos;192.168.43.94&apos;, os.name: &apos;Windows 7&apos;, os.arch: &apos;amd64&apos;, os.version: &apos;6.1&apos;, java.version: &apos;1.8.0_191&apos;
Driver info: driver.version: unknown
	at org.openqa.selenium.remote.RemoteWebDriver$RemoteTargetLocator.frame(RemoteWebDriver.java:973)
	at domainServices.Trains.B2CTrains_paymentIntersitialPagewithforgotpasswordflow(Trains.java:2626)
	at testScriptsTrains.Tatkal.B2cTrainsTatkal(Tatkal.java:57)
	at sun.reflect.NativeMethodAccessorImpl.invoke0(Native Method)
	at sun.reflect.NativeMethodAccessorImpl.invoke(Unknown Source)
	at sun.reflect.DelegatingMethodAccessorImpl.invoke(Unknown Source)
	at java.lang.reflect.Method.invoke(Unknown Source)
	at org.testng.internal.MethodInvocationHelper.invokeMethod(MethodInvocationHelper.java:104)
	at org.testng.internal.Invoker.invokeMethod(Invoker.java:645)
	at org.testng.internal.Invoker.invokeTestMethod(Invoker.java:851)
	at org.testng.internal.Invoker.invokeTestMethods(Invoker.java:1177)
	at org.testng.internal.TestMethodWorker.invokeTestMethods(TestMethodWorker.java:129)
	at org.testng.internal.TestMethodWorker.run(TestMethodWorker.java:112)
	at org.testng.TestRunner.privateRun(TestRunner.java:756)
	at org.testng.TestRunner.run(TestRunner.java:610)
	at org.testng.SuiteRunner.runTest(SuiteRunner.java:387)
	at org.testng.SuiteRunner.access$000(SuiteRunner.java:39)
	at org.testng.SuiteRunner$SuiteWorker.run(SuiteRunner.java:421)
	at org.testng.internal.thread.ThreadUtil$2.call(ThreadUtil.java:64)
	at java.util.concurrent.FutureTask.run(Unknown Source)
	at java.util.concurrent.ThreadPoolExecutor.runWorker(Unknown Source)
	at java.util.concurrent.ThreadPoolExecutor$Worker.run(Unknown Source)
	at java.lang.Thread.run(Unknown Source)
</pre></div></td>
<td>135</td>
<td>testScriptsTrains.Tatkal@1c72da34</td></tr>
</table><p>
</body>
</html>