<?xml version="1.0" encoding="UTF-8"?>
<!-- Generated by org.testng.reporters.JUnitXMLReporter -->
<testsuite hostname="sysadm-PC" ignored="0" name="Tatkal" tests="2" failures="1" timestamp="02 Apr 2019 04:27:38 GMT" time="251.01" errors="0">
  <testcase name="B2cTrainsTatkal" time="135.305" classname="testScriptsTrains.Tatkal">
    <skipped/>
  </testcase> <!-- B2cTrainsTatkal -->
  <testcase name="B2cTrainsTatkal" time="108.874" classname="testScriptsTrains.Tatkal">
    <failure type="org.openqa.selenium.NoSuchFrameException" message="No frame element found by name or id modal_window
Build info: version: &amp;apos;3.4.0&amp;apos;, revision: &amp;apos;unknown&amp;apos;, time: &amp;apos;unknown&amp;apos;
System info: host: &amp;apos;SYSADM-PC&amp;apos;, ip: &amp;apos;192.168.43.94&amp;apos;, os.name: &amp;apos;Windows 7&amp;apos;, os.arch: &amp;apos;amd64&amp;apos;, os.version: &amp;apos;6.1&amp;apos;, java.version: &amp;apos;1.8.0_191&amp;apos;
Driver info: driver.version: unknown">
      <![CDATA[org.openqa.selenium.NoSuchFrameException: No frame element found by name or id modal_window
Build info: version: '3.4.0', revision: 'unknown', time: 'unknown'
System info: host: 'SYSADM-PC', ip: '192.168.43.94', os.name: 'Windows 7', os.arch: 'amd64', os.version: '6.1', java.version: '1.8.0_191'
Driver info: driver.version: unknown
	at org.openqa.selenium.remote.RemoteWebDriver$RemoteTargetLocator.frame(RemoteWebDriver.java:973)
	at domainServices.Trains.B2CTrains_paymentIntersitialPagewithforgotpasswordflow(Trains.java:2626)
	at testScriptsTrains.Tatkal.B2cTrainsTatkal(Tatkal.java:57)
	at java.util.concurrent.FutureTask.run(Unknown Source)
	at java.util.concurrent.ThreadPoolExecutor.runWorker(Unknown Source)
	at java.util.concurrent.ThreadPoolExecutor$Worker.run(Unknown Source)
	at java.lang.Thread.run(Unknown Source)
... Removed 16 stack frames]]>
    </failure>
  </testcase> <!-- B2cTrainsTatkal -->
</testsuite> <!-- Tatkal -->
