<html>
<head>
<title>TestNG:  Default test</title>
<link href="../testng.css" rel="stylesheet" type="text/css" />
<link href="../my-testng.css" rel="stylesheet" type="text/css" />

<style type="text/css">
.log { display: none;} 
.stack-trace { display: none;} 
</style>
<script type="text/javascript">
<!--
function flip(e) {
  current = e.style.display;
  if (current == 'block') {
    e.style.display = 'none';
    return 0;
  }
  else {
    e.style.display = 'block';
    return 1;
  }
}

function toggleBox(szDivId, elem, msg1, msg2)
{
  var res = -1;  if (document.getElementById) {
    res = flip(document.getElementById(szDivId));
  }
  else if (document.all) {
    // this is the way old msie versions work
    res = flip(document.all[szDivId]);
  }
  if(elem) {
    if(res == 0) elem.innerHTML = msg1; else elem.innerHTML = msg2;
  }

}

function toggleAllBoxes() {
  if (document.getElementsByTagName) {
    d = document.getElementsByTagName('div');
    for (i = 0; i < d.length; i++) {
      if (d[i].className == 'log') {
        flip(d[i]);
      }
    }
  }
}

// -->
</script>

</head>
<body>
<h2 align='center'>Default test</h2><table border='1' align="center">
<tr>
<td>Tests passed/Failed/Skipped:</td><td>9/1/0</td>
</tr><tr>
<td>Started on:</td><td>Wed Mar 25 19:26:59 IST 2020</td>
</tr>
<tr><td>Total time:</td><td>143 seconds (143327 ms)</td>
</tr><tr>
<td>Included groups:</td><td></td>
</tr><tr>
<td>Excluded groups:</td><td></td>
</tr>
</table><p/>
<small><i>(Hover the method name to see the test class name)</i></small><p/>
<table width='100%' border='1' class='invocation-failed'>
<tr><td colspan='4' align='center'><b>FAILED TESTS</b></td></tr>
<tr><td><b>Test method</b></td>
<td width="30%"><b>Exception</b></td>
<td width="10%"><b>Time (seconds)</b></td>
<td><b>Instance</b></td>
</tr>
<tr>
<td title='paymentsUI.PaymentUI_Validation.authenticateVariousDetails()'><b>authenticateVariousDetails</b><br>Test class: paymentsUI.PaymentUI_Validation<br/>
<a href="#Output-1904720585" onClick='toggleBox("Output-1904720585", this, "Show output", "Hide output");'>Show output</a>

<a href="#Output-1904720585" onClick="toggleAllBoxes();">Show all outputs</a>
<div class='log' id="Output-1904720585">
Exception isorg.openqa.selenium.NoSuchElementException: no such element: Unable to locate element: {"method":"xpath","selector":"//p[text()='Trip Details']"}
  (Session info: headless chrome=80.0.3987.149)
  (Driver info: chromedriver=2.35.528161 (5b82f2d2aae0ca24b877009200ced9065a772e73),platform=Windows NT 6.1.7601 SP1 x86_64) (WARNING: The server did not provide any stacktrace information)
Command duration or timeout: 0 milliseconds
For documentation on this error, please visit: https://www.seleniumhq.org/exceptions/no_such_element.html
Build info: version: '3.141.59', revision: 'e82be7d358', time: '2018-11-14T08:17:03'
System info: host: 'SYSADM-IT3407', ip: '192.168.254.12', os.name: 'Windows 7', os.arch: 'amd64', os.version: '6.1', java.version: '1.8.0_181'
Driver info: org.openqa.selenium.chrome.ChromeDriver
Capabilities {acceptInsecureCerts: false, acceptSslCerts: false, applicationCacheEnabled: false, browserConnectionEnabled: false, browserName: chrome, chrome: {chromedriverVersion: 2.35.528161 (5b82f2d2aae0ca..., userDataDir: C:\Users\RAJESH~1\AppData\L...}, cssSelectorsEnabled: true, databaseEnabled: false, handlesAlerts: true, hasTouchScreen: false, javascriptEnabled: true, locationContextEnabled: true, mobileEmulationEnabled: false, nativeEvents: true, networkConnectionEnabled: false, pageLoadStrategy: normal, platform: XP, platformName: XP, rotatable: false, setWindowRect: true, takesHeapSnapshot: true, takesScreenshot: true, unexpectedAlertBehaviour: , unhandledPromptBehavior: , version: 80.0.3987.149, webStorageEnabled: true}
Session ID: f469b8acb928df6373c647e3533dff92
*** Element info: {Using=xpath, value=//p[text()='Trip Details']}<br/>
</div>
</td>
<td><div><pre>junit.framework.AssertionFailedError: Section Name is not valid
	at junit.framework.Assert.fail(Assert.java:50)
	at junit.framework.Assert.assertTrue(Assert.java:20)
	at domains.PaymentNodeJS.validateSectionDetails(PaymentNodeJS.java:1612)
	at paymentsUI.PaymentUI_Validation.authenticateVariousDetails(PaymentUI_Validation.java:185)
	at sun.reflect.NativeMethodAccessorImpl.invoke0(Native Method)
	at sun.reflect.NativeMethodAccessorImpl.invoke(Unknown Source)
	at sun.reflect.DelegatingMethodAccessorImpl.invoke(Unknown Source)
	at java.lang.reflect.Method.invoke(Unknown Source)
	at org.testng.internal.MethodInvocationHelper.invokeMethod(MethodInvocationHelper.java:124)
	at org.testng.internal.Invoker.invokeMethod(Invoker.java:583)
	at org.testng.internal.Invoker.invokeTestMethod(Invoker.java:719)
	at org.testng.internal.Invoker.invokeTestMethods(Invoker.java:989)
	at org.testng.internal.TestMethodWorker.invokeTestMethods(TestMethodWorker.java:125)
	at org.testng.internal.TestMethodWorker.run(TestMethodWorker.java:109)
	at org.testng.TestRunner.privateRun(TestRunner.java:648)
	at org.testng.TestRunner.run(TestRunner.java:505)
	at org.testng.SuiteRunner.runTest(SuiteRunner.java:455)
	at org.testng.SuiteRunner.runSequentially(SuiteRunner.java:450)
	at org.testng.SuiteRunner.privateRun(SuiteRunner.java:415)
	at org.testng.SuiteRunner.run(SuiteRunner.java:364)
	at org.testng.SuiteRunnerWorker.runSuite(SuiteRunnerWorker.java:52)
	at org.testng.SuiteRunnerWorker.run(SuiteRunnerWorker.java:84)
	at org.testng.TestNG.runSuitesSequentially(TestNG.java:1208)
	at org.testng.TestNG.runSuitesLocally(TestNG.java:1137)
	at org.testng.TestNG.runSuites(TestNG.java:1049)
	at org.testng.TestNG.run(TestNG.java:1017)
	at org.testng.remote.AbstractRemoteTestNG.run(AbstractRemoteTestNG.java:115)
	at org.testng.remote.RemoteTestNG.initAndRun(RemoteTestNG.java:251)
	at org.testng.remote.RemoteTestNG.main(RemoteTestNG.java:77)
</pre></div><a href='#' onClick='toggleBox("stack-trace1904720585", this, "Click to show all stack frames", "Click to hide stack frames")'>Click to show all stack frames</a>
<div class='stack-trace' id='stack-trace1904720585'><pre>junit.framework.AssertionFailedError: Section Name is not valid
	at junit.framework.Assert.fail(Assert.java:50)
	at junit.framework.Assert.assertTrue(Assert.java:20)
	at domains.PaymentNodeJS.validateSectionDetails(PaymentNodeJS.java:1612)
	at paymentsUI.PaymentUI_Validation.authenticateVariousDetails(PaymentUI_Validation.java:185)
	at sun.reflect.NativeMethodAccessorImpl.invoke0(Native Method)
	at sun.reflect.NativeMethodAccessorImpl.invoke(Unknown Source)
	at sun.reflect.DelegatingMethodAccessorImpl.invoke(Unknown Source)
	at java.lang.reflect.Method.invoke(Unknown Source)
	at org.testng.internal.MethodInvocationHelper.invokeMethod(MethodInvocationHelper.java:124)
	at org.testng.internal.Invoker.invokeMethod(Invoker.java:583)
	at org.testng.internal.Invoker.invokeTestMethod(Invoker.java:719)
	at org.testng.internal.Invoker.invokeTestMethods(Invoker.java:989)
	at org.testng.internal.TestMethodWorker.invokeTestMethods(TestMethodWorker.java:125)
	at org.testng.internal.TestMethodWorker.run(TestMethodWorker.java:109)
	at org.testng.TestRunner.privateRun(TestRunner.java:648)
	at org.testng.TestRunner.run(TestRunner.java:505)
	at org.testng.SuiteRunner.runTest(SuiteRunner.java:455)
	at org.testng.SuiteRunner.runSequentially(SuiteRunner.java:450)
	at org.testng.SuiteRunner.privateRun(SuiteRunner.java:415)
	at org.testng.SuiteRunner.run(SuiteRunner.java:364)
	at org.testng.SuiteRunnerWorker.runSuite(SuiteRunnerWorker.java:52)
	at org.testng.SuiteRunnerWorker.run(SuiteRunnerWorker.java:84)
	at org.testng.TestNG.runSuitesSequentially(TestNG.java:1208)
	at org.testng.TestNG.runSuitesLocally(TestNG.java:1137)
	at org.testng.TestNG.runSuites(TestNG.java:1049)
	at org.testng.TestNG.run(TestNG.java:1017)
	at org.testng.remote.AbstractRemoteTestNG.run(AbstractRemoteTestNG.java:115)
	at org.testng.remote.RemoteTestNG.initAndRun(RemoteTestNG.java:251)
	at org.testng.remote.RemoteTestNG.main(RemoteTestNG.java:77)
</pre></div></td>
<td>20</td>
<td>paymentsUI.PaymentUI_Validation@2df3b89c</td></tr>
</table><p>
<table width='100%' border='1' class='invocation-passed'>
<tr><td colspan='4' align='center'><b>PASSED TESTS</b></td></tr>
<tr><td><b>Test method</b></td>
<td width="30%"><b>Exception</b></td>
<td width="10%"><b>Time (seconds)</b></td>
<td><b>Instance</b></td>
</tr>
<tr>
<td title='paymentsUI.PaymentUI_Validation.emptyCreditCardErrorValidation()'><b>emptyCreditCardErrorValidation</b><br>Test class: paymentsUI.PaymentUI_Validation</td>
<td></td>
<td>0</td>
<td>paymentsUI.PaymentUI_Validation@2df3b89c</td></tr>
<tr>
<td title='paymentsUI.PaymentUI_Validation.emptyDebitCardErrorValidation()'><b>emptyDebitCardErrorValidation</b><br>Test class: paymentsUI.PaymentUI_Validation</td>
<td></td>
<td>0</td>
<td>paymentsUI.PaymentUI_Validation@2df3b89c</td></tr>
<tr>
<td title='paymentsUI.PaymentUI_Validation.firePaymentURLandValidatePaymentModes()'><b>firePaymentURLandValidatePaymentModes</b><br>Test class: paymentsUI.PaymentUI_Validation</td>
<td></td>
<td>27</td>
<td>paymentsUI.PaymentUI_Validation@2df3b89c</td></tr>
<tr>
<td title='paymentsUI.PaymentUI_Validation.getPayURL()'><b>getPayURL</b><br>Test class: paymentsUI.PaymentUI_Validation<br/>
<a href="#Output-967531000" onClick='toggleBox("Output-967531000", this, "Show output", "Hide output");'>Show output</a>

<a href="#Output-967531000" onClick="toggleAllBoxes();">Show all outputs</a>
<div class='log' id="Output-967531000">
Response body BookApp/GetPay : {"trip_ref":"Q20125177","status":"S","error_msg":null,"payment_url":"/pay/train/VFtUdUBFQhMh?lang=en"}<br/>
statusCode: 200<br/>
</div>
</td>
<td></td>
<td>0</td>
<td>paymentsUI.PaymentUI_Validation@2df3b89c</td></tr>
<tr>
<td title='paymentsUI.PaymentUI_Validation.imagesAndText()'><b>imagesAndText</b><br>Test class: paymentsUI.PaymentUI_Validation</td>
<td></td>
<td>0</td>
<td>paymentsUI.PaymentUI_Validation@2df3b89c</td></tr>
<tr>
<td title='paymentsUI.PaymentUI_Validation.licenseAgreementPolicy()'><b>licenseAgreementPolicy</b><br>Test class: paymentsUI.PaymentUI_Validation</td>
<td></td>
<td>5</td>
<td>paymentsUI.PaymentUI_Validation@2df3b89c</td></tr>
<tr>
<td title='paymentsUI.PaymentUI_Validation.secondRetryMakePayment()'><b>secondRetryMakePayment</b><br>Test class: paymentsUI.PaymentUI_Validation<br/>
<a href="#Output-603483530" onClick='toggleBox("Output-603483530", this, "Show output", "Hide output");'>Show output</a>

<a href="#Output-603483530" onClick="toggleAllBoxes();">Show all outputs</a>
<div class='log' id="Output-603483530">
http://172.17.26.11:8358<br/>
http://qa2.cleartrip.com/pay/train/V1VUd0BFQhMh?lang=en<br/>
</div>
</td>
<td></td>
<td>44</td>
<td>paymentsUI.PaymentUI_Validation@2df3b89c</td></tr>
<tr>
<td title='paymentsUI.PaymentUI_Validation.validateInvalidCvv()'><b>validateInvalidCvv</b><br>Test class: paymentsUI.PaymentUI_Validation</td>
<td></td>
<td>16</td>
<td>paymentsUI.PaymentUI_Validation@2df3b89c</td></tr>
<tr>
<td title='paymentsUI.PaymentUI_Validation.validateInvalidExpiry()'><b>validateInvalidExpiry</b><br>Test class: paymentsUI.PaymentUI_Validation</td>
<td></td>
<td>24</td>
<td>paymentsUI.PaymentUI_Validation@2df3b89c</td></tr>
</table><p>
</body>
</html>