<?xml version="1.0" encoding="utf-8" ?>
<!DOCTYPE html PUBLIC "-//W3C//DTD XHTML 1.0 Strict//EN"
        "http://www.w3.org/TR/xhtml1/DTD/xhtml1-strict.dtd">
<html xmlns="http://www.w3.org/1999/xhtml" xml:lang="" lang="">
<head>
  <title>Test Results Report - BH ME OM QA Domain</title>
  <meta http-equiv="Content-Type" content="text/html;charset=utf-8" />
  <meta name="description" content="TestNG unit test results." />
  <link href="reportng.css" rel="stylesheet" type="text/css" />
    <script type="text/javascript" src="reportng.js"></script>
</head>
<body>
<h1>BH ME OM QA Domain</h1>
<p>
  Test duration: 2.903s
</p>

  <table class="resultsTable configTable">
    <tr><th colspan="3" class="header failedConfig">Failed Configuration</th></tr>
              <tr class="group">
        <td colspan="3">paymentsBento_Itn.Bento_BH_PayU_Booking</td>
      </tr>
            
<tr>
  <td class="method">
                  setUp
      </td>
  <td class="duration">
    0.587s
  </td>
  <td class="result">
        
    
        

        <a href="javascript:toggleElement('exception-0', 'block')" title="Click to expand/collapse"><b>org.openqa.selenium.SessionNotCreatedException: session not created: This version of ChromeDriver only supports Chrome version 88<br/>
Current browser version is 97.0.4692.71 with binary path /usr/bin/google-chrome<br/>
Build info: version: &apos;3.141.59&apos;, revision: &apos;e82be7d358&apos;, time: &apos;2018-11-14T08:17:03&apos;<br/>
System info: host: &apos;sysadm-Latitude-5480&apos;, ip: &apos;127.0.1.1&apos;, os.name: &apos;Linux&apos;, os.arch: &apos;amd64&apos;, os.version: &apos;5.4.0-80-generic&apos;, java.version: &apos;11.0.11&apos;<br/>
Driver info: driver.version: ChromeDriver<br/>
remote stacktrace: #0 0x5632c0296199 &lt;unknown&gt;<br/>
</b></a><br />
    <div class="stackTrace" id="exception-0">
              java.base/jdk.internal.reflect.NativeConstructorAccessorImpl.newInstance0(Native Method)<br />
              java.base/jdk.internal.reflect.NativeConstructorAccessorImpl.newInstance(NativeConstructorAccessorImpl.java:62)<br />
              java.base/jdk.internal.reflect.DelegatingConstructorAccessorImpl.newInstance(DelegatingConstructorAccessorImpl.java:45)<br />
              java.base/java.lang.reflect.Constructor.newInstance(Constructor.java:490)<br />
              org.openqa.selenium.remote.W3CHandshakeResponse.lambda$errorHandler$0(W3CHandshakeResponse.java:62)<br />
              org.openqa.selenium.remote.HandshakeResponse.lambda$getResponseFunction$0(HandshakeResponse.java:30)<br />
              org.openqa.selenium.remote.ProtocolHandshake.lambda$createSession$0(ProtocolHandshake.java:126)<br />
              java.base/java.util.stream.ReferencePipeline$3$1.accept(ReferencePipeline.java:195)<br />
              java.base/java.util.Spliterators$ArraySpliterator.tryAdvance(Spliterators.java:958)<br />
              java.base/java.util.stream.ReferencePipeline.forEachWithCancel(ReferencePipeline.java:127)<br />
              java.base/java.util.stream.AbstractPipeline.copyIntoWithCancel(AbstractPipeline.java:502)<br />
              java.base/java.util.stream.AbstractPipeline.copyInto(AbstractPipeline.java:488)<br />
              java.base/java.util.stream.AbstractPipeline.wrapAndCopyInto(AbstractPipeline.java:474)<br />
              java.base/java.util.stream.FindOps$FindOp.evaluateSequential(FindOps.java:150)<br />
              java.base/java.util.stream.AbstractPipeline.evaluate(AbstractPipeline.java:234)<br />
              java.base/java.util.stream.ReferencePipeline.findFirst(ReferencePipeline.java:543)<br />
              org.openqa.selenium.remote.ProtocolHandshake.createSession(ProtocolHandshake.java:128)<br />
              org.openqa.selenium.remote.ProtocolHandshake.createSession(ProtocolHandshake.java:74)<br />
              org.openqa.selenium.remote.HttpCommandExecutor.execute(HttpCommandExecutor.java:136)<br />
              org.openqa.selenium.remote.service.DriverCommandExecutor.execute(DriverCommandExecutor.java:83)<br />
              org.openqa.selenium.remote.RemoteWebDriver.execute(RemoteWebDriver.java:552)<br />
              org.openqa.selenium.remote.RemoteWebDriver.startSession(RemoteWebDriver.java:213)<br />
              org.openqa.selenium.remote.RemoteWebDriver.&lt;init&gt;(RemoteWebDriver.java:131)<br />
              org.openqa.selenium.chrome.ChromeDriver.&lt;init&gt;(ChromeDriver.java:181)<br />
              org.openqa.selenium.chrome.ChromeDriver.&lt;init&gt;(ChromeDriver.java:147)<br />
              common.WrapperMethod.getDriver(WrapperMethod.java:261)<br />
              paymentsBento_Itn.Bento_BH_PayU_Booking.setUp(Bento_BH_PayU_Booking.java:15)<br />
              java.base/jdk.internal.reflect.NativeMethodAccessorImpl.invoke0(Native Method)<br />
              java.base/jdk.internal.reflect.NativeMethodAccessorImpl.invoke(NativeMethodAccessorImpl.java:62)<br />
              java.base/jdk.internal.reflect.DelegatingMethodAccessorImpl.invoke(DelegatingMethodAccessorImpl.java:43)<br />
              java.base/java.lang.reflect.Method.invoke(Method.java:566)<br />
              org.testng.internal.MethodInvocationHelper.invokeMethod(MethodInvocationHelper.java:124)<br />
              org.testng.internal.MethodInvocationHelper.invokeMethodConsideringTimeout(MethodInvocationHelper.java:59)<br />
              org.testng.internal.Invoker.invokeConfigurationMethod(Invoker.java:458)<br />
              org.testng.internal.Invoker.invokeConfigurations(Invoker.java:222)<br />
              org.testng.internal.Invoker.invokeConfigurations(Invoker.java:142)<br />
              org.testng.internal.TestMethodWorker.invokeBeforeClassMethods(TestMethodWorker.java:168)<br />
              org.testng.internal.TestMethodWorker.run(TestMethodWorker.java:105)<br />
              org.testng.TestRunner.privateRun(TestRunner.java:648)<br />
              org.testng.TestRunner.run(TestRunner.java:505)<br />
              org.testng.SuiteRunner.runTest(SuiteRunner.java:455)<br />
              org.testng.SuiteRunner.access$000(SuiteRunner.java:40)<br />
              org.testng.SuiteRunner$SuiteWorker.run(SuiteRunner.java:489)<br />
              org.testng.internal.thread.ThreadUtil$1.call(ThreadUtil.java:52)<br />
              java.base/java.util.concurrent.FutureTask.run(FutureTask.java:264)<br />
              java.base/java.util.concurrent.ThreadPoolExecutor.runWorker(ThreadPoolExecutor.java:1128)<br />
              java.base/java.util.concurrent.ThreadPoolExecutor$Worker.run(ThreadPoolExecutor.java:628)<br />
              java.base/java.lang.Thread.run(Thread.java:829)<br />
                </div>
      </td>
</tr>
          <tr class="group">
        <td colspan="3">paymentsBento_Itn.Bento_ME_PayU_Booking</td>
      </tr>
            
<tr>
  <td class="method">
                  setUp
      </td>
  <td class="duration">
    0.547s
  </td>
  <td class="result">
        
    
        

        <a href="javascript:toggleElement('exception-1', 'block')" title="Click to expand/collapse"><b>org.openqa.selenium.SessionNotCreatedException: session not created: This version of ChromeDriver only supports Chrome version 88<br/>
Current browser version is 97.0.4692.71 with binary path /usr/bin/google-chrome<br/>
Build info: version: &apos;3.141.59&apos;, revision: &apos;e82be7d358&apos;, time: &apos;2018-11-14T08:17:03&apos;<br/>
System info: host: &apos;sysadm-Latitude-5480&apos;, ip: &apos;127.0.1.1&apos;, os.name: &apos;Linux&apos;, os.arch: &apos;amd64&apos;, os.version: &apos;5.4.0-80-generic&apos;, java.version: &apos;11.0.11&apos;<br/>
Driver info: driver.version: ChromeDriver<br/>
remote stacktrace: #0 0x5584b2f8b199 &lt;unknown&gt;<br/>
</b></a><br />
    <div class="stackTrace" id="exception-1">
              jdk.internal.reflect.GeneratedConstructorAccessor18.newInstance(Unknown Source)<br />
              java.base/jdk.internal.reflect.DelegatingConstructorAccessorImpl.newInstance(DelegatingConstructorAccessorImpl.java:45)<br />
              java.base/java.lang.reflect.Constructor.newInstance(Constructor.java:490)<br />
              org.openqa.selenium.remote.W3CHandshakeResponse.lambda$errorHandler$0(W3CHandshakeResponse.java:62)<br />
              org.openqa.selenium.remote.HandshakeResponse.lambda$getResponseFunction$0(HandshakeResponse.java:30)<br />
              org.openqa.selenium.remote.ProtocolHandshake.lambda$createSession$0(ProtocolHandshake.java:126)<br />
              java.base/java.util.stream.ReferencePipeline$3$1.accept(ReferencePipeline.java:195)<br />
              java.base/java.util.Spliterators$ArraySpliterator.tryAdvance(Spliterators.java:958)<br />
              java.base/java.util.stream.ReferencePipeline.forEachWithCancel(ReferencePipeline.java:127)<br />
              java.base/java.util.stream.AbstractPipeline.copyIntoWithCancel(AbstractPipeline.java:502)<br />
              java.base/java.util.stream.AbstractPipeline.copyInto(AbstractPipeline.java:488)<br />
              java.base/java.util.stream.AbstractPipeline.wrapAndCopyInto(AbstractPipeline.java:474)<br />
              java.base/java.util.stream.FindOps$FindOp.evaluateSequential(FindOps.java:150)<br />
              java.base/java.util.stream.AbstractPipeline.evaluate(AbstractPipeline.java:234)<br />
              java.base/java.util.stream.ReferencePipeline.findFirst(ReferencePipeline.java:543)<br />
              org.openqa.selenium.remote.ProtocolHandshake.createSession(ProtocolHandshake.java:128)<br />
              org.openqa.selenium.remote.ProtocolHandshake.createSession(ProtocolHandshake.java:74)<br />
              org.openqa.selenium.remote.HttpCommandExecutor.execute(HttpCommandExecutor.java:136)<br />
              org.openqa.selenium.remote.service.DriverCommandExecutor.execute(DriverCommandExecutor.java:83)<br />
              org.openqa.selenium.remote.RemoteWebDriver.execute(RemoteWebDriver.java:552)<br />
              org.openqa.selenium.remote.RemoteWebDriver.startSession(RemoteWebDriver.java:213)<br />
              org.openqa.selenium.remote.RemoteWebDriver.&lt;init&gt;(RemoteWebDriver.java:131)<br />
              org.openqa.selenium.chrome.ChromeDriver.&lt;init&gt;(ChromeDriver.java:181)<br />
              org.openqa.selenium.chrome.ChromeDriver.&lt;init&gt;(ChromeDriver.java:147)<br />
              common.WrapperMethod.getDriver(WrapperMethod.java:261)<br />
              paymentsBento_Itn.Bento_ME_PayU_Booking.setUp(Bento_ME_PayU_Booking.java:15)<br />
              java.base/jdk.internal.reflect.NativeMethodAccessorImpl.invoke0(Native Method)<br />
              java.base/jdk.internal.reflect.NativeMethodAccessorImpl.invoke(NativeMethodAccessorImpl.java:62)<br />
              java.base/jdk.internal.reflect.DelegatingMethodAccessorImpl.invoke(DelegatingMethodAccessorImpl.java:43)<br />
              java.base/java.lang.reflect.Method.invoke(Method.java:566)<br />
              org.testng.internal.MethodInvocationHelper.invokeMethod(MethodInvocationHelper.java:124)<br />
              org.testng.internal.MethodInvocationHelper.invokeMethodConsideringTimeout(MethodInvocationHelper.java:59)<br />
              org.testng.internal.Invoker.invokeConfigurationMethod(Invoker.java:458)<br />
              org.testng.internal.Invoker.invokeConfigurations(Invoker.java:222)<br />
              org.testng.internal.Invoker.invokeConfigurations(Invoker.java:142)<br />
              org.testng.internal.TestMethodWorker.invokeBeforeClassMethods(TestMethodWorker.java:168)<br />
              org.testng.internal.TestMethodWorker.run(TestMethodWorker.java:105)<br />
              org.testng.TestRunner.privateRun(TestRunner.java:648)<br />
              org.testng.TestRunner.run(TestRunner.java:505)<br />
              org.testng.SuiteRunner.runTest(SuiteRunner.java:455)<br />
              org.testng.SuiteRunner.access$000(SuiteRunner.java:40)<br />
              org.testng.SuiteRunner$SuiteWorker.run(SuiteRunner.java:489)<br />
              org.testng.internal.thread.ThreadUtil$1.call(ThreadUtil.java:52)<br />
              java.base/java.util.concurrent.FutureTask.run(FutureTask.java:264)<br />
              java.base/java.util.concurrent.ThreadPoolExecutor.runWorker(ThreadPoolExecutor.java:1128)<br />
              java.base/java.util.concurrent.ThreadPoolExecutor$Worker.run(ThreadPoolExecutor.java:628)<br />
              java.base/java.lang.Thread.run(Thread.java:829)<br />
                </div>
      </td>
</tr>
          <tr class="group">
        <td colspan="3">paymentsBento_Itn.Bento_OM_PayU_Booking</td>
      </tr>
            
<tr>
  <td class="method">
                  setUp
      </td>
  <td class="duration">
    0.992s
  </td>
  <td class="result">
        
    
        

        <a href="javascript:toggleElement('exception-2', 'block')" title="Click to expand/collapse"><b>org.openqa.selenium.SessionNotCreatedException: session not created: This version of ChromeDriver only supports Chrome version 88<br/>
Current browser version is 97.0.4692.71 with binary path /usr/bin/google-chrome<br/>
Build info: version: &apos;3.141.59&apos;, revision: &apos;e82be7d358&apos;, time: &apos;2018-11-14T08:17:03&apos;<br/>
System info: host: &apos;sysadm-Latitude-5480&apos;, ip: &apos;127.0.1.1&apos;, os.name: &apos;Linux&apos;, os.arch: &apos;amd64&apos;, os.version: &apos;5.4.0-80-generic&apos;, java.version: &apos;11.0.11&apos;<br/>
Driver info: driver.version: ChromeDriver<br/>
remote stacktrace: #0 0x564178507199 &lt;unknown&gt;<br/>
</b></a><br />
    <div class="stackTrace" id="exception-2">
              jdk.internal.reflect.GeneratedConstructorAccessor18.newInstance(Unknown Source)<br />
              java.base/jdk.internal.reflect.DelegatingConstructorAccessorImpl.newInstance(DelegatingConstructorAccessorImpl.java:45)<br />
              java.base/java.lang.reflect.Constructor.newInstance(Constructor.java:490)<br />
              org.openqa.selenium.remote.W3CHandshakeResponse.lambda$errorHandler$0(W3CHandshakeResponse.java:62)<br />
              org.openqa.selenium.remote.HandshakeResponse.lambda$getResponseFunction$0(HandshakeResponse.java:30)<br />
              org.openqa.selenium.remote.ProtocolHandshake.lambda$createSession$0(ProtocolHandshake.java:126)<br />
              java.base/java.util.stream.ReferencePipeline$3$1.accept(ReferencePipeline.java:195)<br />
              java.base/java.util.Spliterators$ArraySpliterator.tryAdvance(Spliterators.java:958)<br />
              java.base/java.util.stream.ReferencePipeline.forEachWithCancel(ReferencePipeline.java:127)<br />
              java.base/java.util.stream.AbstractPipeline.copyIntoWithCancel(AbstractPipeline.java:502)<br />
              java.base/java.util.stream.AbstractPipeline.copyInto(AbstractPipeline.java:488)<br />
              java.base/java.util.stream.AbstractPipeline.wrapAndCopyInto(AbstractPipeline.java:474)<br />
              java.base/java.util.stream.FindOps$FindOp.evaluateSequential(FindOps.java:150)<br />
              java.base/java.util.stream.AbstractPipeline.evaluate(AbstractPipeline.java:234)<br />
              java.base/java.util.stream.ReferencePipeline.findFirst(ReferencePipeline.java:543)<br />
              org.openqa.selenium.remote.ProtocolHandshake.createSession(ProtocolHandshake.java:128)<br />
              org.openqa.selenium.remote.ProtocolHandshake.createSession(ProtocolHandshake.java:74)<br />
              org.openqa.selenium.remote.HttpCommandExecutor.execute(HttpCommandExecutor.java:136)<br />
              org.openqa.selenium.remote.service.DriverCommandExecutor.execute(DriverCommandExecutor.java:83)<br />
              org.openqa.selenium.remote.RemoteWebDriver.execute(RemoteWebDriver.java:552)<br />
              org.openqa.selenium.remote.RemoteWebDriver.startSession(RemoteWebDriver.java:213)<br />
              org.openqa.selenium.remote.RemoteWebDriver.&lt;init&gt;(RemoteWebDriver.java:131)<br />
              org.openqa.selenium.chrome.ChromeDriver.&lt;init&gt;(ChromeDriver.java:181)<br />
              org.openqa.selenium.chrome.ChromeDriver.&lt;init&gt;(ChromeDriver.java:147)<br />
              common.WrapperMethod.getDriver(WrapperMethod.java:261)<br />
              paymentsBento_Itn.Bento_OM_PayU_Booking.setUp(Bento_OM_PayU_Booking.java:15)<br />
              java.base/jdk.internal.reflect.NativeMethodAccessorImpl.invoke0(Native Method)<br />
              java.base/jdk.internal.reflect.NativeMethodAccessorImpl.invoke(NativeMethodAccessorImpl.java:62)<br />
              java.base/jdk.internal.reflect.DelegatingMethodAccessorImpl.invoke(DelegatingMethodAccessorImpl.java:43)<br />
              java.base/java.lang.reflect.Method.invoke(Method.java:566)<br />
              org.testng.internal.MethodInvocationHelper.invokeMethod(MethodInvocationHelper.java:124)<br />
              org.testng.internal.MethodInvocationHelper.invokeMethodConsideringTimeout(MethodInvocationHelper.java:59)<br />
              org.testng.internal.Invoker.invokeConfigurationMethod(Invoker.java:458)<br />
              org.testng.internal.Invoker.invokeConfigurations(Invoker.java:222)<br />
              org.testng.internal.Invoker.invokeConfigurations(Invoker.java:142)<br />
              org.testng.internal.TestMethodWorker.invokeBeforeClassMethods(TestMethodWorker.java:168)<br />
              org.testng.internal.TestMethodWorker.run(TestMethodWorker.java:105)<br />
              org.testng.TestRunner.privateRun(TestRunner.java:648)<br />
              org.testng.TestRunner.run(TestRunner.java:505)<br />
              org.testng.SuiteRunner.runTest(SuiteRunner.java:455)<br />
              org.testng.SuiteRunner.access$000(SuiteRunner.java:40)<br />
              org.testng.SuiteRunner$SuiteWorker.run(SuiteRunner.java:489)<br />
              org.testng.internal.thread.ThreadUtil$1.call(ThreadUtil.java:52)<br />
              java.base/java.util.concurrent.FutureTask.run(FutureTask.java:264)<br />
              java.base/java.util.concurrent.ThreadPoolExecutor.runWorker(ThreadPoolExecutor.java:1128)<br />
              java.base/java.util.concurrent.ThreadPoolExecutor$Worker.run(ThreadPoolExecutor.java:628)<br />
              java.base/java.lang.Thread.run(Thread.java:829)<br />
                </div>
      </td>
</tr>
          <tr class="group">
        <td colspan="3">paymentsBento_Itn.Bento_QA_PayU_Booking</td>
      </tr>
            
<tr>
  <td class="method">
                  setUp
      </td>
  <td class="duration">
    0.776s
  </td>
  <td class="result">
        
    
        

        <a href="javascript:toggleElement('exception-3', 'block')" title="Click to expand/collapse"><b>org.openqa.selenium.SessionNotCreatedException: session not created: This version of ChromeDriver only supports Chrome version 88<br/>
Current browser version is 97.0.4692.71 with binary path /usr/bin/google-chrome<br/>
Build info: version: &apos;3.141.59&apos;, revision: &apos;e82be7d358&apos;, time: &apos;2018-11-14T08:17:03&apos;<br/>
System info: host: &apos;sysadm-Latitude-5480&apos;, ip: &apos;127.0.1.1&apos;, os.name: &apos;Linux&apos;, os.arch: &apos;amd64&apos;, os.version: &apos;5.4.0-80-generic&apos;, java.version: &apos;11.0.11&apos;<br/>
Driver info: driver.version: ChromeDriver<br/>
remote stacktrace: #0 0x55e3ff63b199 &lt;unknown&gt;<br/>
</b></a><br />
    <div class="stackTrace" id="exception-3">
              jdk.internal.reflect.GeneratedConstructorAccessor18.newInstance(Unknown Source)<br />
              java.base/jdk.internal.reflect.DelegatingConstructorAccessorImpl.newInstance(DelegatingConstructorAccessorImpl.java:45)<br />
              java.base/java.lang.reflect.Constructor.newInstance(Constructor.java:490)<br />
              org.openqa.selenium.remote.W3CHandshakeResponse.lambda$errorHandler$0(W3CHandshakeResponse.java:62)<br />
              org.openqa.selenium.remote.HandshakeResponse.lambda$getResponseFunction$0(HandshakeResponse.java:30)<br />
              org.openqa.selenium.remote.ProtocolHandshake.lambda$createSession$0(ProtocolHandshake.java:126)<br />
              java.base/java.util.stream.ReferencePipeline$3$1.accept(ReferencePipeline.java:195)<br />
              java.base/java.util.Spliterators$ArraySpliterator.tryAdvance(Spliterators.java:958)<br />
              java.base/java.util.stream.ReferencePipeline.forEachWithCancel(ReferencePipeline.java:127)<br />
              java.base/java.util.stream.AbstractPipeline.copyIntoWithCancel(AbstractPipeline.java:502)<br />
              java.base/java.util.stream.AbstractPipeline.copyInto(AbstractPipeline.java:488)<br />
              java.base/java.util.stream.AbstractPipeline.wrapAndCopyInto(AbstractPipeline.java:474)<br />
              java.base/java.util.stream.FindOps$FindOp.evaluateSequential(FindOps.java:150)<br />
              java.base/java.util.stream.AbstractPipeline.evaluate(AbstractPipeline.java:234)<br />
              java.base/java.util.stream.ReferencePipeline.findFirst(ReferencePipeline.java:543)<br />
              org.openqa.selenium.remote.ProtocolHandshake.createSession(ProtocolHandshake.java:128)<br />
              org.openqa.selenium.remote.ProtocolHandshake.createSession(ProtocolHandshake.java:74)<br />
              org.openqa.selenium.remote.HttpCommandExecutor.execute(HttpCommandExecutor.java:136)<br />
              org.openqa.selenium.remote.service.DriverCommandExecutor.execute(DriverCommandExecutor.java:83)<br />
              org.openqa.selenium.remote.RemoteWebDriver.execute(RemoteWebDriver.java:552)<br />
              org.openqa.selenium.remote.RemoteWebDriver.startSession(RemoteWebDriver.java:213)<br />
              org.openqa.selenium.remote.RemoteWebDriver.&lt;init&gt;(RemoteWebDriver.java:131)<br />
              org.openqa.selenium.chrome.ChromeDriver.&lt;init&gt;(ChromeDriver.java:181)<br />
              org.openqa.selenium.chrome.ChromeDriver.&lt;init&gt;(ChromeDriver.java:147)<br />
              common.WrapperMethod.getDriver(WrapperMethod.java:261)<br />
              paymentsBento_Itn.Bento_QA_PayU_Booking.setUp(Bento_QA_PayU_Booking.java:15)<br />
              java.base/jdk.internal.reflect.NativeMethodAccessorImpl.invoke0(Native Method)<br />
              java.base/jdk.internal.reflect.NativeMethodAccessorImpl.invoke(NativeMethodAccessorImpl.java:62)<br />
              java.base/jdk.internal.reflect.DelegatingMethodAccessorImpl.invoke(DelegatingMethodAccessorImpl.java:43)<br />
              java.base/java.lang.reflect.Method.invoke(Method.java:566)<br />
              org.testng.internal.MethodInvocationHelper.invokeMethod(MethodInvocationHelper.java:124)<br />
              org.testng.internal.MethodInvocationHelper.invokeMethodConsideringTimeout(MethodInvocationHelper.java:59)<br />
              org.testng.internal.Invoker.invokeConfigurationMethod(Invoker.java:458)<br />
              org.testng.internal.Invoker.invokeConfigurations(Invoker.java:222)<br />
              org.testng.internal.Invoker.invokeConfigurations(Invoker.java:142)<br />
              org.testng.internal.TestMethodWorker.invokeBeforeClassMethods(TestMethodWorker.java:168)<br />
              org.testng.internal.TestMethodWorker.run(TestMethodWorker.java:105)<br />
              org.testng.TestRunner.privateRun(TestRunner.java:648)<br />
              org.testng.TestRunner.run(TestRunner.java:505)<br />
              org.testng.SuiteRunner.runTest(SuiteRunner.java:455)<br />
              org.testng.SuiteRunner.access$000(SuiteRunner.java:40)<br />
              org.testng.SuiteRunner$SuiteWorker.run(SuiteRunner.java:489)<br />
              org.testng.internal.thread.ThreadUtil$1.call(ThreadUtil.java:52)<br />
              java.base/java.util.concurrent.FutureTask.run(FutureTask.java:264)<br />
              java.base/java.util.concurrent.ThreadPoolExecutor.runWorker(ThreadPoolExecutor.java:1128)<br />
              java.base/java.util.concurrent.ThreadPoolExecutor$Worker.run(ThreadPoolExecutor.java:628)<br />
              java.base/java.lang.Thread.run(Thread.java:829)<br />
                </div>
      </td>
</tr>
    
          <tr><td colspan="3">&nbsp;</td></tr>
      <tr><td colspan="3" class="header skippedConfig">Skipped Configuration</td></tr>
                    <tr>
          <td colspan="3" class="group">paymentsBento_Itn.Bento_BH_PayU_Booking</td>
        </tr>
                
<tr>
  <td class="method">
                  closeSelenium
      </td>
  <td class="duration">
    0.000s
  </td>
  <td class="result">
                         
    
        

      </td>
</tr>
              <tr>
          <td colspan="3" class="group">paymentsBento_Itn.Bento_ME_PayU_Booking</td>
        </tr>
                
<tr>
  <td class="method">
                  closeSelenium
      </td>
  <td class="duration">
    0.000s
  </td>
  <td class="result">
                         
    
        

      </td>
</tr>
              <tr>
          <td colspan="3" class="group">paymentsBento_Itn.Bento_OM_PayU_Booking</td>
        </tr>
                
<tr>
  <td class="method">
                  closeSelenium
      </td>
  <td class="duration">
    0.000s
  </td>
  <td class="result">
                         
    
        

      </td>
</tr>
              <tr>
          <td colspan="3" class="group">paymentsBento_Itn.Bento_QA_PayU_Booking</td>
        </tr>
                
<tr>
  <td class="method">
                  closeSelenium
      </td>
  <td class="duration">
    0.000s
  </td>
  <td class="result">
                         
    
        

      </td>
</tr>
            </table>



  <table class="resultsTable" width="100%">
    <tr><th colspan="3" class="header skipped">Skipped Tests</th></tr>
          <tr>
        <td colspan="3" class="group">paymentsBento_Itn.Bento_BH_PayU_Booking</td>
      </tr>
            
<tr>
  <td class="method">
                  bento_bh_booking
      </td>
  <td class="duration">
    0.000s
  </td>
  <td class="result">
                         
    
        

      </td>
</tr>
          <tr>
        <td colspan="3" class="group">paymentsBento_Itn.Bento_ME_PayU_Booking</td>
      </tr>
            
<tr>
  <td class="method">
                  bento_me_booking
      </td>
  <td class="duration">
    0.000s
  </td>
  <td class="result">
                         
    
        

      </td>
</tr>
          <tr>
        <td colspan="3" class="group">paymentsBento_Itn.Bento_OM_PayU_Booking</td>
      </tr>
            
<tr>
  <td class="method">
                  bento_om_booking
      </td>
  <td class="duration">
    0.000s
  </td>
  <td class="result">
                         
    
        

      </td>
</tr>
          <tr>
        <td colspan="3" class="group">paymentsBento_Itn.Bento_QA_PayU_Booking</td>
      </tr>
            
<tr>
  <td class="method">
                  bento_qa_booking
      </td>
  <td class="duration">
    0.000s
  </td>
  <td class="result">
                         
    
        

      </td>
</tr>
      </table>

  
</body>
</html>
