<?xml version="1.0" encoding="utf-8" ?>
<!DOCTYPE html PUBLIC "-//W3C//DTD XHTML 1.0 Strict//EN"
        "http://www.w3.org/TR/xhtml1/DTD/xhtml1-strict.dtd">
<html xmlns="http://www.w3.org/1999/xhtml" xml:lang="" lang="">
<head>
  <title>Test Results Report - Payment UI Validation</title>
  <meta http-equiv="Content-Type" content="text/html;charset=utf-8" />
  <meta name="description" content="TestNG unit test results." />
  <link href="reportng.css" rel="stylesheet" type="text/css" />
    <script type="text/javascript" src="reportng.js"></script>
</head>
<body>
<h1>Payment UI Validation</h1>
<p>
  Test duration: 8.133s
</p>

  <table class="resultsTable configTable">
    <tr><th colspan="3" class="header failedConfig">Failed Configuration</th></tr>
              <tr class="group">
        <td colspan="3">paymentsUI.PaymentUI_AddStoredCardAndValidate</td>
      </tr>
            
<tr>
  <td class="method">
                  afterMethod
      </td>
  <td class="duration">
    0.030s
  </td>
  <td class="result">
        
          <i>Method arguments: </i><span class="arguments">[TestResult name=addSCandVerifyIfAdded status=FAILURE method=PaymentUI_AddStoredCardAndValidate.addSCandVerifyIfAdded()[pri:0, instance:paymentsUI.PaymentUI_AddStoredCardAndValidate@7f0eb4b4] output=Exception isorg.openqa.selenium.SessionNotCreatedException: session not created: This version of ChromeDriver only supports Chrome version 77
Build info: version: '3.141.59', revision: 'e82be7d358', time: '2018-11-14T08:17:03'
System info: host: 'sysadm-Latitude-3480', ip: '127.0.1.1', os.name: 'Linux', os.arch: 'amd64', os.version: '5.3.0-40-generic', java.version: '1.8.0_242'
Driver info: driver.version: ChromeDriver
remote stacktrace: #0 0x55c6bfc9f959 <unknown>
]</span><br />
    
        

        <a href="javascript:toggleElement('exception-0', 'block')" title="Click to expand/collapse"><b>java.lang.NullPointerException</b></a><br />
    <div class="stackTrace" id="exception-0">
              org.openqa.selenium.remote.Augmenter.extractRemoteWebDriver(Augmenter.java:72)<br />
              org.openqa.selenium.remote.BaseAugmenter.augment(BaseAugmenter.java:96)<br />
              common.CommonUtil.screenshot(CommonUtil.java:179)<br />
              common.CommonUtil.afterMethod(CommonUtil.java:142)<br />
              paymentsUI.PaymentUI_AddStoredCardAndValidate.afterMethod(PaymentUI_AddStoredCardAndValidate.java:96)<br />
              sun.reflect.NativeMethodAccessorImpl.invoke0(Native Method)<br />
              sun.reflect.NativeMethodAccessorImpl.invoke(NativeMethodAccessorImpl.java:62)<br />
              sun.reflect.DelegatingMethodAccessorImpl.invoke(DelegatingMethodAccessorImpl.java:43)<br />
              java.lang.reflect.Method.invoke(Method.java:498)<br />
              org.testng.internal.MethodInvocationHelper.invokeMethod(MethodInvocationHelper.java:124)<br />
              org.testng.internal.MethodInvocationHelper.invokeMethodConsideringTimeout(MethodInvocationHelper.java:59)<br />
              org.testng.internal.Invoker.invokeConfigurationMethod(Invoker.java:458)<br />
              org.testng.internal.Invoker.invokeConfigurations(Invoker.java:222)<br />
              org.testng.internal.Invoker.invokeMethod(Invoker.java:646)<br />
              org.testng.internal.Invoker.retryFailed(Invoker.java:839)<br />
              org.testng.internal.Invoker.invokeTestMethods(Invoker.java:1010)<br />
              org.testng.internal.TestMethodWorker.invokeTestMethods(TestMethodWorker.java:125)<br />
              org.testng.internal.TestMethodWorker.run(TestMethodWorker.java:109)<br />
              java.util.concurrent.ThreadPoolExecutor.runWorker(ThreadPoolExecutor.java:1149)<br />
              java.util.concurrent.ThreadPoolExecutor$Worker.run(ThreadPoolExecutor.java:624)<br />
              java.lang.Thread.run(Thread.java:748)<br />
                </div>
      </td>
</tr>
          <tr class="group">
        <td colspan="3">paymentsUI.PaymentUI_ErrorValidationUPIWalletAndNB</td>
      </tr>
            
<tr>
  <td class="method">
                  afterMethod
      </td>
  <td class="duration">
    0.001s
  </td>
  <td class="result">
        
          <i>Method arguments: </i><span class="arguments">[TestResult name=errorValidations status=FAILURE method=PaymentUI_ErrorValidationUPIWalletAndNB.errorValidations()[pri:0, instance:paymentsUI.PaymentUI_ErrorValidationUPIWalletAndNB@5c33f1a9] output=Exception isorg.openqa.selenium.SessionNotCreatedException: session not created: This version of ChromeDriver only supports Chrome version 77
Build info: version: '3.141.59', revision: 'e82be7d358', time: '2018-11-14T08:17:03'
System info: host: 'sysadm-Latitude-3480', ip: '127.0.1.1', os.name: 'Linux', os.arch: 'amd64', os.version: '5.3.0-40-generic', java.version: '1.8.0_242'
Driver info: driver.version: ChromeDriver
remote stacktrace: #0 0x5607f640d959 <unknown>
]</span><br />
    
        

        <a href="javascript:toggleElement('exception-1', 'block')" title="Click to expand/collapse"><b>java.lang.NullPointerException</b></a><br />
    <div class="stackTrace" id="exception-1">
              org.openqa.selenium.remote.Augmenter.extractRemoteWebDriver(Augmenter.java:72)<br />
              org.openqa.selenium.remote.BaseAugmenter.augment(BaseAugmenter.java:96)<br />
              common.CommonUtil.screenshot(CommonUtil.java:179)<br />
              common.CommonUtil.afterMethod(CommonUtil.java:142)<br />
              paymentsUI.PaymentUI_ErrorValidationUPIWalletAndNB.afterMethod(PaymentUI_ErrorValidationUPIWalletAndNB.java:56)<br />
              sun.reflect.NativeMethodAccessorImpl.invoke0(Native Method)<br />
              sun.reflect.NativeMethodAccessorImpl.invoke(NativeMethodAccessorImpl.java:62)<br />
              sun.reflect.DelegatingMethodAccessorImpl.invoke(DelegatingMethodAccessorImpl.java:43)<br />
              java.lang.reflect.Method.invoke(Method.java:498)<br />
              org.testng.internal.MethodInvocationHelper.invokeMethod(MethodInvocationHelper.java:124)<br />
              org.testng.internal.MethodInvocationHelper.invokeMethodConsideringTimeout(MethodInvocationHelper.java:59)<br />
              org.testng.internal.Invoker.invokeConfigurationMethod(Invoker.java:458)<br />
              org.testng.internal.Invoker.invokeConfigurations(Invoker.java:222)<br />
              org.testng.internal.Invoker.invokeMethod(Invoker.java:646)<br />
              org.testng.internal.Invoker.retryFailed(Invoker.java:839)<br />
              org.testng.internal.Invoker.invokeTestMethods(Invoker.java:1010)<br />
              org.testng.internal.TestMethodWorker.invokeTestMethods(TestMethodWorker.java:125)<br />
              org.testng.internal.TestMethodWorker.run(TestMethodWorker.java:109)<br />
              java.util.concurrent.ThreadPoolExecutor.runWorker(ThreadPoolExecutor.java:1149)<br />
              java.util.concurrent.ThreadPoolExecutor$Worker.run(ThreadPoolExecutor.java:624)<br />
              java.lang.Thread.run(Thread.java:748)<br />
                </div>
      </td>
</tr>
          <tr class="group">
        <td colspan="3">paymentsUI.PaymentUI_Progress</td>
      </tr>
            
<tr>
  <td class="method">
                  afterMethod
      </td>
  <td class="duration">
    0.001s
  </td>
  <td class="result">
        
          <i>Method arguments: </i><span class="arguments">[TestResult name=firePaymentURLandValidatePaymentModes status=FAILURE method=PaymentUI_Progress.firePaymentURLandValidatePaymentModes()[pri:1, instance:paymentsUI.PaymentUI_Progress@c8c12ac] output=Response body BookApp/GetPay : {"trip_ref":"Q20128292","status":"S","error_msg":null,"payment_url":"/pay/train/UVVXeEBFQhMh"}]</span><br />
    
        

        <a href="javascript:toggleElement('exception-2', 'block')" title="Click to expand/collapse"><b>java.lang.NullPointerException</b></a><br />
    <div class="stackTrace" id="exception-2">
              org.openqa.selenium.remote.Augmenter.extractRemoteWebDriver(Augmenter.java:72)<br />
              org.openqa.selenium.remote.BaseAugmenter.augment(BaseAugmenter.java:96)<br />
              common.CommonUtil.screenshot(CommonUtil.java:179)<br />
              common.CommonUtil.afterMethod(CommonUtil.java:142)<br />
              paymentsUI.PaymentUI_Progress.afterMethod(PaymentUI_Progress.java:82)<br />
              sun.reflect.NativeMethodAccessorImpl.invoke0(Native Method)<br />
              sun.reflect.NativeMethodAccessorImpl.invoke(NativeMethodAccessorImpl.java:62)<br />
              sun.reflect.DelegatingMethodAccessorImpl.invoke(DelegatingMethodAccessorImpl.java:43)<br />
              java.lang.reflect.Method.invoke(Method.java:498)<br />
              org.testng.internal.MethodInvocationHelper.invokeMethod(MethodInvocationHelper.java:124)<br />
              org.testng.internal.MethodInvocationHelper.invokeMethodConsideringTimeout(MethodInvocationHelper.java:59)<br />
              org.testng.internal.Invoker.invokeConfigurationMethod(Invoker.java:458)<br />
              org.testng.internal.Invoker.invokeConfigurations(Invoker.java:222)<br />
              org.testng.internal.Invoker.invokeMethod(Invoker.java:646)<br />
              org.testng.internal.Invoker.retryFailed(Invoker.java:839)<br />
              org.testng.internal.Invoker.invokeTestMethods(Invoker.java:1010)<br />
              org.testng.internal.TestMethodWorker.invokeTestMethods(TestMethodWorker.java:125)<br />
              org.testng.internal.TestMethodWorker.run(TestMethodWorker.java:109)<br />
              java.util.concurrent.ThreadPoolExecutor.runWorker(ThreadPoolExecutor.java:1149)<br />
              java.util.concurrent.ThreadPoolExecutor$Worker.run(ThreadPoolExecutor.java:624)<br />
              java.lang.Thread.run(Thread.java:748)<br />
                </div>
      </td>
</tr>
          <tr class="group">
        <td colspan="3">paymentsUI.PaymentUI_SuccessfulPaymentMessage</td>
      </tr>
            
<tr>
  <td class="method">
                  setUp
      </td>
  <td class="duration">
    0.023s
  </td>
  <td class="result">
        
    
        

        <a href="javascript:toggleElement('exception-3', 'block')" title="Click to expand/collapse"><b>java.net.ConnectException: Connection refused (Connection refused)</b></a><br />
    <div class="stackTrace" id="exception-3">
              java.net.PlainSocketImpl.socketConnect(Native Method)<br />
              java.net.AbstractPlainSocketImpl.doConnect(AbstractPlainSocketImpl.java:350)<br />
              java.net.AbstractPlainSocketImpl.connectToAddress(AbstractPlainSocketImpl.java:206)<br />
              java.net.AbstractPlainSocketImpl.connect(AbstractPlainSocketImpl.java:188)<br />
              java.net.SocksSocketImpl.connect(SocksSocketImpl.java:392)<br />
              java.net.Socket.connect(Socket.java:607)<br />
              org.apache.http.conn.scheme.PlainSocketFactory.connectSocket(PlainSocketFactory.java:121)<br />
              org.apache.http.impl.conn.DefaultClientConnectionOperator.openConnection(DefaultClientConnectionOperator.java:180)<br />
              org.apache.http.impl.conn.ManagedClientConnectionImpl.open(ManagedClientConnectionImpl.java:326)<br />
              org.apache.http.impl.client.DefaultRequestDirector.tryConnect(DefaultRequestDirector.java:610)<br />
              org.apache.http.impl.client.DefaultRequestDirector.execute(DefaultRequestDirector.java:445)<br />
              org.apache.http.impl.client.AbstractHttpClient.doExecute(AbstractHttpClient.java:835)<br />
              org.apache.http.impl.client.CloseableHttpClient.execute(CloseableHttpClient.java:83)<br />
              org.apache.http.impl.client.CloseableHttpClient.execute(CloseableHttpClient.java:56)<br />
              org.apache.http.client.HttpClient$execute$2.call(Unknown Source)<br />
              io.restassured.internal.RequestSpecificationImpl$RestAssuredHttpBuilder.doRequest(RequestSpecificationImpl.groovy:2028)<br />
              io.restassured.internal.http.HTTPBuilder.post(HTTPBuilder.java:349)<br />
              io.restassured.internal.http.HTTPBuilder$post$8.call(Unknown Source)<br />
              io.restassured.internal.RequestSpecificationImpl.sendRequest(RequestSpecificationImpl.groovy:1202)<br />
              sun.reflect.GeneratedMethodAccessor109.invoke(Unknown Source)<br />
              sun.reflect.DelegatingMethodAccessorImpl.invoke(DelegatingMethodAccessorImpl.java:43)<br />
              java.lang.reflect.Method.invoke(Method.java:498)<br />
              org.codehaus.groovy.reflection.CachedMethod.invoke(CachedMethod.java:93)<br />
              groovy.lang.MetaMethod.doMethodInvoke(MetaMethod.java:325)<br />
              groovy.lang.MetaClassImpl.invokeMethod(MetaClassImpl.java:1210)<br />
              groovy.lang.MetaClassImpl.invokeMethod(MetaClassImpl.java:1019)<br />
              groovy.lang.MetaClassImpl.invokeMethod(MetaClassImpl.java:810)<br />
              io.restassured.internal.RequestSpecificationImpl.invokeMethod(RequestSpecificationImpl.groovy)<br />
              org.codehaus.groovy.runtime.callsite.PogoInterceptableSite.call(PogoInterceptableSite.java:48)<br />
              org.codehaus.groovy.runtime.callsite.AbstractCallSite.call(AbstractCallSite.java:149)<br />
              io.restassured.internal.filter.SendRequestFilter.filter(SendRequestFilter.groovy:30)<br />
              io.restassured.filter.Filter$filter$2.call(Unknown Source)<br />
              org.codehaus.groovy.runtime.callsite.CallSiteArray.defaultCall(CallSiteArray.java:48)<br />
              io.restassured.filter.Filter$filter$0.call(Unknown Source)<br />
              io.restassured.internal.filter.FilterContextImpl.next(FilterContextImpl.groovy:72)<br />
              io.restassured.filter.time.TimingFilter.filter(TimingFilter.java:56)<br />
              io.restassured.filter.Filter$filter$0.call(Unknown Source)<br />
              org.codehaus.groovy.runtime.callsite.CallSiteArray.defaultCall(CallSiteArray.java:48)<br />
              io.restassured.filter.Filter$filter$0.call(Unknown Source)<br />
              io.restassured.internal.filter.FilterContextImpl.next(FilterContextImpl.groovy:72)<br />
              io.restassured.filter.log.RequestLoggingFilter.filter(RequestLoggingFilter.java:124)<br />
              io.restassured.filter.Filter$filter$0.call(Unknown Source)<br />
              org.codehaus.groovy.runtime.callsite.CallSiteArray.defaultCall(CallSiteArray.java:48)<br />
              io.restassured.filter.Filter$filter$2.call(Unknown Source)<br />
              io.restassured.internal.filter.FilterContextImpl.next(FilterContextImpl.groovy:72)<br />
              io.restassured.filter.FilterContext$next$1.call(Unknown Source)<br />
              io.restassured.internal.RequestSpecificationImpl.applyPathParamsAndSendRequest(RequestSpecificationImpl.groovy:1631)<br />
              sun.reflect.GeneratedMethodAccessor41.invoke(Unknown Source)<br />
              sun.reflect.DelegatingMethodAccessorImpl.invoke(DelegatingMethodAccessorImpl.java:43)<br />
              java.lang.reflect.Method.invoke(Method.java:498)<br />
              org.codehaus.groovy.reflection.CachedMethod.invoke(CachedMethod.java:93)<br />
              groovy.lang.MetaMethod.doMethodInvoke(MetaMethod.java:325)<br />
              groovy.lang.MetaClassImpl.invokeMethod(MetaClassImpl.java:1210)<br />
              groovy.lang.MetaClassImpl.invokeMethod(MetaClassImpl.java:1019)<br />
              groovy.lang.MetaClassImpl.invokeMethod(MetaClassImpl.java:810)<br />
              io.restassured.internal.RequestSpecificationImpl.invokeMethod(RequestSpecificationImpl.groovy)<br />
              org.codehaus.groovy.runtime.callsite.PogoInterceptableSite.call(PogoInterceptableSite.java:48)<br />
              org.codehaus.groovy.runtime.callsite.PogoInterceptableSite.callCurrent(PogoInterceptableSite.java:58)<br />
              org.codehaus.groovy.runtime.callsite.AbstractCallSite.callCurrent(AbstractCallSite.java:182)<br />
              io.restassured.internal.RequestSpecificationImpl.applyPathParamsAndSendRequest(RequestSpecificationImpl.groovy:1637)<br />
              sun.reflect.GeneratedMethodAccessor40.invoke(Unknown Source)<br />
              sun.reflect.DelegatingMethodAccessorImpl.invoke(DelegatingMethodAccessorImpl.java:43)<br />
              java.lang.reflect.Method.invoke(Method.java:498)<br />
              org.codehaus.groovy.reflection.CachedMethod.invoke(CachedMethod.java:93)<br />
              groovy.lang.MetaMethod.doMethodInvoke(MetaMethod.java:325)<br />
              groovy.lang.MetaClassImpl.invokeMethod(MetaClassImpl.java:1210)<br />
              groovy.lang.MetaClassImpl.invokeMethod(MetaClassImpl.java:1019)<br />
              groovy.lang.MetaClassImpl.invokeMethod(MetaClassImpl.java:810)<br />
              io.restassured.internal.RequestSpecificationImpl.invokeMethod(RequestSpecificationImpl.groovy)<br />
              org.codehaus.groovy.runtime.callsite.PogoInterceptableSite.call(PogoInterceptableSite.java:48)<br />
              org.codehaus.groovy.runtime.callsite.PogoInterceptableSite.callCurrent(PogoInterceptableSite.java:58)<br />
              org.codehaus.groovy.runtime.callsite.AbstractCallSite.callCurrent(AbstractCallSite.java:182)<br />
              io.restassured.internal.RequestSpecificationImpl.post(RequestSpecificationImpl.groovy:170)<br />
              io.restassured.internal.RequestSpecificationImpl.post(RequestSpecificationImpl.groovy)<br />
              domains.PaymentNodeJS.payUIget(PaymentNodeJS.java:1457)<br />
              paymentsUI.PaymentUI_SuccessfulPaymentMessage.setUp(PaymentUI_SuccessfulPaymentMessage.java:28)<br />
              sun.reflect.NativeMethodAccessorImpl.invoke0(Native Method)<br />
              sun.reflect.NativeMethodAccessorImpl.invoke(NativeMethodAccessorImpl.java:62)<br />
              sun.reflect.DelegatingMethodAccessorImpl.invoke(DelegatingMethodAccessorImpl.java:43)<br />
              java.lang.reflect.Method.invoke(Method.java:498)<br />
              org.testng.internal.MethodInvocationHelper.invokeMethod(MethodInvocationHelper.java:124)<br />
              org.testng.internal.MethodInvocationHelper.invokeMethodConsideringTimeout(MethodInvocationHelper.java:59)<br />
              org.testng.internal.Invoker.invokeConfigurationMethod(Invoker.java:458)<br />
              org.testng.internal.Invoker.invokeConfigurations(Invoker.java:222)<br />
              org.testng.internal.Invoker.invokeConfigurations(Invoker.java:142)<br />
              org.testng.internal.TestMethodWorker.invokeBeforeClassMethods(TestMethodWorker.java:168)<br />
              org.testng.internal.TestMethodWorker.run(TestMethodWorker.java:105)<br />
              java.util.concurrent.ThreadPoolExecutor.runWorker(ThreadPoolExecutor.java:1149)<br />
              java.util.concurrent.ThreadPoolExecutor$Worker.run(ThreadPoolExecutor.java:624)<br />
              java.lang.Thread.run(Thread.java:748)<br />
                </div>
      </td>
</tr>
    
          <tr><td colspan="3">&nbsp;</td></tr>
      <tr><td colspan="3" class="header skippedConfig">Skipped Configuration</td></tr>
                    <tr>
          <td colspan="3" class="group">paymentsUI.PaymentUI_AddStoredCardAndValidate</td>
        </tr>
                
<tr>
  <td class="method">
                  tearDown
      </td>
  <td class="duration">
    0.000s
  </td>
  <td class="result">
                         
    
        

      </td>
</tr>
              <tr>
          <td colspan="3" class="group">paymentsUI.PaymentUI_ErrorValidationUPIWalletAndNB</td>
        </tr>
                
<tr>
  <td class="method">
                  tearDown
      </td>
  <td class="duration">
    0.000s
  </td>
  <td class="result">
                         
    
        

      </td>
</tr>
              <tr>
          <td colspan="3" class="group">paymentsUI.PaymentUI_Progress</td>
        </tr>
                
<tr>
  <td class="method">
                  tearDown
      </td>
  <td class="duration">
    0.000s
  </td>
  <td class="result">
                         
    
        

      </td>
</tr>
              <tr>
          <td colspan="3" class="group">paymentsUI.PaymentUI_SuccessfulPaymentMessage</td>
        </tr>
                
<tr>
  <td class="method">
                  tearDown
      </td>
  <td class="duration">
    0.000s
  </td>
  <td class="result">
                         
    
        

      </td>
</tr>
            </table>


  <table class="resultsTable">
    <tr><th colspan="3" class="header failed">Failed Tests</th></tr>
          <tr>
        <td colspan="3" class="group">paymentsUI.PaymentUI_AddStoredCardAndValidate</td>
      </tr>
            
<tr>
  <td class="method">
                  addSCandVerifyIfAdded
      </td>
  <td class="duration">
    0.875s
  </td>
  <td class="result">
        
    
            <div class="testOutput">
                        Exception isorg.openqa.selenium.SessionNotCreatedException: session not created: This version of ChromeDriver only supports Chrome version 77<br/>
Build info: version: &apos;3.141.59&apos;, revision: &apos;e82be7d358&apos;, time: &apos;2018-11-14T08:17:03&apos;<br/>
System info: host: &apos;sysadm-Latitude-3480&apos;, ip: &apos;127.0.1.1&apos;, os.name: &apos;Linux&apos;, os.arch: &apos;amd64&apos;, os.version: &apos;5.3.0-40-generic&apos;, java.version: &apos;1.8.0_242&apos;<br/>
Driver info: driver.version: ChromeDriver<br/>
remote stacktrace: #0 0x55c6bfc9f959 &lt;unknown&gt;<br/>
<br />
                  </div>
    

        <a href="javascript:toggleElement('exception-4', 'block')" title="Click to expand/collapse"><b>java.lang.AssertionError</b></a><br />
    <div class="stackTrace" id="exception-4">
              org.junit.Assert.fail(Assert.java:92)<br />
              org.junit.Assert.assertTrue(Assert.java:43)<br />
              org.junit.Assert.assertTrue(Assert.java:54)<br />
              paymentsUI.PaymentUI_AddStoredCardAndValidate.addSCandVerifyIfAdded(PaymentUI_AddStoredCardAndValidate.java:89)<br />
              sun.reflect.NativeMethodAccessorImpl.invoke0(Native Method)<br />
              sun.reflect.NativeMethodAccessorImpl.invoke(NativeMethodAccessorImpl.java:62)<br />
              sun.reflect.DelegatingMethodAccessorImpl.invoke(DelegatingMethodAccessorImpl.java:43)<br />
              java.lang.reflect.Method.invoke(Method.java:498)<br />
              org.testng.internal.MethodInvocationHelper.invokeMethod(MethodInvocationHelper.java:124)<br />
              org.testng.internal.Invoker.invokeMethod(Invoker.java:583)<br />
              org.testng.internal.Invoker.retryFailed(Invoker.java:839)<br />
              org.testng.internal.Invoker.invokeTestMethods(Invoker.java:1010)<br />
              org.testng.internal.TestMethodWorker.invokeTestMethods(TestMethodWorker.java:125)<br />
              org.testng.internal.TestMethodWorker.run(TestMethodWorker.java:109)<br />
              java.util.concurrent.ThreadPoolExecutor.runWorker(ThreadPoolExecutor.java:1149)<br />
              java.util.concurrent.ThreadPoolExecutor$Worker.run(ThreadPoolExecutor.java:624)<br />
              java.lang.Thread.run(Thread.java:748)<br />
                </div>
      </td>
</tr>
          <tr>
        <td colspan="3" class="group">paymentsUI.PaymentUI_ErrorValidationUPIWalletAndNB</td>
      </tr>
            
<tr>
  <td class="method">
                  errorValidations
      </td>
  <td class="duration">
    0.685s
  </td>
  <td class="result">
        
    
            <div class="testOutput">
                        Exception isorg.openqa.selenium.SessionNotCreatedException: session not created: This version of ChromeDriver only supports Chrome version 77<br/>
Build info: version: &apos;3.141.59&apos;, revision: &apos;e82be7d358&apos;, time: &apos;2018-11-14T08:17:03&apos;<br/>
System info: host: &apos;sysadm-Latitude-3480&apos;, ip: &apos;127.0.1.1&apos;, os.name: &apos;Linux&apos;, os.arch: &apos;amd64&apos;, os.version: &apos;5.3.0-40-generic&apos;, java.version: &apos;1.8.0_242&apos;<br/>
Driver info: driver.version: ChromeDriver<br/>
remote stacktrace: #0 0x5607f640d959 &lt;unknown&gt;<br/>
<br />
                  </div>
    

        <a href="javascript:toggleElement('exception-5', 'block')" title="Click to expand/collapse"><b>java.lang.AssertionError</b></a><br />
    <div class="stackTrace" id="exception-5">
              org.junit.Assert.fail(Assert.java:92)<br />
              org.junit.Assert.assertTrue(Assert.java:43)<br />
              org.junit.Assert.assertTrue(Assert.java:54)<br />
              paymentsUI.PaymentUI_ErrorValidationUPIWalletAndNB.errorValidations(PaymentUI_ErrorValidationUPIWalletAndNB.java:50)<br />
              sun.reflect.NativeMethodAccessorImpl.invoke0(Native Method)<br />
              sun.reflect.NativeMethodAccessorImpl.invoke(NativeMethodAccessorImpl.java:62)<br />
              sun.reflect.DelegatingMethodAccessorImpl.invoke(DelegatingMethodAccessorImpl.java:43)<br />
              java.lang.reflect.Method.invoke(Method.java:498)<br />
              org.testng.internal.MethodInvocationHelper.invokeMethod(MethodInvocationHelper.java:124)<br />
              org.testng.internal.Invoker.invokeMethod(Invoker.java:583)<br />
              org.testng.internal.Invoker.retryFailed(Invoker.java:839)<br />
              org.testng.internal.Invoker.invokeTestMethods(Invoker.java:1010)<br />
              org.testng.internal.TestMethodWorker.invokeTestMethods(TestMethodWorker.java:125)<br />
              org.testng.internal.TestMethodWorker.run(TestMethodWorker.java:109)<br />
              java.util.concurrent.ThreadPoolExecutor.runWorker(ThreadPoolExecutor.java:1149)<br />
              java.util.concurrent.ThreadPoolExecutor$Worker.run(ThreadPoolExecutor.java:624)<br />
              java.lang.Thread.run(Thread.java:748)<br />
                </div>
      </td>
</tr>
          <tr>
        <td colspan="3" class="group">paymentsUI.PaymentUI_Progress</td>
      </tr>
            
<tr>
  <td class="method">
                  firePaymentURLandValidatePaymentModes
      </td>
  <td class="duration">
    0.976s
  </td>
  <td class="result">
        
    
            <div class="testOutput">
                        Response body BookApp/GetPay : {&quot;trip_ref&quot;:&quot;Q20128292&quot;,&quot;status&quot;:&quot;S&quot;,&quot;error_msg&quot;:null,&quot;payment_url&quot;:&quot;/pay/train/UVVXeEBFQhMh&quot;}<br />
                                statusCode: 200<br />
                                Exception isorg.openqa.selenium.SessionNotCreatedException: session not created: This version of ChromeDriver only supports Chrome version 77<br/>
Build info: version: &apos;3.141.59&apos;, revision: &apos;e82be7d358&apos;, time: &apos;2018-11-14T08:17:03&apos;<br/>
System info: host: &apos;sysadm-Latitude-3480&apos;, ip: &apos;127.0.1.1&apos;, os.name: &apos;Linux&apos;, os.arch: &apos;amd64&apos;, os.version: &apos;5.3.0-40-generic&apos;, java.version: &apos;1.8.0_242&apos;<br/>
Driver info: driver.version: ChromeDriver<br/>
remote stacktrace: #0 0x559bd280e959 &lt;unknown&gt;<br/>
<br />
                  </div>
    

        <a href="javascript:toggleElement('exception-6', 'block')" title="Click to expand/collapse"><b>java.lang.AssertionError</b></a><br />
    <div class="stackTrace" id="exception-6">
              org.junit.Assert.fail(Assert.java:92)<br />
              org.junit.Assert.assertTrue(Assert.java:43)<br />
              org.junit.Assert.assertTrue(Assert.java:54)<br />
              paymentsUI.PaymentUI_Progress.firePaymentURLandValidatePaymentModes(PaymentUI_Progress.java:58)<br />
              sun.reflect.NativeMethodAccessorImpl.invoke0(Native Method)<br />
              sun.reflect.NativeMethodAccessorImpl.invoke(NativeMethodAccessorImpl.java:62)<br />
              sun.reflect.DelegatingMethodAccessorImpl.invoke(DelegatingMethodAccessorImpl.java:43)<br />
              java.lang.reflect.Method.invoke(Method.java:498)<br />
              org.testng.internal.MethodInvocationHelper.invokeMethod(MethodInvocationHelper.java:124)<br />
              org.testng.internal.Invoker.invokeMethod(Invoker.java:583)<br />
              org.testng.internal.Invoker.retryFailed(Invoker.java:839)<br />
              org.testng.internal.Invoker.invokeTestMethods(Invoker.java:1010)<br />
              org.testng.internal.TestMethodWorker.invokeTestMethods(TestMethodWorker.java:125)<br />
              org.testng.internal.TestMethodWorker.run(TestMethodWorker.java:109)<br />
              java.util.concurrent.ThreadPoolExecutor.runWorker(ThreadPoolExecutor.java:1149)<br />
              java.util.concurrent.ThreadPoolExecutor$Worker.run(ThreadPoolExecutor.java:624)<br />
              java.lang.Thread.run(Thread.java:748)<br />
                </div>
      </td>
</tr>
      </table>

  <table class="resultsTable" width="100%">
    <tr><th colspan="3" class="header skipped">Skipped Tests</th></tr>
          <tr>
        <td colspan="3" class="group">paymentsUI.PaymentUI_AddStoredCardAndValidate</td>
      </tr>
            
<tr>
  <td class="method">
                  addSCandVerifyIfAdded
      </td>
  <td class="duration">
    1.526s
  </td>
  <td class="result">
                         
    
            <div class="testOutput">
                        Exception isorg.openqa.selenium.SessionNotCreatedException: session not created: This version of ChromeDriver only supports Chrome version 77<br/>
Build info: version: &apos;3.141.59&apos;, revision: &apos;e82be7d358&apos;, time: &apos;2018-11-14T08:17:03&apos;<br/>
System info: host: &apos;sysadm-Latitude-3480&apos;, ip: &apos;127.0.1.1&apos;, os.name: &apos;Linux&apos;, os.arch: &apos;amd64&apos;, os.version: &apos;5.3.0-40-generic&apos;, java.version: &apos;1.8.0_242&apos;<br/>
Driver info: driver.version: ChromeDriver<br/>
remote stacktrace: #0 0x55d839d7c959 &lt;unknown&gt;<br/>
<br />
                  </div>
    

      </td>
</tr>
          <tr>
        <td colspan="3" class="group">paymentsUI.PaymentUI_ErrorValidationUPIWalletAndNB</td>
      </tr>
            
<tr>
  <td class="method">
                  errorValidations
      </td>
  <td class="duration">
    1.975s
  </td>
  <td class="result">
                         
    
            <div class="testOutput">
                        Exception isorg.openqa.selenium.SessionNotCreatedException: session not created: This version of ChromeDriver only supports Chrome version 77<br/>
Build info: version: &apos;3.141.59&apos;, revision: &apos;e82be7d358&apos;, time: &apos;2018-11-14T08:17:03&apos;<br/>
System info: host: &apos;sysadm-Latitude-3480&apos;, ip: &apos;127.0.1.1&apos;, os.name: &apos;Linux&apos;, os.arch: &apos;amd64&apos;, os.version: &apos;5.3.0-40-generic&apos;, java.version: &apos;1.8.0_242&apos;<br/>
Driver info: driver.version: ChromeDriver<br/>
remote stacktrace: #0 0x5601333e3959 &lt;unknown&gt;<br/>
<br />
                  </div>
    

      </td>
</tr>
          <tr>
        <td colspan="3" class="group">paymentsUI.PaymentUI_Progress</td>
      </tr>
            
<tr>
  <td class="method">
                  firePaymentURLandValidatePaymentModes
      </td>
  <td class="duration">
    0.806s
  </td>
  <td class="result">
                         
    
            <div class="testOutput">
                        Response body BookApp/GetPay : {&quot;trip_ref&quot;:&quot;Q20128292&quot;,&quot;status&quot;:&quot;S&quot;,&quot;error_msg&quot;:null,&quot;payment_url&quot;:&quot;/pay/train/UVVXeEBFQhMh&quot;}<br />
                                statusCode: 200<br />
                                Exception isorg.openqa.selenium.SessionNotCreatedException: session not created: This version of ChromeDriver only supports Chrome version 77<br/>
Build info: version: &apos;3.141.59&apos;, revision: &apos;e82be7d358&apos;, time: &apos;2018-11-14T08:17:03&apos;<br/>
System info: host: &apos;sysadm-Latitude-3480&apos;, ip: &apos;127.0.1.1&apos;, os.name: &apos;Linux&apos;, os.arch: &apos;amd64&apos;, os.version: &apos;5.3.0-40-generic&apos;, java.version: &apos;1.8.0_242&apos;<br/>
Driver info: driver.version: ChromeDriver<br/>
remote stacktrace: #0 0x55adf5009959 &lt;unknown&gt;<br/>
<br />
                  </div>
    

      </td>
</tr>
<tr>
  <td class="method">
                  inProgressPayment
      </td>
  <td class="duration">
    0.000s
  </td>
  <td class="result">
                         
    
        

      </td>
</tr>
          <tr>
        <td colspan="3" class="group">paymentsUI.PaymentUI_SuccessfulPaymentMessage</td>
      </tr>
            
<tr>
  <td class="method">
                  successMessage
      </td>
  <td class="duration">
    0.000s
  </td>
  <td class="result">
                         
    
        

      </td>
</tr>
      </table>

  
</body>
</html>
