<?xml version="1.0" encoding="UTF-8"?>
<!-- Generated by org.testng.reporters.JUnitXMLReporter -->
<testsuite hostname="sysadm-PC" ignored="0" name="HeaderElements" tests="6" failures="3" timestamp="12 Mar 2019 06:01:28 GMT" time="425.929" errors="0">
  <testcase name="accountHeaderSignin" time="21.138" classname="testScriptsAccounts.HeaderElements_SignIN_Unsigned">
    <skipped/>
  </testcase> <!-- accountHeaderSignin -->
  <testcase name="accountHeaderSignin" time="30.458" classname="testScriptsAccounts.HeaderElements_SignIN_Unsigned">
    <failure type="java.lang.AssertionError" message="Failure!">
      <![CDATA[java.lang.AssertionError: Failure!
	at commonServices.WrapperMethod.elementPresent_log(WrapperMethod.java:962)
	at testScriptsAccounts.HeaderElements_SignIN_Unsigned.accountHeaderSignin(HeaderElements_SignIN_Unsigned.java:37)
	at java.util.concurrent.ThreadPoolExecutor.runWorker(Unknown Source)
	at java.util.concurrent.ThreadPoolExecutor$Worker.run(Unknown Source)
	at java.lang.Thread.run(Unknown Source)
... Removed 12 stack frames]]>
    </failure>
  </testcase> <!-- accountHeaderSignin -->
  <testcase name="accountHeaderElements_77" time="64.527" classname="testScriptsAccounts.HeaderElements">
    <skipped/>
  </testcase> <!-- accountHeaderElements_77 -->
  <testcase name="accountHeaderElements_77" time="70.339" classname="testScriptsAccounts.HeaderElements">
    <failure type="org.openqa.selenium.TimeoutException" message="Expected condition failed: waiting for visibility of element located by By.xpath: //a[contains(@href, &amp;apos;/account/trips?src=qtct&amp;amp;sub_src=trips&amp;apos;)] (tried for 20 second(s) with 500 MILLISECONDS interval)
Build info: version: &amp;apos;3.4.0&amp;apos;, revision: &amp;apos;unknown&amp;apos;, time: &amp;apos;unknown&amp;apos;
System info: host: &amp;apos;SYSADM-PC&amp;apos;, ip: &amp;apos;192.168.50.149&amp;apos;, os.name: &amp;apos;Windows 7&amp;apos;, os.arch: &amp;apos;amd64&amp;apos;, os.version: &amp;apos;6.1&amp;apos;, java.version: &amp;apos;1.8.0_191&amp;apos;
Driver info: org.openqa.selenium.chrome.ChromeDriver
Capabilities [{applicationCacheEnabled=false, rotatable=false, mobileEmulationEnabled=false, networkConnectionEnabled=false, chrome={chromedriverVersion=2.35.528161 (5b82f2d2aae0ca24b877009200ced9065a772e73), userDataDir=C:\Users\VARALA~1\AppData\Local\Temp\scoped_dir12916_13041}, takesHeapSnapshot=true, pageLoadStrategy=normal, databaseEnabled=false, handlesAlerts=true, hasTouchScreen=false, version=72.0.3626.121, platform=XP, browserConnectionEnabled=false, nativeEvents=true, acceptSslCerts=false, acceptInsecureCerts=false, locationContextEnabled=true, webStorageEnabled=true, browserName=chrome, takesScreenshot=true, javascriptEnabled=true, cssSelectorsEnabled=true, setWindowRect=true, unexpectedAlertBehaviour=}]
Session ID: f3ba2c76272e38701a6e553e559d2a97">
      <![CDATA[org.openqa.selenium.TimeoutException: Expected condition failed: waiting for visibility of element located by By.xpath: //a[contains(@href, '/account/trips?src=qtct&sub_src=trips')] (tried for 20 second(s) with 500 MILLISECONDS interval)
Build info: version: '3.4.0', revision: 'unknown', time: 'unknown'
System info: host: 'SYSADM-PC', ip: '192.168.50.149', os.name: 'Windows 7', os.arch: 'amd64', os.version: '6.1', java.version: '1.8.0_191'
Driver info: org.openqa.selenium.chrome.ChromeDriver
Capabilities [{applicationCacheEnabled=false, rotatable=false, mobileEmulationEnabled=false, networkConnectionEnabled=false, chrome={chromedriverVersion=2.35.528161 (5b82f2d2aae0ca24b877009200ced9065a772e73), userDataDir=C:\Users\VARALA~1\AppData\Local\Temp\scoped_dir12916_13041}, takesHeapSnapshot=true, pageLoadStrategy=normal, databaseEnabled=false, handlesAlerts=true, hasTouchScreen=false, version=72.0.3626.121, platform=XP, browserConnectionEnabled=false, nativeEvents=true, acceptSslCerts=false, acceptInsecureCerts=false, locationContextEnabled=true, webStorageEnabled=true, browserName=chrome, takesScreenshot=true, javascriptEnabled=true, cssSelectorsEnabled=true, setWindowRect=true, unexpectedAlertBehaviour=}]
Session ID: f3ba2c76272e38701a6e553e559d2a97
	at org.openqa.selenium.support.ui.WebDriverWait.timeoutException(WebDriverWait.java:80)
	at org.openqa.selenium.support.ui.FluentWait.until(FluentWait.java:232)
	at commonServices.WrapperMethod.safeClick(WrapperMethod.java:1156)
	at testScriptsAccounts.HeaderElements.accountHeaderElements_77(HeaderElements.java:27)
	at java.util.concurrent.ThreadPoolExecutor.runWorker(Unknown Source)
	at java.util.concurrent.ThreadPoolExecutor$Worker.run(Unknown Source)
	at java.lang.Thread.run(Unknown Source)
... Removed 10 stack frames]]>
    </failure>
  </testcase> <!-- accountHeaderElements_77 -->
  <testcase name="accountHeaderUnsigned" time="338.01" classname="testScriptsAccounts.HeaderElements_SignIN_Unsigned">
    <skipped/>
  </testcase> <!-- accountHeaderUnsigned -->
  <testcase name="accountHeaderUnsigned" time="28.26" classname="testScriptsAccounts.HeaderElements_SignIN_Unsigned">
    <failure type="java.lang.AssertionError">
      <![CDATA[java.lang.AssertionError
	at org.junit.Assert.fail(Assert.java:92)
	at org.junit.Assert.assertTrue(Assert.java:43)
	at org.junit.Assert.assertTrue(Assert.java:54)
	at commonServices.WrapperMethod.textPresent_Log(WrapperMethod.java:851)
	at testScriptsAccounts.HeaderElements_SignIN_Unsigned.accountHeaderUnsigned(HeaderElements_SignIN_Unsigned.java:78)
	at java.util.concurrent.ThreadPoolExecutor.runWorker(Unknown Source)
	at java.util.concurrent.ThreadPoolExecutor$Worker.run(Unknown Source)
	at java.lang.Thread.run(Unknown Source)
... Removed 10 stack frames]]>
    </failure>
  </testcase> <!-- accountHeaderUnsigned -->
</testsuite> <!-- HeaderElements -->
