<?xml version="1.0" encoding="UTF-8"?>
<!-- Generated by org.testng.reporters.JUnitXMLReporter -->
<testsuite hostname="sysadm-PC" ignored="0" name="TripsPageSignIN and FBConnnect" tests="2" failures="1" timestamp="12 Mar 2019 06:07:43 GMT" time="214.363" errors="0">
  <testcase name="accountSigninFromTripsPageAndFacebookConnnect" time="141.437" classname="testScriptsAccounts.TripsPageSignIN_FBConnnect">
    <skipped/>
  </testcase> <!-- accountSigninFromTripsPageAndFacebookConnnect -->
  <testcase name="accountSigninFromTripsPageAndFacebookConnnect" time="65.729" classname="testScriptsAccounts.TripsPageSignIN_FBConnnect">
    <failure type="org.openqa.selenium.NoSuchFrameException" message="No frame element found by name or id modal_window
Build info: version: &amp;apos;3.4.0&amp;apos;, revision: &amp;apos;unknown&amp;apos;, time: &amp;apos;unknown&amp;apos;
System info: host: &amp;apos;SYSADM-PC&amp;apos;, ip: &amp;apos;192.168.50.149&amp;apos;, os.name: &amp;apos;Windows 7&amp;apos;, os.arch: &amp;apos;amd64&amp;apos;, os.version: &amp;apos;6.1&amp;apos;, java.version: &amp;apos;1.8.0_191&amp;apos;
Driver info: driver.version: unknown">
      <![CDATA[org.openqa.selenium.NoSuchFrameException: No frame element found by name or id modal_window
Build info: version: '3.4.0', revision: 'unknown', time: 'unknown'
System info: host: 'SYSADM-PC', ip: '192.168.50.149', os.name: 'Windows 7', os.arch: 'amd64', os.version: '6.1', java.version: '1.8.0_191'
Driver info: driver.version: unknown
	at org.openqa.selenium.remote.RemoteWebDriver$RemoteTargetLocator.frame(RemoteWebDriver.java:973)
	at domainServices.Accounts.AccountsFacebookLogin(Accounts.java:70)
	at testScriptsAccounts.TripsPageSignIN_FBConnnect.accountSigninFromTripsPageAndFacebookConnnect(TripsPageSignIN_FBConnnect.java:19)
	at java.util.concurrent.FutureTask.run(Unknown Source)
	at java.util.concurrent.ThreadPoolExecutor.runWorker(Unknown Source)
	at java.util.concurrent.ThreadPoolExecutor$Worker.run(Unknown Source)
	at java.lang.Thread.run(Unknown Source)
... Removed 16 stack frames]]>
    </failure>
  </testcase> <!-- accountSigninFromTripsPageAndFacebookConnnect -->
</testsuite> <!-- TripsPageSignIN and FBConnnect -->
