<?xml version="1.0" encoding="UTF-8"?>
<!-- Generated by org.testng.reporters.JUnitXMLReporter -->
<testsuite hostname="sysadm-Latitude-3480" ignored="0" name="API Expressway" tests="11" failures="3" timestamp="05 Mar 2020 04:39:02 GMT" time="12.701" errors="0">
  <testcase name="Expressway_UserDetails" time="4.605" classname="paymentsAPI.API_EW_OptIN"/>
  <testcase name="Expressway_Validate" time="11.836" classname="paymentsAPI.API_EW_Validate"/>
  <testcase name="Expressway_AddAmt" time="11.831" classname="paymentsAPI.API_EW_Add_Amount"/>
  <testcase name="Expressway_getOutstandingAmt" time="11.916" classname="paymentsAPI.API_EW_GetOutstanding"/>
  <testcase name="Expressway_Pay" time="11.908" classname="paymentsAPI.API_EW_Pay_V3">
    <skipped/>
  </testcase> <!-- Expressway_Pay -->
  <testcase name="Expressway_UserDetails" time="11.958" classname="paymentsAPI.API_EW_UserDetails"/>
  <testcase name="Expressway_Pay" time="0.166" classname="paymentsAPI.API_EW_Pay_V3">
    <failure type="junit.framework.AssertionFailedError">
      <![CDATA[junit.framework.AssertionFailedError
at junit.framework.Assert.fail(Assert.java:48)
at junit.framework.Assert.assertTrue(Assert.java:20)
at junit.framework.Assert.assertTrue(Assert.java:27)
at paymentsAPI.API_PaymentCommon1.validation(API_PaymentCommon1.java:1527)
at paymentsAPI.API_EW_Pay_V3.Expressway_Pay(API_EW_Pay_V3.java:19)
at java.util.concurrent.ThreadPoolExecutor.runWorker(ThreadPoolExecutor.java:1149)
at java.util.concurrent.ThreadPoolExecutor$Worker.run(ThreadPoolExecutor.java:624)
at java.lang.Thread.run(Thread.java:748)
... Removed 10 stack frames]]>
    </failure>
  </testcase> <!-- Expressway_Pay -->
  <testcase name="Expressway_Pay" time="0.152" classname="paymentsAPI.API_EW_Pay_AutoDebit">
    <skipped/>
  </testcase> <!-- Expressway_Pay -->
  <testcase name="Expressway_Pay" time="0.113" classname="paymentsAPI.API_EW_Pay_AutoDebit">
    <failure type="junit.framework.AssertionFailedError">
      <![CDATA[junit.framework.AssertionFailedError
at junit.framework.Assert.fail(Assert.java:48)
at junit.framework.Assert.assertTrue(Assert.java:20)
at junit.framework.Assert.assertTrue(Assert.java:27)
at paymentsAPI.API_PaymentCommon1.validation(API_PaymentCommon1.java:1527)
at paymentsAPI.API_EW_Pay_AutoDebit.Expressway_Pay(API_EW_Pay_AutoDebit.java:19)
at java.util.concurrent.ThreadPoolExecutor.runWorker(ThreadPoolExecutor.java:1149)
at java.util.concurrent.ThreadPoolExecutor$Worker.run(ThreadPoolExecutor.java:624)
at java.lang.Thread.run(Thread.java:748)
... Removed 10 stack frames]]>
    </failure>
  </testcase> <!-- Expressway_Pay -->
  <testcase name="Expressway_AutoDebit" time="0.153" classname="paymentsAPI.API_EW_Pay_AutoDebit">
    <skipped/>
  </testcase> <!-- Expressway_AutoDebit -->
  <testcase name="Expressway_AutoDebit" time="0.099" classname="paymentsAPI.API_EW_Pay_AutoDebit">
    <failure type="junit.framework.AssertionFailedError">
      <![CDATA[junit.framework.AssertionFailedError
at junit.framework.Assert.fail(Assert.java:48)
at junit.framework.Assert.assertTrue(Assert.java:20)
at junit.framework.Assert.assertTrue(Assert.java:27)
at paymentsAPI.API_PaymentCommon1.validation(API_PaymentCommon1.java:1317)
at paymentsAPI.API_EW_Pay_AutoDebit.Expressway_AutoDebit(API_EW_Pay_AutoDebit.java:26)
at java.util.concurrent.ThreadPoolExecutor.runWorker(ThreadPoolExecutor.java:1149)
at java.util.concurrent.ThreadPoolExecutor$Worker.run(ThreadPoolExecutor.java:624)
at java.lang.Thread.run(Thread.java:748)
... Removed 10 stack frames]]>
    </failure>
  </testcase> <!-- Expressway_AutoDebit -->
</testsuite> <!-- API Expressway -->
