<?xml version="1.0" encoding="UTF-8"?>
<!-- Generated by org.testng.reporters.JUnitXMLReporter -->
<testsuite hostname="sysadm-Latitude-3480" ignored="0" name="emailprod" tests="7" failures="1" timestamp="20 Mar 2020 10:50:49 GMT" time="2.876" errors="0">
  <testcase name="message" time="0.979" classname="emailprod.EmailPost"/>
  <testcase name="message" time="1.266" classname="emailprod.Email_Template_true"/>
  <testcase name="message" time="0.501" classname="emailprod.EmailSpamScore"/>
  <testcase name="message" time="0.308" classname="emailprod.EmailwithAttachments">
    <skipped/>
  </testcase> <!-- message -->
  <testcase name="message" time="0.341" classname="emailprod.EmailwithAttachments">
    <failure type="java.lang.AssertionError" message="expected [true] but found [false]">
      <![CDATA[java.lang.AssertionError: expected [true] but found [false]
at emailprod.EmailCommon.validation(EmailCommon.java:119)
at emailprod.EmailwithAttachments.message(EmailwithAttachments.java:15)
at java.util.concurrent.ThreadPoolExecutor.runWorker(ThreadPoolExecutor.java:1149)
at java.util.concurrent.ThreadPoolExecutor$Worker.run(ThreadPoolExecutor.java:624)
at java.lang.Thread.run(Thread.java:748)
... Removed 14 stack frames]]>
    </failure>
  </testcase> <!-- message -->
  <testcase name="generatePDF" time="0.896" classname="emailprod.GeneratePDF"/>
  <testcase name="generatePKPass" time="0.947" classname="emailprod.GeneratePKPass"/>
</testsuite> <!-- emailprod -->
