<?xml version="1.0" encoding="UTF-8"?>
<!-- Generated by org.testng.reporters.JUnitXMLReporter -->
<testsuite hostname="sysadm-Latitude-3480" ignored="0" name="Whatsapp" tests="16" failures="8" timestamp="02 Apr 2020 06:43:00 GMT" time="21.64" errors="0">
  <testcase name="checkContacts" time="2.47" classname="whatsappServiceProd.WhatsappCheckContacts">
    <skipped/>
  </testcase> <!-- checkContacts -->
  <testcase name="checkContacts" time="0.323" classname="whatsappServiceProd.WhatsappCheckContacts">
    <failure type="java.lang.AssertionError" message="expected [true] but found [false]">
      <![CDATA[java.lang.AssertionError: expected [true] but found [false]
at whatsappServiceProd.WhatsappCommon.validation(WhatsappCommon.java:190)
at whatsappServiceProd.WhatsappCheckContacts.checkContacts(WhatsappCheckContacts.java:16)
at java.util.concurrent.ThreadPoolExecutor.runWorker(ThreadPoolExecutor.java:1149)
at java.util.concurrent.ThreadPoolExecutor$Worker.run(ThreadPoolExecutor.java:624)
at java.lang.Thread.run(Thread.java:748)
... Removed 14 stack frames]]>
    </failure>
  </testcase> <!-- checkContacts -->
  <testcase name="message" time="0.351" classname="whatsappServiceProd.WhatsappUserMessage">
    <skipped/>
  </testcase> <!-- message -->
  <testcase name="message" time="0.442" classname="whatsappServiceProd.WhatsappUserMessage">
    <failure type="java.lang.AssertionError" message="expected [true] but found [false]">
      <![CDATA[java.lang.AssertionError: expected [true] but found [false]
at whatsappServiceProd.WhatsappCommon.validateMessage(WhatsappCommon.java:217)
at whatsappServiceProd.WhatsappUserMessage.message(WhatsappUserMessage.java:15)
at java.util.concurrent.ThreadPoolExecutor.runWorker(ThreadPoolExecutor.java:1149)
at java.util.concurrent.ThreadPoolExecutor$Worker.run(ThreadPoolExecutor.java:624)
at java.lang.Thread.run(Thread.java:748)
... Removed 14 stack frames]]>
    </failure>
  </testcase> <!-- message -->
  <testcase name="message" time="1.299" classname="whatsappServiceProd.WhatsappOptinFlow">
    <skipped/>
  </testcase> <!-- message -->
  <testcase name="message" time="0.34" classname="whatsappServiceProd.WhatsappOptinFlow">
    <failure type="io.restassured.path.json.exception.JsonPathException" message="Failed to parse the JSON document">
      <![CDATA[io.restassured.path.json.exception.JsonPathException: Failed to parse the JSON document
at io.restassured.path.json.JsonPath$ExceptionCatcher.invoke(JsonPath.java:930)
at io.restassured.path.json.JsonPath$4.doParseWith(JsonPath.java:895)
at io.restassured.path.json.JsonPath$JsonParser.parseWith(JsonPath.java:974)
at io.restassured.path.json.JsonPath.get(JsonPath.java:201)
at io.restassured.path.json.JsonPath.getString(JsonPath.java:351)
at whatsappServiceProd.WhatsappCommon.validateOptinFlow(WhatsappCommon.java:241)
at whatsappServiceProd.WhatsappOptinFlow.message(WhatsappOptinFlow.java:16)
at java.util.concurrent.ThreadPoolExecutor.runWorker(ThreadPoolExecutor.java:1149)
at java.util.concurrent.ThreadPoolExecutor$Worker.run(ThreadPoolExecutor.java:624)
at java.lang.Thread.run(Thread.java:748)
Caused by: groovy.json.JsonException: Lexing failed on line: 1, column: 1, while reading '<', no possible valid JSON value or punctuation could be recognized.
at groovy.json.JsonLexer.nextToken(JsonLexer.java:85)
at groovy.json.JsonLexer$nextToken.call(Unknown Source)
at io.restassured.internal.path.json.ConfigurableJsonSlurper.parse(ConfigurableJsonSlurper.groovy:97)
at io.restassured.internal.path.json.ConfigurableJsonSlurper$parse.callCurrent(Unknown Source)
at io.restassured.internal.path.json.ConfigurableJsonSlurper.parseText(ConfigurableJsonSlurper.groovy:83)
at io.restassured.path.json.JsonPath$4$1.method(JsonPath.java:893)
at io.restassured.path.json.JsonPath$ExceptionCatcher.invoke(JsonPath.java:928)
... 19 more
... Removed 10 stack frames]]>
    </failure>
  </testcase> <!-- message -->
  <testcase name="message" time="0.305" classname="whatsappServiceProd.WhatsappOptinFlowStatus">
    <skipped/>
  </testcase> <!-- message -->
  <testcase name="message" time="0.319" classname="whatsappServiceProd.WhatsappOptinFlowStatus">
    <failure type="io.restassured.path.json.exception.JsonPathException" message="Failed to parse the JSON document">
      <![CDATA[io.restassured.path.json.exception.JsonPathException: Failed to parse the JSON document
at io.restassured.path.json.JsonPath$ExceptionCatcher.invoke(JsonPath.java:930)
at io.restassured.path.json.JsonPath$4.doParseWith(JsonPath.java:895)
at io.restassured.path.json.JsonPath$JsonParser.parseWith(JsonPath.java:974)
at io.restassured.path.json.JsonPath.get(JsonPath.java:201)
at io.restassured.path.json.JsonPath.getString(JsonPath.java:351)
at whatsappServiceProd.WhatsappCommon.validateOptinFlow(WhatsappCommon.java:241)
at whatsappServiceProd.WhatsappOptinFlowStatus.message(WhatsappOptinFlowStatus.java:16)
at java.util.concurrent.ThreadPoolExecutor.runWorker(ThreadPoolExecutor.java:1149)
at java.util.concurrent.ThreadPoolExecutor$Worker.run(ThreadPoolExecutor.java:624)
at java.lang.Thread.run(Thread.java:748)
Caused by: groovy.json.JsonException: Lexing failed on line: 1, column: 1, while reading '<', no possible valid JSON value or punctuation could be recognized.
at groovy.json.JsonLexer.nextToken(JsonLexer.java:85)
at groovy.json.JsonLexer$nextToken.call(Unknown Source)
at io.restassured.internal.path.json.ConfigurableJsonSlurper.parse(ConfigurableJsonSlurper.groovy:97)
at io.restassured.internal.path.json.ConfigurableJsonSlurper$parse.callCurrent(Unknown Source)
at io.restassured.internal.path.json.ConfigurableJsonSlurper.parseText(ConfigurableJsonSlurper.groovy:83)
at io.restassured.path.json.JsonPath$4$1.method(JsonPath.java:893)
at io.restassured.path.json.JsonPath$ExceptionCatcher.invoke(JsonPath.java:928)
... 19 more
... Removed 10 stack frames]]>
    </failure>
  </testcase> <!-- message -->
  <testcase name="message" time="0.341" classname="whatsappServiceProd.WhatsappMultilanguageSupport">
    <skipped/>
  </testcase> <!-- message -->
  <testcase name="message" time="0.296" classname="whatsappServiceProd.WhatsappMultilanguageSupport">
    <failure type="java.lang.AssertionError" message="expected [true] but found [false]">
      <![CDATA[java.lang.AssertionError: expected [true] but found [false]
at whatsappServiceProd.WhatsappCommon.validateMessage(WhatsappCommon.java:217)
at whatsappServiceProd.WhatsappMultilanguageSupport.message(WhatsappMultilanguageSupport.java:16)
at java.util.concurrent.ThreadPoolExecutor.runWorker(ThreadPoolExecutor.java:1149)
at java.util.concurrent.ThreadPoolExecutor$Worker.run(ThreadPoolExecutor.java:624)
at java.lang.Thread.run(Thread.java:748)
... Removed 14 stack frames]]>
    </failure>
  </testcase> <!-- message -->
  <testcase name="message" time="0.326" classname="whatsappServiceProd.WhatsappUserMessageWithAttachment">
    <skipped/>
  </testcase> <!-- message -->
  <testcase name="message" time="0.365" classname="whatsappServiceProd.WhatsappUserMessageWithAttachment">
    <failure type="java.lang.AssertionError" message="expected [true] but found [false]">
      <![CDATA[java.lang.AssertionError: expected [true] but found [false]
at whatsappServiceProd.WhatsappCommon.validateMessage(WhatsappCommon.java:217)
at whatsappServiceProd.WhatsappUserMessageWithAttachment.message(WhatsappUserMessageWithAttachment.java:16)
at java.util.concurrent.ThreadPoolExecutor.runWorker(ThreadPoolExecutor.java:1149)
at java.util.concurrent.ThreadPoolExecutor$Worker.run(ThreadPoolExecutor.java:624)
at java.lang.Thread.run(Thread.java:748)
... Removed 14 stack frames]]>
    </failure>
  </testcase> <!-- message -->
  <testcase name="message" time="0.344" classname="whatsappServiceProd.WhatsappWebhookMessage">
    <skipped/>
  </testcase> <!-- message -->
  <testcase name="message" time="0.313" classname="whatsappServiceProd.WhatsappWebhookMessage">
    <failure type="io.restassured.path.json.exception.JsonPathException" message="Failed to parse the JSON document">
      <![CDATA[io.restassured.path.json.exception.JsonPathException: Failed to parse the JSON document
at io.restassured.path.json.JsonPath$ExceptionCatcher.invoke(JsonPath.java:930)
at io.restassured.path.json.JsonPath$4.doParseWith(JsonPath.java:895)
at io.restassured.path.json.JsonPath$JsonParser.parseWith(JsonPath.java:974)
at io.restassured.path.json.JsonPath.get(JsonPath.java:201)
at io.restassured.path.json.JsonPath.getString(JsonPath.java:351)
at whatsappServiceProd.WhatsappCommon.validateWebhook(WhatsappCommon.java:267)
at whatsappServiceProd.WhatsappWebhookMessage.message(WhatsappWebhookMessage.java:15)
at java.util.concurrent.ThreadPoolExecutor.runWorker(ThreadPoolExecutor.java:1149)
at java.util.concurrent.ThreadPoolExecutor$Worker.run(ThreadPoolExecutor.java:624)
at java.lang.Thread.run(Thread.java:748)
Caused by: groovy.json.JsonException: Lexing failed on line: 1, column: 1, while reading '<', no possible valid JSON value or punctuation could be recognized.
at groovy.json.JsonLexer.nextToken(JsonLexer.java:85)
at groovy.json.JsonLexer$nextToken.call(Unknown Source)
at io.restassured.internal.path.json.ConfigurableJsonSlurper.parse(ConfigurableJsonSlurper.groovy:97)
at io.restassured.internal.path.json.ConfigurableJsonSlurper$parse.callCurrent(Unknown Source)
at io.restassured.internal.path.json.ConfigurableJsonSlurper.parseText(ConfigurableJsonSlurper.groovy:83)
at io.restassured.path.json.JsonPath$4$1.method(JsonPath.java:893)
at io.restassured.path.json.JsonPath$ExceptionCatcher.invoke(JsonPath.java:928)
... 19 more
... Removed 10 stack frames]]>
    </failure>
  </testcase> <!-- message -->
  <testcase name="message" time="12.302" classname="whatsappServiceProd.WhatsappDeliveryFeedback">
    <skipped/>
  </testcase> <!-- message -->
  <testcase name="message" time="9.323" classname="whatsappServiceProd.WhatsappDeliveryFeedback">
    <failure type="java.lang.AssertionError" message="expected [true] but found [false]">
      <![CDATA[java.lang.AssertionError: expected [true] but found [false]
at whatsappServiceProd.WhatsappCommon.validateMessage(WhatsappCommon.java:217)
at whatsappServiceProd.WhatsappDeliveryFeedback.message(WhatsappDeliveryFeedback.java:17)
at java.util.concurrent.ThreadPoolExecutor.runWorker(ThreadPoolExecutor.java:1149)
at java.util.concurrent.ThreadPoolExecutor$Worker.run(ThreadPoolExecutor.java:624)
at java.lang.Thread.run(Thread.java:748)
... Removed 14 stack frames]]>
    </failure>
  </testcase> <!-- message -->
</testsuite> <!-- Whatsapp -->
