<?xml version="1.0" encoding="UTF-8"?>
<testsuite name="Ct-admin UI"
           tests="3"
           failures="1"
           errors="0"
           skipped="2"
           time="0.106">
  <properties />
            <testcase name="startSelenium" time="0.106" classname="ct_admin.CT_Admin">
                <failure type="java.lang.IllegalStateException"
                  message="The driver is not executable: /home/varalakshmiv/Maven Automation/webdrivertests/exe/chromedriver"
              >
<![CDATA[java.lang.IllegalStateException: The driver is not executable: /home/varalakshmiv/Maven Automation/webdrivertests/exe/chromedriver
  com.google.common.base.Preconditions.checkState(Preconditions.java:585)
  org.openqa.selenium.remote.service.DriverService.checkExecutable(DriverService.java:150)
  org.openqa.selenium.remote.service.DriverService.findExecutable(DriverService.java:141)
  org.openqa.selenium.chrome.ChromeDriverService.access$000(ChromeDriverService.java:35)
  org.openqa.selenium.chrome.ChromeDriverService$Builder.findDefaultExecutable(ChromeDriverService.java:159)
  org.openqa.selenium.remote.service.DriverService$Builder.build(DriverService.java:355)
  org.openqa.selenium.chrome.ChromeDriverService.createDefaultService(ChromeDriverService.java:94)
  org.openqa.selenium.chrome.ChromeDriver.<init>(ChromeDriver.java:147)
  common.WrapperMethod.getDriver(WrapperMethod.java:264)
  ct_admin.CT_Admin.startSelenium(CT_Admin.java:14)
  sun.reflect.NativeMethodAccessorImpl.invoke0(Native Method)
  sun.reflect.NativeMethodAccessorImpl.invoke(NativeMethodAccessorImpl.java:62)
  sun.reflect.DelegatingMethodAccessorImpl.invoke(DelegatingMethodAccessorImpl.java:43)
  java.lang.reflect.Method.invoke(Method.java:498)
  org.testng.internal.MethodInvocationHelper.invokeMethod(MethodInvocationHelper.java:124)
  org.testng.internal.MethodInvocationHelper.invokeMethodConsideringTimeout(MethodInvocationHelper.java:59)
  org.testng.internal.Invoker.invokeConfigurationMethod(Invoker.java:458)
  org.testng.internal.Invoker.invokeConfigurations(Invoker.java:222)
  org.testng.internal.Invoker.invokeConfigurations(Invoker.java:142)
  org.testng.internal.TestMethodWorker.invokeBeforeClassMethods(TestMethodWorker.java:168)
  org.testng.internal.TestMethodWorker.run(TestMethodWorker.java:105)
  org.testng.TestRunner.privateRun(TestRunner.java:648)
  org.testng.TestRunner.run(TestRunner.java:505)
  org.testng.SuiteRunner.runTest(SuiteRunner.java:455)
  org.testng.SuiteRunner.access$000(SuiteRunner.java:40)
  org.testng.SuiteRunner$SuiteWorker.run(SuiteRunner.java:489)
  org.testng.internal.thread.ThreadUtil$1.call(ThreadUtil.java:52)
  java.util.concurrent.FutureTask.run(FutureTask.java:266)
  java.util.concurrent.ThreadPoolExecutor.runWorker(ThreadPoolExecutor.java:1149)
  java.util.concurrent.ThreadPoolExecutor$Worker.run(ThreadPoolExecutor.java:624)
  java.lang.Thread.run(Thread.java:748)
]]>
      </failure>

          </testcase>
  
            <testcase name="closeSelenium" time="0.0" classname="ct_admin.CT_Admin">
          <skipped />
    </testcase>
            <testcase name="ct_admin_ui" time="0.0" classname="ct_admin.CT_Admin">
          <skipped />
    </testcase>
  
  
</testsuite>
