<?xml version="1.0" encoding="UTF-8"?>
<testsuite name="API ROR Writes"
           tests="14"
           failures="2"
           errors="0"
           skipped="2"
           time="2.015">
  <properties />
            <testcase name="ROR_Recon" time="0.019" classname="paymentsAPI.API_ROR_Writes">
                <failure type="junit.framework.AssertionFailedError"
                  message="(null)"
              >
<![CDATA[junit.framework.AssertionFailedError
  junit.framework.Assert.fail(Assert.java:48)
  junit.framework.Assert.assertTrue(Assert.java:20)
  junit.framework.Assert.assertTrue(Assert.java:27)
  paymentsAPI.API_PaymentCommon1.validation(API_PaymentCommon1.java:1317)
  paymentsAPI.API_ROR_Writes.ROR_Recon(API_ROR_Writes.java:93)
  sun.reflect.NativeMethodAccessorImpl.invoke0(Native Method)
  sun.reflect.NativeMethodAccessorImpl.invoke(NativeMethodAccessorImpl.java:62)
  sun.reflect.DelegatingMethodAccessorImpl.invoke(DelegatingMethodAccessorImpl.java:43)
  java.lang.reflect.Method.invoke(Method.java:498)
  org.testng.internal.MethodInvocationHelper.invokeMethod(MethodInvocationHelper.java:124)
  org.testng.internal.Invoker.invokeMethod(Invoker.java:583)
  org.testng.internal.Invoker.retryFailed(Invoker.java:839)
  org.testng.internal.Invoker.invokeTestMethods(Invoker.java:1010)
  org.testng.internal.TestMethodWorker.invokeTestMethods(TestMethodWorker.java:125)
  org.testng.internal.TestMethodWorker.run(TestMethodWorker.java:109)
  java.util.concurrent.ThreadPoolExecutor.runWorker(ThreadPoolExecutor.java:1149)
  java.util.concurrent.ThreadPoolExecutor$Worker.run(ThreadPoolExecutor.java:624)
  java.lang.Thread.run(Thread.java:748)
]]>
      </failure>

          </testcase>
            <testcase name="ROR_Create_Refunds" time="0.023" classname="paymentsAPI.API_ROR_Writes">
                <failure type="junit.framework.AssertionFailedError"
                  message="(null)"
              >
<![CDATA[junit.framework.AssertionFailedError
  junit.framework.Assert.fail(Assert.java:48)
  junit.framework.Assert.assertTrue(Assert.java:20)
  junit.framework.Assert.assertTrue(Assert.java:27)
  paymentsAPI.API_PaymentCommon1.validation(API_PaymentCommon1.java:1317)
  paymentsAPI.API_ROR_Writes.ROR_Create_Refunds(API_ROR_Writes.java:86)
  sun.reflect.NativeMethodAccessorImpl.invoke0(Native Method)
  sun.reflect.NativeMethodAccessorImpl.invoke(NativeMethodAccessorImpl.java:62)
  sun.reflect.DelegatingMethodAccessorImpl.invoke(DelegatingMethodAccessorImpl.java:43)
  java.lang.reflect.Method.invoke(Method.java:498)
  org.testng.internal.MethodInvocationHelper.invokeMethod(MethodInvocationHelper.java:124)
  org.testng.internal.Invoker.invokeMethod(Invoker.java:583)
  org.testng.internal.Invoker.retryFailed(Invoker.java:839)
  org.testng.internal.Invoker.invokeTestMethods(Invoker.java:1010)
  org.testng.internal.TestMethodWorker.invokeTestMethods(TestMethodWorker.java:125)
  org.testng.internal.TestMethodWorker.run(TestMethodWorker.java:109)
  java.util.concurrent.ThreadPoolExecutor.runWorker(ThreadPoolExecutor.java:1149)
  java.util.concurrent.ThreadPoolExecutor$Worker.run(ThreadPoolExecutor.java:624)
  java.lang.Thread.run(Thread.java:748)
]]>
      </failure>

          </testcase>
  
            <testcase name="ROR_Recon" time="0.0" classname="paymentsAPI.API_ROR_Writes">
          <skipped />
    </testcase>
            <testcase name="ROR_Create_Refunds" time="0.0" classname="paymentsAPI.API_ROR_Writes">
          <skipped />
    </testcase>
  
            <testcase name="ROR_Fetch_PaymentByID" time="0.186" classname="paymentsAPI.API_ROR_Writes" />
                <testcase name="ROR_Create_ProfileList" time="0.123" classname="paymentsAPI.API_ROR_Writes" />
                <testcase name="ROR_Fetch_ProfileList" time="0.180" classname="paymentsAPI.API_ROR_Writes" />
                <testcase name="ROR_MultiSearch_Pay" time="0.283" classname="paymentsAPI.API_ROR_Writes" />
                <testcase name="ROR_Fetch_RefundByID" time="0.087" classname="paymentsAPI.API_ROR_Writes" />
                <testcase name="ROR_Update_Payment" time="0.133" classname="paymentsAPI.API_ROR_Writes" />
                <testcase name="ROR_Update_Refunds" time="0.067" classname="paymentsAPI.API_ROR_Writes" />
                <testcase name="ROR_Search_ProfileList" time="0.483" classname="paymentsAPI.API_ROR_Writes" />
                <testcase name="ROR_Create_Payments" time="0.173" classname="paymentsAPI.API_ROR_Writes" />
                <testcase name="ROR_Update_ProfileList" time="0.083" classname="paymentsAPI.API_ROR_Writes" />
      
</testsuite>
