<?xml version="1.0" encoding="UTF-8"?>
<testsuite name="Whatsapp"
           tests="2"
           failures="1"
           errors="0"
           skipped="1"
           time="0.620">
  <properties />
            <testcase name="message" time="0.344" classname="whatsappService.WhatsappOptinFlowStatus">
                <failure type="io.restassured.path.json.exception.JsonPathException"
                  message="Failed to parse the JSON document"
              >
<![CDATA[io.restassured.path.json.exception.JsonPathException: Failed to parse the JSON document
  io.restassured.path.json.JsonPath$ExceptionCatcher.invoke(JsonPath.java:930)
  io.restassured.path.json.JsonPath$4.doParseWith(JsonPath.java:895)
  io.restassured.path.json.JsonPath$JsonParser.parseWith(JsonPath.java:974)
  io.restassured.path.json.JsonPath.get(JsonPath.java:201)
  io.restassured.path.json.JsonPath.getString(JsonPath.java:351)
  whatsappService.WhatsappCommon.validateOptinFlow(WhatsappCommon.java:241)
  whatsappService.WhatsappOptinFlowStatus.message(WhatsappOptinFlowStatus.java:16)
  sun.reflect.NativeMethodAccessorImpl.invoke0(Native Method)
  sun.reflect.NativeMethodAccessorImpl.invoke(NativeMethodAccessorImpl.java:62)
  sun.reflect.DelegatingMethodAccessorImpl.invoke(DelegatingMethodAccessorImpl.java:43)
  java.lang.reflect.Method.invoke(Method.java:498)
  org.testng.internal.MethodInvocationHelper.invokeMethod(MethodInvocationHelper.java:124)
  org.testng.internal.Invoker.invokeMethod(Invoker.java:583)
  org.testng.internal.Invoker.retryFailed(Invoker.java:839)
  org.testng.internal.Invoker.invokeTestMethods(Invoker.java:1010)
  org.testng.internal.TestMethodWorker.invokeTestMethods(TestMethodWorker.java:125)
  org.testng.internal.TestMethodWorker.run(TestMethodWorker.java:109)
  java.util.concurrent.ThreadPoolExecutor.runWorker(ThreadPoolExecutor.java:1149)
  java.util.concurrent.ThreadPoolExecutor$Worker.run(ThreadPoolExecutor.java:624)
  java.lang.Thread.run(Thread.java:748)
Caused by: groovy.json.JsonException: Lexing failed on line: 1, column: 1, while reading '<', no possible valid JSON value or punctuation could be recognized.
  groovy.json.JsonLexer.nextToken(JsonLexer.java:85)
  groovy.json.JsonLexer$nextToken.call(Unknown Source)
  io.restassured.internal.path.json.ConfigurableJsonSlurper.parse(ConfigurableJsonSlurper.groovy:97)
  io.restassured.internal.path.json.ConfigurableJsonSlurper$parse.callCurrent(Unknown Source)
  io.restassured.internal.path.json.ConfigurableJsonSlurper.parseText(ConfigurableJsonSlurper.groovy:83)
  io.restassured.path.json.JsonPath$4$1.method(JsonPath.java:893)
  io.restassured.path.json.JsonPath$ExceptionCatcher.invoke(JsonPath.java:928)
  io.restassured.path.json.JsonPath$4.doParseWith(JsonPath.java:895)
  io.restassured.path.json.JsonPath$JsonParser.parseWith(JsonPath.java:974)
  io.restassured.path.json.JsonPath.get(JsonPath.java:201)
  io.restassured.path.json.JsonPath.getString(JsonPath.java:351)
  whatsappService.WhatsappCommon.validateOptinFlow(WhatsappCommon.java:241)
  whatsappService.WhatsappOptinFlowStatus.message(WhatsappOptinFlowStatus.java:16)
  sun.reflect.NativeMethodAccessorImpl.invoke0(Native Method)
  sun.reflect.NativeMethodAccessorImpl.invoke(NativeMethodAccessorImpl.java:62)
  sun.reflect.DelegatingMethodAccessorImpl.invoke(DelegatingMethodAccessorImpl.java:43)
  java.lang.reflect.Method.invoke(Method.java:498)
  org.testng.internal.MethodInvocationHelper.invokeMethod(MethodInvocationHelper.java:124)
  org.testng.internal.Invoker.invokeMethod(Invoker.java:583)
  org.testng.internal.Invoker.retryFailed(Invoker.java:839)
  org.testng.internal.Invoker.invokeTestMethods(Invoker.java:1010)
  org.testng.internal.TestMethodWorker.invokeTestMethods(TestMethodWorker.java:125)
  org.testng.internal.TestMethodWorker.run(TestMethodWorker.java:109)
  java.util.concurrent.ThreadPoolExecutor.runWorker(ThreadPoolExecutor.java:1149)
  java.util.concurrent.ThreadPoolExecutor$Worker.run(ThreadPoolExecutor.java:624)
  java.lang.Thread.run(Thread.java:748)
]]>
      </failure>

          </testcase>
  
            <testcase name="message" time="0.0" classname="whatsappService.WhatsappOptinFlowStatus">
          <skipped />
    </testcase>
  
  
</testsuite>
