<?xml version="1.0" encoding="UTF-8"?>
<testng-results skipped="0" failed="1" ignored="0" total="1" passed="0">
  <reporter-output>
    <line>
      <![CDATA[<p><a href'E:\BitbucketNew\webdrivertests\ScreenShots\paymentNodeJS_CC_Fri_28Feb2020_022446.png'>screenshot</a></p>]]>
    </line>
    <line>
      <![CDATA[<p>Screenshot Name :paymentNodeJS_CC_Fri_28Feb2020_022446.png</p>]]>
    </line>
    <line>
      <![CDATA[Screenshot Path :paymentNodeJS_CC_Fri_28Feb2020_022446.png]]>
    </line>
    <line>
      <![CDATA[<p>http://172.17.15.176:9080/</p>]]>
    </line>
  </reporter-output>
  <suite name="Default suite" duration-ms="61437" started-at="2020-02-28T08:53:45Z" finished-at="2020-02-28T08:54:47Z">
    <groups>
    </groups>
    <test name="Default test" duration-ms="61437" started-at="2020-02-28T08:53:45Z" finished-at="2020-02-28T08:54:47Z">
      <class name="paymentsUI.Payment_NodeJS_CC">
        <test-method status="PASS" signature="setUp()[pri:0, instance:paymentsUI.Payment_NodeJS_CC@41ee392b]" name="setUp" is-config="true" duration-ms="7076" started-at="2020-02-28T08:53:45Z" finished-at="2020-02-28T08:53:53Z">
          <reporter-output>
          </reporter-output>
        </test-method> <!-- setUp -->
        <test-method status="FAIL" signature="paymentNodeJS_CC()[pri:0, instance:paymentsUI.Payment_NodeJS_CC@41ee392b]" name="paymentNodeJS_CC" duration-ms="53200" started-at="2020-02-28T08:53:53Z" finished-at="2020-02-28T08:54:46Z">
          <exception class="java.lang.AssertionError">
            <message>
              <![CDATA[Failure! Element not Visible!]]>
            </message>
            <full-stacktrace>
              <![CDATA[java.lang.AssertionError: Failure! Element not Visible!
at org.testng.AssertJUnit.fail(AssertJUnit.java:59)
at org.testng.AssertJUnit.assertTrue(AssertJUnit.java:24)
at common.WrapperMethod.elementPresent(WrapperMethod.java:632)
at common.WrapperMethod.safeClick(WrapperMethod.java:841)
at paymentsUI.Payment_NodeJS_CC.paymentNodeJS_CC(Payment_NodeJS_CC.java:24)
at sun.reflect.NativeMethodAccessorImpl.invoke0(Native Method)
at sun.reflect.NativeMethodAccessorImpl.invoke(Unknown Source)
at sun.reflect.DelegatingMethodAccessorImpl.invoke(Unknown Source)
at java.lang.reflect.Method.invoke(Unknown Source)
at org.testng.internal.MethodInvocationHelper.invokeMethod(MethodInvocationHelper.java:124)
at org.testng.internal.Invoker.invokeMethod(Invoker.java:583)
at org.testng.internal.Invoker.invokeTestMethod(Invoker.java:719)
at org.testng.internal.Invoker.invokeTestMethods(Invoker.java:989)
at org.testng.internal.TestMethodWorker.invokeTestMethods(TestMethodWorker.java:125)
at org.testng.internal.TestMethodWorker.run(TestMethodWorker.java:109)
at org.testng.TestRunner.privateRun(TestRunner.java:648)
at org.testng.TestRunner.run(TestRunner.java:505)
at org.testng.SuiteRunner.runTest(SuiteRunner.java:455)
at org.testng.SuiteRunner.runSequentially(SuiteRunner.java:450)
at org.testng.SuiteRunner.privateRun(SuiteRunner.java:415)
at org.testng.SuiteRunner.run(SuiteRunner.java:364)
at org.testng.SuiteRunnerWorker.runSuite(SuiteRunnerWorker.java:52)
at org.testng.SuiteRunnerWorker.run(SuiteRunnerWorker.java:84)
at org.testng.TestNG.runSuitesSequentially(TestNG.java:1208)
at org.testng.TestNG.runSuitesLocally(TestNG.java:1137)
at org.testng.TestNG.runSuites(TestNG.java:1049)
at org.testng.TestNG.run(TestNG.java:1017)
at org.testng.remote.AbstractRemoteTestNG.run(AbstractRemoteTestNG.java:114)
at org.testng.remote.RemoteTestNG.initAndRun(RemoteTestNG.java:251)
at org.testng.remote.RemoteTestNG.main(RemoteTestNG.java:77)
]]>
            </full-stacktrace>
          </exception> <!-- java.lang.AssertionError -->
          <reporter-output>
          </reporter-output>
        </test-method> <!-- paymentNodeJS_CC -->
        <test-method status="PASS" signature="afterMethod(org.testng.ITestResult)[pri:0, instance:paymentsUI.Payment_NodeJS_CC@41ee392b]" name="afterMethod" is-config="true" duration-ms="535" started-at="2020-02-28T08:54:46Z" finished-at="2020-02-28T08:54:46Z">
          <params>
            <param index="0">
              <value>
                <![CDATA[[TestResult name=paymentNodeJS_CC status=FAILURE method=Payment_NodeJS_CC.paymentNodeJS_CC()[pri:0, instance:paymentsUI.Payment_NodeJS_CC@41ee392b] output={null}]]]>
              </value>
            </param>
          </params>
          <reporter-output>
            <line>
              <![CDATA[<p><a href'E:\BitbucketNew\webdrivertests\ScreenShots\paymentNodeJS_CC_Fri_28Feb2020_022446.png'>screenshot</a></p>]]>
            </line>
            <line>
              <![CDATA[<p>Screenshot Name :paymentNodeJS_CC_Fri_28Feb2020_022446.png</p>]]>
            </line>
            <line>
              <![CDATA[Screenshot Path :paymentNodeJS_CC_Fri_28Feb2020_022446.png]]>
            </line>
            <line>
              <![CDATA[<p>http://172.17.15.176:9080/</p>]]>
            </line>
          </reporter-output>
        </test-method> <!-- afterMethod -->
        <test-method status="PASS" signature="tearDown()[pri:0, instance:paymentsUI.Payment_NodeJS_CC@41ee392b]" name="tearDown" is-config="true" duration-ms="587" started-at="2020-02-28T08:54:46Z" finished-at="2020-02-28T08:54:47Z">
          <reporter-output>
          </reporter-output>
        </test-method> <!-- tearDown -->
      </class> <!-- paymentsUI.Payment_NodeJS_CC -->
    </test> <!-- Default test -->
  </suite> <!-- Default suite -->
</testng-results>
