<?xml version="1.0" encoding="UTF-8"?>
<!-- Generated by org.testng.reporters.JUnitReportReporter -->
<testsuite name="testScriptsTrains.Pax_2A2C_SecondSitting_Unsigned" tests="1" time="176.146" ignored="0" failures="1" timestamp="09 Apr 2019 05:09:45 GMT" skipped="0" hostname="sysadm-PC" errors="0">
  <testcase name="B2cTrains_Pax_2Adults2Children_SecondSitting" time="176.146" classname="testScriptsTrains.Pax_2A2C_SecondSitting_Unsigned">
    <failure type="java.lang.AssertionError" message="Failure! Element not Visible!">
      <![CDATA[java.lang.AssertionError: Failure! Element not Visible!
	at org.testng.AssertJUnit.fail(AssertJUnit.java:59)
	at org.testng.AssertJUnit.assertTrue(AssertJUnit.java:24)
	at commonServices.WrapperMethod.elementPresent(WrapperMethod.java:946)
	at commonServices.WrapperMethod.safeClick(WrapperMethod.java:1156)
	at domainServices.Trains.B2cTrains_Bookstep1(Trains.java:1352)
	at testScriptsTrains.Pax_2A2C_SecondSitting_Unsigned.B2cTrains_Pax_2Adults2Children_SecondSitting(Pax_2A2C_SecondSitting_Unsigned.java:38)
	at sun.reflect.NativeMethodAccessorImpl.invoke0(Native Method)
	at sun.reflect.NativeMethodAccessorImpl.invoke(Unknown Source)
	at sun.reflect.DelegatingMethodAccessorImpl.invoke(Unknown Source)
	at java.lang.reflect.Method.invoke(Unknown Source)
	at org.testng.internal.MethodInvocationHelper.invokeMethod(MethodInvocationHelper.java:104)
	at org.testng.internal.Invoker.invokeMethod(Invoker.java:645)
	at org.testng.internal.Invoker.invokeTestMethod(Invoker.java:851)
	at org.testng.internal.Invoker.invokeTestMethods(Invoker.java:1177)
	at org.testng.internal.TestMethodWorker.invokeTestMethods(TestMethodWorker.java:129)
	at org.testng.internal.TestMethodWorker.run(TestMethodWorker.java:112)
	at org.testng.TestRunner.privateRun(TestRunner.java:756)
	at org.testng.TestRunner.run(TestRunner.java:610)
	at org.testng.SuiteRunner.runTest(SuiteRunner.java:387)
	at org.testng.SuiteRunner.runSequentially(SuiteRunner.java:382)
	at org.testng.SuiteRunner.privateRun(SuiteRunner.java:340)
	at org.testng.SuiteRunner.run(SuiteRunner.java:289)
	at org.testng.SuiteRunnerWorker.runSuite(SuiteRunnerWorker.java:52)
	at org.testng.SuiteRunnerWorker.run(SuiteRunnerWorker.java:86)
	at org.testng.TestNG.runSuitesSequentially(TestNG.java:1293)
	at org.testng.TestNG.runSuitesLocally(TestNG.java:1218)
	at org.testng.TestNG.runSuites(TestNG.java:1133)
	at org.testng.TestNG.run(TestNG.java:1104)
	at org.testng.remote.AbstractRemoteTestNG.run(AbstractRemoteTestNG.java:114)
	at org.testng.remote.RemoteTestNG.initAndRun(RemoteTestNG.java:251)
	at org.testng.remote.RemoteTestNG.main(RemoteTestNG.java:77)
]]>
    </failure>
  </testcase> <!-- B2cTrains_Pax_2Adults2Children_SecondSitting -->
</testsuite> <!-- testScriptsTrains.Pax_2A2C_SecondSitting_Unsigned -->
