<?xml version="1.0" encoding="UTF-8"?>
<!-- Generated by org.testng.reporters.JUnitReportReporter -->
<testsuite skipped="2" hostname="sysadm-Latitude-3480" name="paymentsAPI.API_ROR_Writes" tests="14" failures="2" timestamp="05 Mar 2020 05:12:34 GMT" time="2.015" errors="0">
  <testcase name="ROR_Create_ProfileList" time="0.123" classname="paymentsAPI.API_ROR_Writes"/>
  <testcase name="ROR_Update_Refunds" time="0.067" classname="paymentsAPI.API_ROR_Writes"/>
  <testcase name="ROR_Create_Payments" time="0.173" classname="paymentsAPI.API_ROR_Writes"/>
  <testcase name="ROR_Update_ProfileList" time="0.083" classname="paymentsAPI.API_ROR_Writes"/>
  <testcase name="ROR_Recon" time="0.019" classname="paymentsAPI.API_ROR_Writes">
    <failure type="junit.framework.AssertionFailedError">
      <![CDATA[junit.framework.AssertionFailedError
at junit.framework.Assert.fail(Assert.java:48)
at junit.framework.Assert.assertTrue(Assert.java:20)
at junit.framework.Assert.assertTrue(Assert.java:27)
at paymentsAPI.API_PaymentCommon1.validation(API_PaymentCommon1.java:1317)
at paymentsAPI.API_ROR_Writes.ROR_Recon(API_ROR_Writes.java:93)
at sun.reflect.NativeMethodAccessorImpl.invoke0(Native Method)
at sun.reflect.NativeMethodAccessorImpl.invoke(NativeMethodAccessorImpl.java:62)
at sun.reflect.DelegatingMethodAccessorImpl.invoke(DelegatingMethodAccessorImpl.java:43)
at java.lang.reflect.Method.invoke(Method.java:498)
at org.testng.internal.MethodInvocationHelper.invokeMethod(MethodInvocationHelper.java:124)
at org.testng.internal.Invoker.invokeMethod(Invoker.java:583)
at org.testng.internal.Invoker.retryFailed(Invoker.java:839)
at org.testng.internal.Invoker.invokeTestMethods(Invoker.java:1010)
at org.testng.internal.TestMethodWorker.invokeTestMethods(TestMethodWorker.java:125)
at org.testng.internal.TestMethodWorker.run(TestMethodWorker.java:109)
at java.util.concurrent.ThreadPoolExecutor.runWorker(ThreadPoolExecutor.java:1149)
at java.util.concurrent.ThreadPoolExecutor$Worker.run(ThreadPoolExecutor.java:624)
at java.lang.Thread.run(Thread.java:748)
]]>
    </failure>
  </testcase> <!-- ROR_Recon -->
  <testcase name="ROR_Recon" time="0.059" classname="paymentsAPI.API_ROR_Writes">
    <skipped/>
  </testcase> <!-- ROR_Recon -->
  <testcase name="ROR_Fetch_PaymentByID" time="0.186" classname="paymentsAPI.API_ROR_Writes"/>
  <testcase name="ROR_Fetch_ProfileList" time="0.180" classname="paymentsAPI.API_ROR_Writes"/>
  <testcase name="ROR_Create_Refunds" time="0.023" classname="paymentsAPI.API_ROR_Writes">
    <failure type="junit.framework.AssertionFailedError">
      <![CDATA[junit.framework.AssertionFailedError
at junit.framework.Assert.fail(Assert.java:48)
at junit.framework.Assert.assertTrue(Assert.java:20)
at junit.framework.Assert.assertTrue(Assert.java:27)
at paymentsAPI.API_PaymentCommon1.validation(API_PaymentCommon1.java:1317)
at paymentsAPI.API_ROR_Writes.ROR_Create_Refunds(API_ROR_Writes.java:86)
at sun.reflect.NativeMethodAccessorImpl.invoke0(Native Method)
at sun.reflect.NativeMethodAccessorImpl.invoke(NativeMethodAccessorImpl.java:62)
at sun.reflect.DelegatingMethodAccessorImpl.invoke(DelegatingMethodAccessorImpl.java:43)
at java.lang.reflect.Method.invoke(Method.java:498)
at org.testng.internal.MethodInvocationHelper.invokeMethod(MethodInvocationHelper.java:124)
at org.testng.internal.Invoker.invokeMethod(Invoker.java:583)
at org.testng.internal.Invoker.retryFailed(Invoker.java:839)
at org.testng.internal.Invoker.invokeTestMethods(Invoker.java:1010)
at org.testng.internal.TestMethodWorker.invokeTestMethods(TestMethodWorker.java:125)
at org.testng.internal.TestMethodWorker.run(TestMethodWorker.java:109)
at java.util.concurrent.ThreadPoolExecutor.runWorker(ThreadPoolExecutor.java:1149)
at java.util.concurrent.ThreadPoolExecutor$Worker.run(ThreadPoolExecutor.java:624)
at java.lang.Thread.run(Thread.java:748)
]]>
    </failure>
  </testcase> <!-- ROR_Create_Refunds -->
  <testcase name="ROR_Create_Refunds" time="0.116" classname="paymentsAPI.API_ROR_Writes">
    <skipped/>
  </testcase> <!-- ROR_Create_Refunds -->
  <testcase name="ROR_MultiSearch_Pay" time="0.283" classname="paymentsAPI.API_ROR_Writes"/>
  <testcase name="ROR_Fetch_RefundByID" time="0.087" classname="paymentsAPI.API_ROR_Writes"/>
  <testcase name="ROR_Update_Payment" time="0.133" classname="paymentsAPI.API_ROR_Writes"/>
  <testcase name="ROR_Search_ProfileList" time="0.483" classname="paymentsAPI.API_ROR_Writes"/>
</testsuite> <!-- paymentsAPI.API_ROR_Writes -->
