<html>
<head>
<title>TestNG:  QA CT-CONFIG ADD OBJECTLISTS</title>
<link href="../testng.css" rel="stylesheet" type="text/css" />
<link href="../my-testng.css" rel="stylesheet" type="text/css" />

<style type="text/css">
.log { display: none;} 
.stack-trace { display: none;} 
</style>
<script type="text/javascript">
<!--
function flip(e) {
  current = e.style.display;
  if (current == 'block') {
    e.style.display = 'none';
    return 0;
  }
  else {
    e.style.display = 'block';
    return 1;
  }
}

function toggleBox(szDivId, elem, msg1, msg2)
{
  var res = -1;  if (document.getElementById) {
    res = flip(document.getElementById(szDivId));
  }
  else if (document.all) {
    // this is the way old msie versions work
    res = flip(document.all[szDivId]);
  }
  if(elem) {
    if(res == 0) elem.innerHTML = msg1; else elem.innerHTML = msg2;
  }

}

function toggleAllBoxes() {
  if (document.getElementsByTagName) {
    d = document.getElementsByTagName('div');
    for (i = 0; i < d.length; i++) {
      if (d[i].className == 'log') {
        flip(d[i]);
      }
    }
  }
}

// -->
</script>

</head>
<body>
<h2 align='center'>QA CT-CONFIG ADD OBJECTLISTS</h2><table border='1' align="center">
<tr>
<td>Tests passed/Failed/Skipped:</td><td>0/1/1</td>
</tr><tr>
<td>Started on:</td><td>Thu Jan 16 15:50:18 IST 2020</td>
</tr>
<tr><td>Total time:</td><td>644 seconds (644170 ms)</td>
</tr><tr>
<td>Included groups:</td><td></td>
</tr><tr>
<td>Excluded groups:</td><td></td>
</tr>
</table><p/>
<small><i>(Hover the method name to see the test class name)</i></small><p/>
<table width='100%' border='1' class='invocation-failed'>
<tr><td colspan='4' align='center'><b>FAILED TESTS</b></td></tr>
<tr><td><b>Test method</b></td>
<td width="30%"><b>Exception</b></td>
<td width="10%"><b>Time (seconds)</b></td>
<td><b>Instance</b></td>
</tr>
<tr>
<td title='ct_config.CT_Config_AddObjectLists.ct_config()'><b>ct_config</b><br>Test class: ct_config.CT_Config_AddObjectLists<br/>
<a href="#Output-1999844384" onClick='toggleBox("Output-1999844384", this, "Show output", "Hide output");'>Show output</a>

<a href="#Output-1999844384" onClick="toggleAllBoxes();">Show all outputs</a>
<div class='log' id="Output-1999844384">
<p>https://qa2.cleartrip.com/hq</p><br/>
<p>submit Button is displayed in page</p><br/>
<p>Add Button is displayed in page</p><br/>
<p>search property is displayed in page</p><br/>
<p>View changes is displayed in page</p><br/>
<p>confirm changes is displayed in page</p><br/>
<p>discard is displayed in page</p><br/>
<p>All changes is displayed in page</p><br/>
<p>View changes is displayed in page</p><br/>
<p>confirm changes is displayed in page</p><br/>
<p>publish is displayed in page</p><br/>
<p>Add Button is displayed in page</p><br/>
<p>search property is displayed in page</p><br/>
<p>Add Button is displayed in page</p><br/>
<p>search property is displayed in page</p><br/>
<p>update button is displayed in page</p><br/>
<p>View changes is displayed in page</p><br/>
<p>confirm changes is displayed in page</p><br/>
<p>discard is displayed in page</p><br/>
<p>All changes is displayed in page</p><br/>
<p>View changes is displayed in page</p><br/>
<p>confirm changes is displayed in page</p><br/>
<p>publish is displayed in page</p><br/>
<p>Add Button is displayed in page</p><br/>
<p>search property is displayed in page</p><br/>
<p>Add Button is displayed in page</p><br/>
<p>search property is displayed in page</p><br/>
<p>View changes is displayed in page</p><br/>
<p>confirm changes is displayed in page</p><br/>
<p>discard is displayed in page</p><br/>
<p>All changes is displayed in page</p><br/>
<p>View changes is displayed in page</p><br/>
<p>confirm changes is displayed in page</p><br/>
<p>publish is displayed in page</p><br/>
<p>Add Button is displayed in page</p><br/>
<p>search property is displayed in page</p><br/>
<p>Add Button is displayed in page</p><br/>
<p>search property is displayed in page</p><br/>
</div>
</td>
<td><div><pre>org.openqa.selenium.TimeoutException: Expected condition failed: waiting for element to be clickable: By.xpath: //form/div/button (tried for 50 second(s) with 500 milliseconds interval)
Build info: version: &apos;3.141.59&apos;, revision: &apos;e82be7d358&apos;, time: &apos;2018-11-14T08:17:03&apos;
System info: host: &apos;SYSADM-PC&apos;, ip: &apos;192.168.44.86&apos;, os.name: &apos;Windows 7&apos;, os.arch: &apos;amd64&apos;, os.version: &apos;6.1&apos;, java.version: &apos;1.8.0_191&apos;
Driver info: org.openqa.selenium.chrome.ChromeDriver
Capabilities {acceptInsecureCerts: false, acceptSslCerts: false, applicationCacheEnabled: false, browserConnectionEnabled: false, browserName: chrome, chrome: {chromedriverVersion: 2.35.528161 (5b82f2d2aae0ca..., userDataDir: C:\Users\VARALA~1\AppData\L...}, cssSelectorsEnabled: true, databaseEnabled: false, handlesAlerts: true, hasTouchScreen: false, javascriptEnabled: true, locationContextEnabled: true, mobileEmulationEnabled: false, nativeEvents: true, networkConnectionEnabled: false, pageLoadStrategy: normal, platform: XP, platformName: XP, rotatable: false, setWindowRect: true, takesHeapSnapshot: true, takesScreenshot: true, unexpectedAlertBehaviour: , unhandledPromptBehavior: , version: 79.0.3945.117, webStorageEnabled: true}
Session ID: d410480cf4b0232ba76f41ad77278cd8
	at org.openqa.selenium.support.ui.WebDriverWait.timeoutException(WebDriverWait.java:95)
	at org.openqa.selenium.support.ui.FluentWait.until(FluentWait.java:272)
	at common.WrapperMethod.safeClick(WrapperMethod.java:708)
	at ct_config.CT_CONFIG_COMMON.add_property(CT_CONFIG_COMMON.java:161)
	at ct_config.CT_Config_AddObjectLists.ct_config(CT_Config_AddObjectLists.java:29)
	at java.util.concurrent.ThreadPoolExecutor.runWorker(Unknown Source)
	at java.util.concurrent.ThreadPoolExecutor$Worker.run(Unknown Source)
	at java.lang.Thread.run(Unknown Source)
... Removed 10 stack frames</pre></div><a href='#' onClick='toggleBox("stack-trace1999844384", this, "Click to show all stack frames", "Click to hide stack frames")'>Click to show all stack frames</a>
<div class='stack-trace' id='stack-trace1999844384'><pre>org.openqa.selenium.TimeoutException: Expected condition failed: waiting for element to be clickable: By.xpath: //form/div/button (tried for 50 second(s) with 500 milliseconds interval)
Build info: version: &apos;3.141.59&apos;, revision: &apos;e82be7d358&apos;, time: &apos;2018-11-14T08:17:03&apos;
System info: host: &apos;SYSADM-PC&apos;, ip: &apos;192.168.44.86&apos;, os.name: &apos;Windows 7&apos;, os.arch: &apos;amd64&apos;, os.version: &apos;6.1&apos;, java.version: &apos;1.8.0_191&apos;
Driver info: org.openqa.selenium.chrome.ChromeDriver
Capabilities {acceptInsecureCerts: false, acceptSslCerts: false, applicationCacheEnabled: false, browserConnectionEnabled: false, browserName: chrome, chrome: {chromedriverVersion: 2.35.528161 (5b82f2d2aae0ca..., userDataDir: C:\Users\VARALA~1\AppData\L...}, cssSelectorsEnabled: true, databaseEnabled: false, handlesAlerts: true, hasTouchScreen: false, javascriptEnabled: true, locationContextEnabled: true, mobileEmulationEnabled: false, nativeEvents: true, networkConnectionEnabled: false, pageLoadStrategy: normal, platform: XP, platformName: XP, rotatable: false, setWindowRect: true, takesHeapSnapshot: true, takesScreenshot: true, unexpectedAlertBehaviour: , unhandledPromptBehavior: , version: 79.0.3945.117, webStorageEnabled: true}
Session ID: d410480cf4b0232ba76f41ad77278cd8
	at org.openqa.selenium.support.ui.WebDriverWait.timeoutException(WebDriverWait.java:95)
	at org.openqa.selenium.support.ui.FluentWait.until(FluentWait.java:272)
	at common.WrapperMethod.safeClick(WrapperMethod.java:708)
	at ct_config.CT_CONFIG_COMMON.add_property(CT_CONFIG_COMMON.java:161)
	at ct_config.CT_Config_AddObjectLists.ct_config(CT_Config_AddObjectLists.java:29)
	at sun.reflect.NativeMethodAccessorImpl.invoke0(Native Method)
	at sun.reflect.NativeMethodAccessorImpl.invoke(Unknown Source)
	at sun.reflect.DelegatingMethodAccessorImpl.invoke(Unknown Source)
	at java.lang.reflect.Method.invoke(Unknown Source)
	at org.testng.internal.MethodInvocationHelper.invokeMethod(MethodInvocationHelper.java:124)
	at org.testng.internal.Invoker.invokeMethod(Invoker.java:583)
	at org.testng.internal.Invoker.retryFailed(Invoker.java:839)
	at org.testng.internal.Invoker.invokeTestMethods(Invoker.java:1010)
	at org.testng.internal.TestMethodWorker.invokeTestMethods(TestMethodWorker.java:125)
	at org.testng.internal.TestMethodWorker.run(TestMethodWorker.java:109)
	at java.util.concurrent.ThreadPoolExecutor.runWorker(Unknown Source)
	at java.util.concurrent.ThreadPoolExecutor$Worker.run(Unknown Source)
	at java.lang.Thread.run(Unknown Source)
</pre></div></td>
<td>259</td>
<td>ct_config.CT_Config_AddObjectLists@353d0772</td></tr>
</table><p>
<table width='100%' border='1' class='invocation-skipped'>
<tr><td colspan='4' align='center'><b>SKIPPED TESTS</b></td></tr>
<tr><td><b>Test method</b></td>
<td width="30%"><b>Exception</b></td>
<td width="10%"><b>Time (seconds)</b></td>
<td><b>Instance</b></td>
</tr>
<tr>
<td title='ct_config.CT_Config_AddObjectLists.ct_config()'><b>ct_config</b><br>Test class: ct_config.CT_Config_AddObjectLists<br/>
<a href="#Output-1831006088" onClick='toggleBox("Output-1831006088", this, "Show output", "Hide output");'>Show output</a>

<a href="#Output-1831006088" onClick="toggleAllBoxes();">Show all outputs</a>
<div class='log' id="Output-1831006088">
<p>https://qa2.cleartrip.com/signin?service=/hq</p><br/>
<p>submit Button is displayed in page</p><br/>
<p>Add Button is displayed in page</p><br/>
<p>search property is displayed in page</p><br/>
<p>View changes is displayed in page</p><br/>
<p>confirm changes is displayed in page</p><br/>
<p>discard is displayed in page</p><br/>
<p>All changes is displayed in page</p><br/>
<p>View changes is displayed in page</p><br/>
<p>confirm changes is displayed in page</p><br/>
<p>publish is displayed in page</p><br/>
<p>Add Button is displayed in page</p><br/>
<p>search property is displayed in page</p><br/>
<p>Add Button is displayed in page</p><br/>
<p>search property is displayed in page</p><br/>
<p>update button is displayed in page</p><br/>
<p>View changes is displayed in page</p><br/>
<p>confirm changes is displayed in page</p><br/>
<p>discard is displayed in page</p><br/>
<p>All changes is displayed in page</p><br/>
<p>View changes is displayed in page</p><br/>
<p>confirm changes is displayed in page</p><br/>
<p>publish is displayed in page</p><br/>
<p>Add Button is displayed in page</p><br/>
<p>search property is displayed in page</p><br/>
<p>Add Button is displayed in page</p><br/>
<p>search property is displayed in page</p><br/>
<p>View changes is displayed in page</p><br/>
<p>confirm changes is displayed in page</p><br/>
<p>discard is displayed in page</p><br/>
<p>All changes is displayed in page</p><br/>
<p>View changes is displayed in page</p><br/>
<p>confirm changes is displayed in page</p><br/>
<p>publish is displayed in page</p><br/>
<p>Add Button is displayed in page</p><br/>
<p>search property is displayed in page</p><br/>
<p>Add Button is displayed in page</p><br/>
<p>search property is displayed in page</p><br/>
<p>View changes is displayed in page</p><br/>
<p>confirm changes is displayed in page</p><br/>
<p>discard is displayed in page</p><br/>
<p>All changes is displayed in page</p><br/>
<p>View changes is displayed in page</p><br/>
<p>confirm changes is displayed in page</p><br/>
<p>publish is displayed in page</p><br/>
<p>Add Button is displayed in page</p><br/>
<p>search property is displayed in page</p><br/>
<p>Add Button is displayed in page</p><br/>
<p>search property is displayed in page</p><br/>
</div>
</td>
<td><div><pre>org.openqa.selenium.StaleElementReferenceException: stale element reference: element is not attached to the page document
  (Session info: headless chrome=79.0.3945.117)
  (Driver info: chromedriver=2.35.528161 (5b82f2d2aae0ca24b877009200ced9065a772e73),platform=Windows NT 6.1.7601 SP1 x86_64) (WARNING: The server did not provide any stacktrace information)
Command duration or timeout: 0 milliseconds
For documentation on this error, please visit: https://www.seleniumhq.org/exceptions/stale_element_reference.html
Build info: version: &apos;3.141.59&apos;, revision: &apos;e82be7d358&apos;, time: &apos;2018-11-14T08:17:03&apos;
System info: host: &apos;SYSADM-PC&apos;, ip: &apos;192.168.44.86&apos;, os.name: &apos;Windows 7&apos;, os.arch: &apos;amd64&apos;, os.version: &apos;6.1&apos;, java.version: &apos;1.8.0_191&apos;
Driver info: org.openqa.selenium.chrome.ChromeDriver
Capabilities {acceptInsecureCerts: false, acceptSslCerts: false, applicationCacheEnabled: false, browserConnectionEnabled: false, browserName: chrome, chrome: {chromedriverVersion: 2.35.528161 (5b82f2d2aae0ca..., userDataDir: C:\Users\VARALA~1\AppData\L...}, cssSelectorsEnabled: true, databaseEnabled: false, handlesAlerts: true, hasTouchScreen: false, javascriptEnabled: true, locationContextEnabled: true, mobileEmulationEnabled: false, nativeEvents: true, networkConnectionEnabled: false, pageLoadStrategy: normal, platform: XP, platformName: XP, rotatable: false, setWindowRect: true, takesHeapSnapshot: true, takesScreenshot: true, unexpectedAlertBehaviour: , unhandledPromptBehavior: , version: 79.0.3945.117, webStorageEnabled: true}
Session ID: d410480cf4b0232ba76f41ad77278cd8
	at org.openqa.selenium.remote.ErrorHandler.createThrowable(ErrorHandler.java:214)
	at org.openqa.selenium.remote.ErrorHandler.throwIfResponseFailed(ErrorHandler.java:166)
	at org.openqa.selenium.remote.http.JsonHttpResponseCodec.reconstructValue(JsonHttpResponseCodec.java:40)
	at org.openqa.selenium.remote.http.AbstractHttpResponseCodec.decode(AbstractHttpResponseCodec.java:80)
	at org.openqa.selenium.remote.http.AbstractHttpResponseCodec.decode(AbstractHttpResponseCodec.java:44)
	at org.openqa.selenium.remote.HttpCommandExecutor.execute(HttpCommandExecutor.java:158)
	at org.openqa.selenium.remote.service.DriverCommandExecutor.execute(DriverCommandExecutor.java:83)
	at org.openqa.selenium.remote.RemoteWebDriver.execute(RemoteWebDriver.java:552)
	at org.openqa.selenium.remote.RemoteWebElement.execute(RemoteWebElement.java:285)
	at org.openqa.selenium.remote.RemoteWebElement.isDisplayed(RemoteWebElement.java:326)
	at common.WrapperMethod.elementPresent_log(WrapperMethod.java:502)
	at ct_config.CT_CONFIG_COMMON.update_property(CT_CONFIG_COMMON.java:363)
	at ct_config.CT_Config_AddObjectLists.ct_config(CT_Config_AddObjectLists.java:30)
	at java.util.concurrent.ThreadPoolExecutor.runWorker(Unknown Source)
	at java.util.concurrent.ThreadPoolExecutor$Worker.run(Unknown Source)
	at java.lang.Thread.run(Unknown Source)
... Removed 14 stack frames</pre></div><a href='#' onClick='toggleBox("stack-trace1831006088", this, "Click to show all stack frames", "Click to hide stack frames")'>Click to show all stack frames</a>
<div class='stack-trace' id='stack-trace1831006088'><pre>org.openqa.selenium.StaleElementReferenceException: stale element reference: element is not attached to the page document
  (Session info: headless chrome=79.0.3945.117)
  (Driver info: chromedriver=2.35.528161 (5b82f2d2aae0ca24b877009200ced9065a772e73),platform=Windows NT 6.1.7601 SP1 x86_64) (WARNING: The server did not provide any stacktrace information)
Command duration or timeout: 0 milliseconds
For documentation on this error, please visit: https://www.seleniumhq.org/exceptions/stale_element_reference.html
Build info: version: &apos;3.141.59&apos;, revision: &apos;e82be7d358&apos;, time: &apos;2018-11-14T08:17:03&apos;
System info: host: &apos;SYSADM-PC&apos;, ip: &apos;192.168.44.86&apos;, os.name: &apos;Windows 7&apos;, os.arch: &apos;amd64&apos;, os.version: &apos;6.1&apos;, java.version: &apos;1.8.0_191&apos;
Driver info: org.openqa.selenium.chrome.ChromeDriver
Capabilities {acceptInsecureCerts: false, acceptSslCerts: false, applicationCacheEnabled: false, browserConnectionEnabled: false, browserName: chrome, chrome: {chromedriverVersion: 2.35.528161 (5b82f2d2aae0ca..., userDataDir: C:\Users\VARALA~1\AppData\L...}, cssSelectorsEnabled: true, databaseEnabled: false, handlesAlerts: true, hasTouchScreen: false, javascriptEnabled: true, locationContextEnabled: true, mobileEmulationEnabled: false, nativeEvents: true, networkConnectionEnabled: false, pageLoadStrategy: normal, platform: XP, platformName: XP, rotatable: false, setWindowRect: true, takesHeapSnapshot: true, takesScreenshot: true, unexpectedAlertBehaviour: , unhandledPromptBehavior: , version: 79.0.3945.117, webStorageEnabled: true}
Session ID: d410480cf4b0232ba76f41ad77278cd8
	at sun.reflect.NativeConstructorAccessorImpl.newInstance0(Native Method)
	at sun.reflect.NativeConstructorAccessorImpl.newInstance(Unknown Source)
	at sun.reflect.DelegatingConstructorAccessorImpl.newInstance(Unknown Source)
	at java.lang.reflect.Constructor.newInstance(Unknown Source)
	at org.openqa.selenium.remote.ErrorHandler.createThrowable(ErrorHandler.java:214)
	at org.openqa.selenium.remote.ErrorHandler.throwIfResponseFailed(ErrorHandler.java:166)
	at org.openqa.selenium.remote.http.JsonHttpResponseCodec.reconstructValue(JsonHttpResponseCodec.java:40)
	at org.openqa.selenium.remote.http.AbstractHttpResponseCodec.decode(AbstractHttpResponseCodec.java:80)
	at org.openqa.selenium.remote.http.AbstractHttpResponseCodec.decode(AbstractHttpResponseCodec.java:44)
	at org.openqa.selenium.remote.HttpCommandExecutor.execute(HttpCommandExecutor.java:158)
	at org.openqa.selenium.remote.service.DriverCommandExecutor.execute(DriverCommandExecutor.java:83)
	at org.openqa.selenium.remote.RemoteWebDriver.execute(RemoteWebDriver.java:552)
	at org.openqa.selenium.remote.RemoteWebElement.execute(RemoteWebElement.java:285)
	at org.openqa.selenium.remote.RemoteWebElement.isDisplayed(RemoteWebElement.java:326)
	at common.WrapperMethod.elementPresent_log(WrapperMethod.java:502)
	at ct_config.CT_CONFIG_COMMON.update_property(CT_CONFIG_COMMON.java:363)
	at ct_config.CT_Config_AddObjectLists.ct_config(CT_Config_AddObjectLists.java:30)
	at sun.reflect.NativeMethodAccessorImpl.invoke0(Native Method)
	at sun.reflect.NativeMethodAccessorImpl.invoke(Unknown Source)
	at sun.reflect.DelegatingMethodAccessorImpl.invoke(Unknown Source)
	at java.lang.reflect.Method.invoke(Unknown Source)
	at org.testng.internal.MethodInvocationHelper.invokeMethod(MethodInvocationHelper.java:124)
	at org.testng.internal.Invoker.invokeMethod(Invoker.java:583)
	at org.testng.internal.Invoker.invokeTestMethod(Invoker.java:719)
	at org.testng.internal.Invoker.invokeTestMethods(Invoker.java:989)
	at org.testng.internal.TestMethodWorker.invokeTestMethods(TestMethodWorker.java:125)
	at org.testng.internal.TestMethodWorker.run(TestMethodWorker.java:109)
	at java.util.concurrent.ThreadPoolExecutor.runWorker(Unknown Source)
	at java.util.concurrent.ThreadPoolExecutor$Worker.run(Unknown Source)
	at java.lang.Thread.run(Unknown Source)
</pre></div></td>
<td>379</td>
<td>ct_config.CT_Config_AddObjectLists@353d0772</td></tr>
</table><p>
</body>
</html>